#
# There is insufficient memory for the Java Runtime Environment to continue.
# Native memory allocation (malloc) failed to allocate 1682048 bytes. Error detail: Chunk::new
# Possible reasons:
#   The system is out of physical RAM or swap space
#   This process is running with CompressedOops enabled, and the Java Heap may be blocking the growth of the native heap
# Possible solutions:
#   Reduce memory load on the system
#   Increase physical memory or swap space
#   Check if swap backing store is full
#   Decrease Java heap size (-Xmx/-Xms)
#   Decrease number of Java threads
#   Decrease Java thread stack sizes (-Xss)
#   Set larger code cache with -XX:ReservedCodeCacheSize=
#   JVM is running with Unscaled Compressed Oops mode in which the Java heap is
#     placed in the first 4GB address space. The Java Heap base address is the
#     maximum limit for the native heap growth. Please use -XX:HeapBaseMinAddress
#     to set the Java Heap base and to place the Java Heap above 4GB virtual address.
# This output file may be truncated or incomplete.
#
#  Out of Memory Error (arena.cpp:168), pid=18428, tid=13468
#
# JRE version: OpenJDK Runtime Environment Temurin-21.0.9+10 (21.0.9+10) (build 21.0.9+10-LTS)
# Java VM: OpenJDK 64-Bit Server VM Temurin-21.0.9+10 (21.0.9+10-LTS, mixed mode, sharing, tiered, compressed oops, compressed class ptrs, parallel gc, windows-amd64)
# No core dump will be written. Minidumps are not enabled by default on client versions of Windows
#

---------------  S U M M A R Y ------------

Command Line: --add-modules=ALL-SYSTEM --add-opens=java.base/java.util=ALL-UNNAMED --add-opens=java.base/java.lang=ALL-UNNAMED --add-opens=java.base/sun.nio.fs=ALL-UNNAMED -Declipse.application=org.eclipse.jdt.ls.core.id1 -Dosgi.bundles.defaultStartLevel=4 -Declipse.product=org.eclipse.jdt.ls.core.product -Djava.import.generatesMetadataFilesAtProjectRoot=false -DDetectVMInstallationsJob.disabled=true -Dfile.encoding=utf8 -XX:+UseParallelGC -XX:GCTimeRatio=4 -XX:AdaptiveSizePolicyWeight=90 -Dsun.zip.disableMemoryMapping=true -Xmx2G -Xms100m -Xlog:disable -javaagent:c:\Users\Istiaque\.vscode\extensions\redhat.java-1.50.0-win32-x64\lombok\lombok-1.18.39-4050.jar -XX:+HeapDumpOnOutOfMemoryError -XX:HeapDumpPath=c:\Users\Istiaque\AppData\Roaming\Code\User\workspaceStorage\45f10d8c7106ae169f19e5a6df158cab\redhat.java -Daether.dependencyCollector.impl=bf c:\Users\Istiaque\.vscode\extensions\redhat.java-1.50.0-win32-x64\server\plugins\org.eclipse.equinox.launcher_1.7.100.v20251111-0406.jar -configuration c:\Users\Istiaque\AppData\Roaming\Code\User\globalStorage\redhat.java\1.50.0\config_win -data c:\Users\Istiaque\AppData\Roaming\Code\User\workspaceStorage\45f10d8c7106ae169f19e5a6df158cab\redhat.java\jdt_ws --pipe=\\.\pipe\lsp-08f8ffc2f49bd22f6754d975aadb29bd-sock

Host: 12th Gen Intel(R) Core(TM) i5-1235U, 12 cores, 7G,  Windows 11 , 64 bit Build 26100 (10.0.26100.7019)
Time: Mon Dec  1 11:05:51 2025 Bangladesh Standard Time elapsed time: 7.751243 seconds (0d 0h 0m 7s)

---------------  T H R E A D  ---------------

Current thread (0x000001e9f968c200):  JavaThread "C2 CompilerThread0" daemon [_thread_in_native, id=13468, stack(0x0000008d18800000,0x0000008d18900000) (1024K)]


Current CompileTask:
C2:7751 5132   !   4       org.eclipse.osgi.internal.loader.BundleLoader::findClass0 (490 bytes)

Stack: [0x0000008d18800000,0x0000008d18900000]
Native frames: (J=compiled Java code, j=interpreted, Vv=VM code, C=native code)
V  [jvm.dll+0x6d6e29]
V  [jvm.dll+0x8b4b76]
V  [jvm.dll+0x8b712e]
V  [jvm.dll+0x8b7813]
V  [jvm.dll+0x283d86]
V  [jvm.dll+0xc66ed]
V  [jvm.dll+0xc6c31]
V  [jvm.dll+0x3be53b]
V  [jvm.dll+0x1e3d59]
V  [jvm.dll+0x24c0f3]
V  [jvm.dll+0x24b580]
V  [jvm.dll+0x1cb13e]
V  [jvm.dll+0x25b29d]
V  [jvm.dll+0x25982a]
V  [jvm.dll+0x3f7ea6]
V  [jvm.dll+0x85e9ad]
V  [jvm.dll+0x6d565d]
C  [ucrtbase.dll+0x37b0]
C  [KERNEL32.DLL+0x2e8d7]
C  [ntdll.dll+0x8c53c]


---------------  P R O C E S S  ---------------

Threads class SMR info:
_java_thread_list=0x000001e982345940, length=49, elements={
0x000001e99fcecfc0, 0x000001e99fc9d100, 0x000001e9f9651830, 0x000001e9f9655190,
0x000001e9f9655de0, 0x000001e9f965ea80, 0x000001e9f9664340, 0x000001e9f968c200,
0x000001e9f968df00, 0x000001e9f98bedf0, 0x000001e9f99bf320, 0x000001e9fe225250,
0x000001e9fe7dd500, 0x000001e9fe68eeb0, 0x000001e9fe68f510, 0x000001e9feb430c0,
0x000001e9fed3d360, 0x000001e9feea2ad0, 0x000001e9ff13d840, 0x000001e9ff13ded0,
0x000001e9ff13b770, 0x000001e980793470, 0x000001e9ff13c490, 0x000001e9ff103f30,
0x000001e9ff13cb20, 0x000001e9ff13d1b0, 0x000001e9ff13e560, 0x000001e9ff13b0e0,
0x000001e9ff13be00, 0x000001e9fec6bce0, 0x000001e9fec68ef0, 0x000001e9fec69580,
0x000001e9fec68860, 0x000001e9fec6b650, 0x000001e9fec6afc0, 0x000001e9fec6a930,
0x000001e9fec6a2a0, 0x000001e9fec6c370, 0x000001e9fec69c10, 0x000001e9fec6d720,
0x000001e9fec6ead0, 0x000001e9fec6f160, 0x000001e9fec6f7f0, 0x000001e9fec6e440,
0x000001e9fec6fe80, 0x000001e9fec6ca00, 0x000001e9fec6d090, 0x000001e9fec6ddb0,
0x000001e981f5b7b0
}

Java Threads: ( => current thread )
  0x000001e99fcecfc0 JavaThread "main"                              [_thread_blocked, id=15212, stack(0x0000008d17e00000,0x0000008d17f00000) (1024K)]
  0x000001e99fc9d100 JavaThread "Reference Handler"          daemon [_thread_blocked, id=4844, stack(0x0000008d18200000,0x0000008d18300000) (1024K)]
  0x000001e9f9651830 JavaThread "Finalizer"                  daemon [_thread_blocked, id=7736, stack(0x0000008d18300000,0x0000008d18400000) (1024K)]
  0x000001e9f9655190 JavaThread "Signal Dispatcher"          daemon [_thread_blocked, id=13196, stack(0x0000008d18400000,0x0000008d18500000) (1024K)]
  0x000001e9f9655de0 JavaThread "Attach Listener"            daemon [_thread_blocked, id=4860, stack(0x0000008d18500000,0x0000008d18600000) (1024K)]
  0x000001e9f965ea80 JavaThread "Service Thread"             daemon [_thread_blocked, id=6820, stack(0x0000008d18600000,0x0000008d18700000) (1024K)]
  0x000001e9f9664340 JavaThread "Monitor Deflation Thread"   daemon [_thread_blocked, id=12352, stack(0x0000008d18700000,0x0000008d18800000) (1024K)]
=>0x000001e9f968c200 JavaThread "C2 CompilerThread0"         daemon [_thread_in_native, id=13468, stack(0x0000008d18800000,0x0000008d18900000) (1024K)]
  0x000001e9f968df00 JavaThread "C1 CompilerThread0"         daemon [_thread_blocked, id=9320, stack(0x0000008d18900000,0x0000008d18a00000) (1024K)]
  0x000001e9f98bedf0 JavaThread "Common-Cleaner"             daemon [_thread_blocked, id=16988, stack(0x0000008d18a00000,0x0000008d18b00000) (1024K)]
  0x000001e9f99bf320 JavaThread "Notification Thread"        daemon [_thread_blocked, id=18172, stack(0x0000008d18c00000,0x0000008d18d00000) (1024K)]
  0x000001e9fe225250 JavaThread "Active Thread: Equinox Container: 7b623451-296f-4436-9dcb-a2b6689b9a8e"        [_thread_blocked, id=12556, stack(0x0000008d18d00000,0x0000008d18e00000) (1024K)]
  0x000001e9fe7dd500 JavaThread "Refresh Thread: Equinox Container: 7b623451-296f-4436-9dcb-a2b6689b9a8e" daemon [_thread_blocked, id=4396, stack(0x0000008d19400000,0x0000008d19500000) (1024K)]
  0x000001e9fe68eeb0 JavaThread "Framework Event Dispatcher: Equinox Container: 7b623451-296f-4436-9dcb-a2b6689b9a8e" daemon [_thread_blocked, id=8632, stack(0x0000008d19600000,0x0000008d19700000) (1024K)]
  0x000001e9fe68f510 JavaThread "Start Level: Equinox Container: 7b623451-296f-4436-9dcb-a2b6689b9a8e" daemon [_thread_blocked, id=4600, stack(0x0000008d19700000,0x0000008d19800000) (1024K)]
  0x000001e9feb430c0 JavaThread "Bundle File Closer"         daemon [_thread_blocked, id=15544, stack(0x0000008d19a00000,0x0000008d19b00000) (1024K)]
  0x000001e9fed3d360 JavaThread "SCR Component Actor"        daemon [_thread_blocked, id=5108, stack(0x0000008d19b00000,0x0000008d19c00000) (1024K)]
  0x000001e9feea2ad0 JavaThread "Worker-JM"                         [_thread_blocked, id=2376, stack(0x0000008d19c00000,0x0000008d19d00000) (1024K)]
  0x000001e9ff13d840 JavaThread "JNA Cleaner"                daemon [_thread_blocked, id=18180, stack(0x0000008d18b00000,0x0000008d18c00000) (1024K)]
  0x000001e9ff13ded0 JavaThread "Worker-0"                          [_thread_blocked, id=15664, stack(0x0000008d19d00000,0x0000008d19e00000) (1024K)]
  0x000001e9ff13b770 JavaThread "Worker-1: Repository registry initialization"        [_thread_blocked, id=8936, stack(0x0000008d19e00000,0x0000008d19f00000) (1024K)]
  0x000001e980793470 JavaThread "C2 CompilerThread1"         daemon [_thread_blocked, id=15136, stack(0x0000008d19f00000,0x0000008d1a000000) (1024K)]
  0x000001e9ff13c490 JavaThread "Java indexing"              daemon [_thread_blocked, id=16484, stack(0x0000008d1a000000,0x0000008d1a100000) (1024K)]
  0x000001e9ff103f30 JavaThread "C2 CompilerThread2"         daemon [_thread_in_native, id=7272, stack(0x0000008d1a100000,0x0000008d1a200000) (1024K)]
  0x000001e9ff13cb20 JavaThread "Worker-2"                          [_thread_blocked, id=5876, stack(0x0000008d1a500000,0x0000008d1a600000) (1024K)]
  0x000001e9ff13d1b0 JavaThread "Worker-3"                          [_thread_blocked, id=16472, stack(0x0000008d1a600000,0x0000008d1a700000) (1024K)]
  0x000001e9ff13e560 JavaThread "Thread-1"                   daemon [_thread_in_native, id=15904, stack(0x0000008d1a700000,0x0000008d1a800000) (1024K)]
  0x000001e9ff13b0e0 JavaThread "Thread-2"                   daemon [_thread_in_native, id=17732, stack(0x0000008d1a800000,0x0000008d1a900000) (1024K)]
  0x000001e9ff13be00 JavaThread "Thread-3"                   daemon [_thread_in_native, id=16128, stack(0x0000008d1a900000,0x0000008d1aa00000) (1024K)]
  0x000001e9fec6bce0 JavaThread "Thread-4"                   daemon [_thread_in_native, id=16468, stack(0x0000008d1aa00000,0x0000008d1ab00000) (1024K)]
  0x000001e9fec68ef0 JavaThread "Thread-5"                   daemon [_thread_in_native, id=4340, stack(0x0000008d1ab00000,0x0000008d1ac00000) (1024K)]
  0x000001e9fec69580 JavaThread "Thread-6"                   daemon [_thread_in_native, id=14032, stack(0x0000008d1ac00000,0x0000008d1ad00000) (1024K)]
  0x000001e9fec68860 JavaThread "Thread-7"                   daemon [_thread_in_native, id=17428, stack(0x0000008d1ad00000,0x0000008d1ae00000) (1024K)]
  0x000001e9fec6b650 JavaThread "Thread-8"                   daemon [_thread_in_native, id=15412, stack(0x0000008d1ae00000,0x0000008d1af00000) (1024K)]
  0x000001e9fec6afc0 JavaThread "Thread-9"                   daemon [_thread_in_native, id=15848, stack(0x0000008d1af00000,0x0000008d1b000000) (1024K)]
  0x000001e9fec6a930 JavaThread "Thread-10"                  daemon [_thread_in_native, id=17252, stack(0x0000008d1b000000,0x0000008d1b100000) (1024K)]
  0x000001e9fec6a2a0 JavaThread "Thread-11"                  daemon [_thread_in_native, id=17524, stack(0x0000008d1b100000,0x0000008d1b200000) (1024K)]
  0x000001e9fec6c370 JavaThread "Thread-12"                  daemon [_thread_in_native, id=17260, stack(0x0000008d1b200000,0x0000008d1b300000) (1024K)]
  0x000001e9fec69c10 JavaThread "Thread-13"                  daemon [_thread_in_native, id=12440, stack(0x0000008d1b300000,0x0000008d1b400000) (1024K)]
  0x000001e9fec6d720 JavaThread "pool-2-thread-1"                   [_thread_blocked, id=17264, stack(0x0000008d1b400000,0x0000008d1b500000) (1024K)]
  0x000001e9fec6ead0 JavaThread "ForkJoinPool.commonPool-worker-1" daemon [_thread_blocked, id=12996, stack(0x0000008d1b500000,0x0000008d1b600000) (1024K)]
  0x000001e9fec6f160 JavaThread "ForkJoinPool.commonPool-worker-2" daemon [_thread_blocked, id=13680, stack(0x0000008d1b600000,0x0000008d1b700000) (1024K)]
  0x000001e9fec6f7f0 JavaThread "ForkJoinPool.commonPool-worker-3" daemon [_thread_blocked, id=4460, stack(0x0000008d1b700000,0x0000008d1b800000) (1024K)]
  0x000001e9fec6e440 JavaThread "ForkJoinPool.commonPool-worker-4" daemon [_thread_blocked, id=15988, stack(0x0000008d1b800000,0x0000008d1b900000) (1024K)]
  0x000001e9fec6fe80 JavaThread "ForkJoinPool.commonPool-worker-5" daemon [_thread_blocked, id=4640, stack(0x0000008d1b900000,0x0000008d1ba00000) (1024K)]
  0x000001e9fec6ca00 JavaThread "ForkJoinPool.commonPool-worker-6" daemon [_thread_blocked, id=2896, stack(0x0000008d1ba00000,0x0000008d1bb00000) (1024K)]
  0x000001e9fec6d090 JavaThread "ForkJoinPool.commonPool-worker-7" daemon [_thread_blocked, id=5372, stack(0x0000008d1bb00000,0x0000008d1bc00000) (1024K)]
  0x000001e9fec6ddb0 JavaThread "WorkspaceEventsHandler"            [_thread_blocked, id=11740, stack(0x0000008d1bc00000,0x0000008d1bd00000) (1024K)]
  0x000001e981f5b7b0 JavaThread "pool-1-thread-1"                   [_thread_blocked, id=13104, stack(0x0000008d1bd00000,0x0000008d1be00000) (1024K)]
Total: 49

Other Threads:
  0x000001e99fc83540 VMThread "VM Thread"                           [id=14708, stack(0x0000008d18100000,0x0000008d18200000) (1024K)] _threads_hazard_ptr=0x000001e982345940
  0x000001e99fb7ca00 WatcherThread "VM Periodic Task Thread"        [id=8412, stack(0x0000008d18000000,0x0000008d18100000) (1024K)]
  0x000001e99fd0c8a0 WorkerThread "GC Thread#0"                     [id=4956, stack(0x0000008d17f00000,0x0000008d18000000) (1024K)]
  0x000001e9fe8a8450 WorkerThread "GC Thread#1"                     [id=16044, stack(0x0000008d18e00000,0x0000008d18f00000) (1024K)]
  0x000001e9fe2029b0 WorkerThread "GC Thread#2"                     [id=17300, stack(0x0000008d18f00000,0x0000008d19000000) (1024K)]
  0x000001e9fe202d50 WorkerThread "GC Thread#3"                     [id=18356, stack(0x0000008d19000000,0x0000008d19100000) (1024K)]
  0x000001e9fe49eb10 WorkerThread "GC Thread#4"                     [id=8776, stack(0x0000008d19100000,0x0000008d19200000) (1024K)]
  0x000001e9fe49f250 WorkerThread "GC Thread#5"                     [id=15736, stack(0x0000008d19200000,0x0000008d19300000) (1024K)]
  0x000001e9fe49e3d0 WorkerThread "GC Thread#6"                     [id=3968, stack(0x0000008d19300000,0x0000008d19400000) (1024K)]
  0x000001e9fe49dc90 WorkerThread "GC Thread#7"                     [id=16116, stack(0x0000008d19500000,0x0000008d19600000) (1024K)]
  0x000001e9fe49e770 WorkerThread "GC Thread#8"                     [id=8728, stack(0x0000008d19800000,0x0000008d19900000) (1024K)]
  0x000001e9fe49eeb0 WorkerThread "GC Thread#9"                     [id=17476, stack(0x0000008d19900000,0x0000008d19a00000) (1024K)]
Total: 12

Threads with active compile tasks:
C2 CompilerThread0  8787 5132   !   4       org.eclipse.osgi.internal.loader.BundleLoader::findClass0 (490 bytes)
C1 CompilerThread0  8787 5373       3       com.google.inject.internal.aop.ImmutableStringTrie::buildSubTrie (336 bytes)
C2 CompilerThread1  8787 5374       4       java.lang.invoke.MethodType::makeImpl (109 bytes)
C2 CompilerThread2  8787 4979   !   4       org.eclipse.osgi.internal.loader.BundleLoader::findRequiredSource (283 bytes)
Total: 4

VM state: synchronizing (normal execution)

VM Mutex/Monitor currently owned by a thread:  ([mutex/lock_event])
[0x00007fffe06ad570] Threads_lock - owner thread: 0x000001e99fc83540

Heap address: 0x0000000080000000, size: 2048 MB, Compressed Oops mode: 32-bit

CDS archive(s) mapped at: [0x000001e9b7000000-0x000001e9b7ba0000-0x000001e9b7ba0000), size 12189696, SharedBaseAddress: 0x000001e9b7000000, ArchiveRelocationMode: 1.
Compressed class space mapped at: 0x000001e9b8000000-0x000001e9f8000000, reserved size: 1073741824
Narrow klass base: 0x000001e9b7000000, Narrow klass shift: 0, Narrow klass range: 0x100000000

GC Precious Log:
 CardTable entry size: 512
 CPUs: 12 total, 12 available
 Memory: 7863M
 Large Page Support: Disabled
 NUMA Support: Disabled
 Compressed Oops: Enabled (32-bit)
 Alignments: Space 512K, Generation 512K, Heap 2M
 Heap Min Capacity: 100M
 Heap Initial Capacity: 100M
 Heap Max Capacity: 2G
 Pre-touch: Disabled
 Parallel Workers: 10

Heap:
 PSYoungGen      total 23040K, used 5231K [0x00000000d5580000, 0x00000000d6f00000, 0x0000000100000000)
  eden space 22016K, 19% used [0x00000000d5580000,0x00000000d599bf70,0x00000000d6b00000)
  from space 1024K, 100% used [0x00000000d6d00000,0x00000000d6e00000,0x00000000d6e00000)
  to   space 1024K, 0% used [0x00000000d6e00000,0x00000000d6e00000,0x00000000d6f00000)
 ParOldGen       total 68608K, used 21723K [0x0000000080000000, 0x0000000084300000, 0x00000000d5580000)
  object space 68608K, 31% used [0x0000000080000000,0x0000000081536da0,0x0000000084300000)
 Metaspace       used 43342K, committed 44544K, reserved 1114112K
  class space    used 4764K, committed 5312K, reserved 1048576K

Card table byte_map: [0x000001e99f690000,0x000001e99faa0000] _byte_map_base: 0x000001e99f290000

Marking Bits: (ParMarkBitMap*) 0x00007fffe06b2460
 Begin Bits: [0x000001e9b21a0000, 0x000001e9b41a0000)
 End Bits:   [0x000001e9b41a0000, 0x000001e9b61a0000)

Polling page: 0x000001e99dd70000

Metaspace:

Usage:
  Non-class:     37.67 MB used.
      Class:      4.65 MB used.
       Both:     42.33 MB used.

Virtual space:
  Non-class space:       64.00 MB reserved,      38.31 MB ( 60%) committed,  1 nodes.
      Class space:        1.00 GB reserved,       5.19 MB ( <1%) committed,  1 nodes.
             Both:        1.06 GB reserved,      43.50 MB (  4%) committed. 

Chunk freelists:
   Non-Class:  9.09 MB
       Class:  10.81 MB
        Both:  19.91 MB

MaxMetaspaceSize: unlimited
CompressedClassSpaceSize: 1.00 GB
Initial GC threshold: 21.00 MB
Current GC threshold: 58.38 MB
CDS: on
 - commit_granule_bytes: 65536.
 - commit_granule_words: 8192.
 - virtual_space_node_default_size: 8388608.
 - enlarge_chunks_in_place: 1.
 - use_allocation_guard: 0.


Internal statistics:

num_allocs_failed_limit: 6.
num_arena_births: 952.
num_arena_deaths: 14.
num_vsnodes_births: 2.
num_vsnodes_deaths: 0.
num_space_committed: 696.
num_space_uncommitted: 0.
num_chunks_returned_to_freelist: 20.
num_chunks_taken_from_freelist: 2932.
num_chunk_merges: 12.
num_chunk_splits: 1814.
num_chunks_enlarged: 1021.
num_inconsistent_stats: 0.

CodeHeap 'non-profiled nmethods': size=120000Kb used=2300Kb max_used=2300Kb free=117700Kb
 bounds [0x000001e9aa9c0000, 0x000001e9aac30000, 0x000001e9b1ef0000]
CodeHeap 'profiled nmethods': size=120000Kb used=9595Kb max_used=9595Kb free=110404Kb
 bounds [0x000001e9a2ef0000, 0x000001e9a3860000, 0x000001e9aa420000]
CodeHeap 'non-nmethods': size=5760Kb used=1366Kb max_used=1430Kb free=4393Kb
 bounds [0x000001e9aa420000, 0x000001e9aa690000, 0x000001e9aa9c0000]
CodeCache: size=245760Kb, used=13261Kb, max_used=13325Kb, free=232497Kb
 total_blobs=5472, nmethods=4813, adapters=565, full_count=0
Compilation: enabled, stopped_count=0, restarted_count=0

Compilation events (20 events):
Event: 6.737 Thread 0x000001e980793470 nmethod 5333 0x000001e9aabfc810 code [0x000001e9aabfc9e0, 0x000001e9aabfcdb0]
Event: 6.737 Thread 0x000001e980793470 5330       4       com.google.inject.internal.aop.ImmutableStringTrie::nextPivotRow (49 bytes)
Event: 6.738 Thread 0x000001e9f968df00 5362       3       org.eclipse.sisu.bean.LifecycleBuilder::isCandidateMethod (52 bytes)
Event: 6.738 Thread 0x000001e9f968df00 nmethod 5362 0x000001e9a3841910 code [0x000001e9a3841b20, 0x000001e9a3842290]
Event: 6.740 Thread 0x000001e9f968df00 5363       3       com.google.inject.internal.aop.ClassBuilding::signature (57 bytes)
Event: 6.741 Thread 0x000001e9f968df00 nmethod 5363 0x000001e9a3842490 code [0x000001e9a38426c0, 0x000001e9a3842d28]
Event: 6.742 Thread 0x000001e9f968df00 5365       3       org.objectweb.asm.Label::put (83 bytes)
Event: 6.742 Thread 0x000001e9f968df00 nmethod 5365 0x000001e9a3843090 code [0x000001e9a38432c0, 0x000001e9a38436f0]
Event: 6.743 Thread 0x000001e9f968df00 5364       3       java.util.TreeMap$KeyIterator::next (8 bytes)
Event: 6.743 Thread 0x000001e9f968df00 nmethod 5364 0x000001e9a3843890 code [0x000001e9a3843a40, 0x000001e9a3843b80]
Event: 6.744 Thread 0x000001e9f968df00 5366       3       org.objectweb.asm.Label::addForwardReference (102 bytes)
Event: 6.744 Thread 0x000001e980793470 nmethod 5330 0x000001e9aabfd110 code [0x000001e9aabfd2c0, 0x000001e9aabfd500]
Event: 6.744 Thread 0x000001e9f968df00 nmethod 5366 0x000001e9a3843c90 code [0x000001e9a3843e60, 0x000001e9a38442c0]
Event: 6.744 Thread 0x000001e9f968df00 5367       3       org.objectweb.asm.MethodWriter::visitFrame (811 bytes)
Event: 6.745 Thread 0x000001e980793470 5359       4       java.util.AbstractCollection::<init> (5 bytes)
Event: 6.746 Thread 0x000001e980793470 nmethod 5359 0x000001e9aabfd790 code [0x000001e9aabfd920, 0x000001e9aabfd9a8]
Event: 6.746 Thread 0x000001e980793470 5258       4       jdk.internal.util.Preconditions::checkFromToIndex (24 bytes)
Event: 6.747 Thread 0x000001e980793470 nmethod 5258 0x000001e9aabfda90 code [0x000001e9aabfdc20, 0x000001e9aabfdd08]
Event: 6.748 Thread 0x000001e980793470 5234       4       com.google.common.collect.ImmutableList::of (4 bytes)
Event: 7.747 Thread 0x000001e9f968df00 nmethod 5367 0x000001e9a3844490 code [0x000001e9a38449e0, 0x000001e9a3846dc0]

GC Heap History (20 events):
Event: 4.565 GC heap before
{Heap before GC invocations=10 (full 1):
 PSYoungGen      total 25088K, used 24704K [0x00000000d5580000, 0x00000000d7400000, 0x0000000100000000)
  eden space 24064K, 100% used [0x00000000d5580000,0x00000000d6d00000,0x00000000d6d00000)
  from space 1024K, 62% used [0x00000000d7300000,0x00000000d73a0388,0x00000000d7400000)
  to   space 2560K, 0% used [0x00000000d6f00000,0x00000000d6f00000,0x00000000d7180000)
 ParOldGen       total 68608K, used 12854K [0x0000000080000000, 0x0000000084300000, 0x00000000d5580000)
  object space 68608K, 18% used [0x0000000080000000,0x0000000080c8d838,0x0000000084300000)
 Metaspace       used 26449K, committed 27456K, reserved 1114112K
  class space    used 2661K, committed 3072K, reserved 1048576K
}
Event: 4.567 GC heap after
{Heap after GC invocations=10 (full 1):
 PSYoungGen      total 26112K, used 2545K [0x00000000d5580000, 0x00000000d7380000, 0x0000000100000000)
  eden space 23552K, 0% used [0x00000000d5580000,0x00000000d5580000,0x00000000d6c80000)
  from space 2560K, 99% used [0x00000000d6f00000,0x00000000d717c590,0x00000000d7180000)
  to   space 2048K, 0% used [0x00000000d7180000,0x00000000d7180000,0x00000000d7380000)
 ParOldGen       total 68608K, used 12886K [0x0000000080000000, 0x0000000084300000, 0x00000000d5580000)
  object space 68608K, 18% used [0x0000000080000000,0x0000000080c95838,0x0000000084300000)
 Metaspace       used 26449K, committed 27456K, reserved 1114112K
  class space    used 2661K, committed 3072K, reserved 1048576K
}
Event: 4.815 GC heap before
{Heap before GC invocations=11 (full 1):
 PSYoungGen      total 26112K, used 26097K [0x00000000d5580000, 0x00000000d7380000, 0x0000000100000000)
  eden space 23552K, 100% used [0x00000000d5580000,0x00000000d6c80000,0x00000000d6c80000)
  from space 2560K, 99% used [0x00000000d6f00000,0x00000000d717c590,0x00000000d7180000)
  to   space 2048K, 0% used [0x00000000d7180000,0x00000000d7180000,0x00000000d7380000)
 ParOldGen       total 68608K, used 12886K [0x0000000080000000, 0x0000000084300000, 0x00000000d5580000)
  object space 68608K, 18% used [0x0000000080000000,0x0000000080c95838,0x0000000084300000)
 Metaspace       used 28370K, committed 29376K, reserved 1114112K
  class space    used 2820K, committed 3264K, reserved 1048576K
}
Event: 4.817 GC heap after
{Heap after GC invocations=11 (full 1):
 PSYoungGen      total 25088K, used 2032K [0x00000000d5580000, 0x00000000d7400000, 0x0000000100000000)
  eden space 23040K, 0% used [0x00000000d5580000,0x00000000d5580000,0x00000000d6c00000)
  from space 2048K, 99% used [0x00000000d7180000,0x00000000d737c110,0x00000000d7380000)
  to   space 4096K, 0% used [0x00000000d6c00000,0x00000000d6c00000,0x00000000d7000000)
 ParOldGen       total 68608K, used 14401K [0x0000000080000000, 0x0000000084300000, 0x00000000d5580000)
  object space 68608K, 20% used [0x0000000080000000,0x0000000080e10698,0x0000000084300000)
 Metaspace       used 28370K, committed 29376K, reserved 1114112K
  class space    used 2820K, committed 3264K, reserved 1048576K
}
Event: 5.158 GC heap before
{Heap before GC invocations=12 (full 1):
 PSYoungGen      total 25088K, used 25072K [0x00000000d5580000, 0x00000000d7400000, 0x0000000100000000)
  eden space 23040K, 100% used [0x00000000d5580000,0x00000000d6c00000,0x00000000d6c00000)
  from space 2048K, 99% used [0x00000000d7180000,0x00000000d737c110,0x00000000d7380000)
  to   space 4096K, 0% used [0x00000000d6c00000,0x00000000d6c00000,0x00000000d7000000)
 ParOldGen       total 68608K, used 14401K [0x0000000080000000, 0x0000000084300000, 0x00000000d5580000)
  object space 68608K, 20% used [0x0000000080000000,0x0000000080e10698,0x0000000084300000)
 Metaspace       used 31635K, committed 32768K, reserved 1114112K
  class space    used 3202K, committed 3712K, reserved 1048576K
}
Event: 5.161 GC heap after
{Heap after GC invocations=12 (full 1):
 PSYoungGen      total 24576K, used 1830K [0x00000000d5580000, 0x00000000d7200000, 0x0000000100000000)
  eden space 22528K, 0% used [0x00000000d5580000,0x00000000d5580000,0x00000000d6b80000)
  from space 2048K, 89% used [0x00000000d6c00000,0x00000000d6dc9bb8,0x00000000d6e00000)
  to   space 2560K, 0% used [0x00000000d6f80000,0x00000000d6f80000,0x00000000d7200000)
 ParOldGen       total 68608K, used 16391K [0x0000000080000000, 0x0000000084300000, 0x00000000d5580000)
  object space 68608K, 23% used [0x0000000080000000,0x0000000081001cc0,0x0000000084300000)
 Metaspace       used 31635K, committed 32768K, reserved 1114112K
  class space    used 3202K, committed 3712K, reserved 1048576K
}
Event: 5.401 GC heap before
{Heap before GC invocations=13 (full 1):
 PSYoungGen      total 24576K, used 24358K [0x00000000d5580000, 0x00000000d7200000, 0x0000000100000000)
  eden space 22528K, 100% used [0x00000000d5580000,0x00000000d6b80000,0x00000000d6b80000)
  from space 2048K, 89% used [0x00000000d6c00000,0x00000000d6dc9bb8,0x00000000d6e00000)
  to   space 2560K, 0% used [0x00000000d6f80000,0x00000000d6f80000,0x00000000d7200000)
 ParOldGen       total 68608K, used 16391K [0x0000000080000000, 0x0000000084300000, 0x00000000d5580000)
  object space 68608K, 23% used [0x0000000080000000,0x0000000081001cc0,0x0000000084300000)
 Metaspace       used 34228K, committed 35392K, reserved 1114112K
  class space    used 3544K, committed 4032K, reserved 1048576K
}
Event: 5.404 GC heap after
{Heap after GC invocations=13 (full 1):
 PSYoungGen      total 24576K, used 2176K [0x00000000d5580000, 0x00000000d7200000, 0x0000000100000000)
  eden space 22016K, 0% used [0x00000000d5580000,0x00000000d5580000,0x00000000d6b00000)
  from space 2560K, 85% used [0x00000000d6f80000,0x00000000d71a0000,0x00000000d7200000)
  to   space 2560K, 0% used [0x00000000d6d00000,0x00000000d6d00000,0x00000000d6f80000)
 ParOldGen       total 68608K, used 17705K [0x0000000080000000, 0x0000000084300000, 0x00000000d5580000)
  object space 68608K, 25% used [0x0000000080000000,0x000000008114a5c0,0x0000000084300000)
 Metaspace       used 34228K, committed 35392K, reserved 1114112K
  class space    used 3544K, committed 4032K, reserved 1048576K
}
Event: 5.424 GC heap before
{Heap before GC invocations=14 (full 1):
 PSYoungGen      total 24576K, used 5727K [0x00000000d5580000, 0x00000000d7200000, 0x0000000100000000)
  eden space 22016K, 16% used [0x00000000d5580000,0x00000000d58f7fb8,0x00000000d6b00000)
  from space 2560K, 85% used [0x00000000d6f80000,0x00000000d71a0000,0x00000000d7200000)
  to   space 2560K, 0% used [0x00000000d6d00000,0x00000000d6d00000,0x00000000d6f80000)
 ParOldGen       total 68608K, used 17705K [0x0000000080000000, 0x0000000084300000, 0x00000000d5580000)
  object space 68608K, 25% used [0x0000000080000000,0x000000008114a5c0,0x0000000084300000)
 Metaspace       used 34721K, committed 35840K, reserved 1114112K
  class space    used 3597K, committed 4096K, reserved 1048576K
}
Event: 5.426 GC heap after
{Heap after GC invocations=14 (full 1):
 PSYoungGen      total 22528K, used 320K [0x00000000d5580000, 0x00000000d7000000, 0x0000000100000000)
  eden space 22016K, 0% used [0x00000000d5580000,0x00000000d5580000,0x00000000d6b00000)
  from space 512K, 62% used [0x00000000d6d00000,0x00000000d6d50000,0x00000000d6d80000)
  to   space 1024K, 0% used [0x00000000d6f00000,0x00000000d6f00000,0x00000000d7000000)
 ParOldGen       total 68608K, used 19680K [0x0000000080000000, 0x0000000084300000, 0x00000000d5580000)
  object space 68608K, 28% used [0x0000000080000000,0x0000000081338040,0x0000000084300000)
 Metaspace       used 34721K, committed 35840K, reserved 1114112K
  class space    used 3597K, committed 4096K, reserved 1048576K
}
Event: 5.426 GC heap before
{Heap before GC invocations=15 (full 2):
 PSYoungGen      total 22528K, used 320K [0x00000000d5580000, 0x00000000d7000000, 0x0000000100000000)
  eden space 22016K, 0% used [0x00000000d5580000,0x00000000d5580000,0x00000000d6b00000)
  from space 512K, 62% used [0x00000000d6d00000,0x00000000d6d50000,0x00000000d6d80000)
  to   space 1024K, 0% used [0x00000000d6f00000,0x00000000d6f00000,0x00000000d7000000)
 ParOldGen       total 68608K, used 19680K [0x0000000080000000, 0x0000000084300000, 0x00000000d5580000)
  object space 68608K, 28% used [0x0000000080000000,0x0000000081338040,0x0000000084300000)
 Metaspace       used 34721K, committed 35840K, reserved 1114112K
  class space    used 3597K, committed 4096K, reserved 1048576K
}
Event: 5.452 GC heap after
{Heap after GC invocations=15 (full 2):
 PSYoungGen      total 22528K, used 0K [0x00000000d5580000, 0x00000000d7000000, 0x0000000100000000)
  eden space 22016K, 0% used [0x00000000d5580000,0x00000000d5580000,0x00000000d6b00000)
  from space 512K, 0% used [0x00000000d6d00000,0x00000000d6d00000,0x00000000d6d80000)
  to   space 1024K, 0% used [0x00000000d6f00000,0x00000000d6f00000,0x00000000d7000000)
 ParOldGen       total 68608K, used 18820K [0x0000000080000000, 0x0000000084300000, 0x00000000d5580000)
  object space 68608K, 27% used [0x0000000080000000,0x00000000812612b0,0x0000000084300000)
 Metaspace       used 34721K, committed 35840K, reserved 1114112K
  class space    used 3597K, committed 4096K, reserved 1048576K
}
Event: 5.695 GC heap before
{Heap before GC invocations=16 (full 2):
 PSYoungGen      total 22528K, used 22016K [0x00000000d5580000, 0x00000000d7000000, 0x0000000100000000)
  eden space 22016K, 100% used [0x00000000d5580000,0x00000000d6b00000,0x00000000d6b00000)
  from space 512K, 0% used [0x00000000d6d00000,0x00000000d6d00000,0x00000000d6d80000)
  to   space 1024K, 0% used [0x00000000d6f00000,0x00000000d6f00000,0x00000000d7000000)
 ParOldGen       total 68608K, used 18820K [0x0000000080000000, 0x0000000084300000, 0x00000000d5580000)
  object space 68608K, 27% used [0x0000000080000000,0x00000000812612b0,0x0000000084300000)
 Metaspace       used 36954K, committed 38144K, reserved 1114112K
  class space    used 3905K, committed 4480K, reserved 1048576K
}
Event: 5.697 GC heap after
{Heap after GC invocations=16 (full 2):
 PSYoungGen      total 23040K, used 1024K [0x00000000d5580000, 0x00000000d7000000, 0x0000000100000000)
  eden space 22016K, 0% used [0x00000000d5580000,0x00000000d5580000,0x00000000d6b00000)
  from space 1024K, 100% used [0x00000000d6f00000,0x00000000d7000000,0x00000000d7000000)
  to   space 2048K, 0% used [0x00000000d6c00000,0x00000000d6c00000,0x00000000d6e00000)
 ParOldGen       total 68608K, used 19148K [0x0000000080000000, 0x0000000084300000, 0x00000000d5580000)
  object space 68608K, 27% used [0x0000000080000000,0x00000000812b32c0,0x0000000084300000)
 Metaspace       used 36954K, committed 38144K, reserved 1114112K
  class space    used 3905K, committed 4480K, reserved 1048576K
}
Event: 5.976 GC heap before
{Heap before GC invocations=17 (full 2):
 PSYoungGen      total 23040K, used 23040K [0x00000000d5580000, 0x00000000d7000000, 0x0000000100000000)
  eden space 22016K, 100% used [0x00000000d5580000,0x00000000d6b00000,0x00000000d6b00000)
  from space 1024K, 100% used [0x00000000d6f00000,0x00000000d7000000,0x00000000d7000000)
  to   space 2048K, 0% used [0x00000000d6c00000,0x00000000d6c00000,0x00000000d6e00000)
 ParOldGen       total 68608K, used 19148K [0x0000000080000000, 0x0000000084300000, 0x00000000d5580000)
  object space 68608K, 27% used [0x0000000080000000,0x00000000812b32c0,0x0000000084300000)
 Metaspace       used 38496K, committed 39680K, reserved 1114112K
  class space    used 4125K, committed 4672K, reserved 1048576K
}
Event: 5.978 GC heap after
{Heap after GC invocations=17 (full 2):
 PSYoungGen      total 24064K, used 1088K [0x00000000d5580000, 0x00000000d6f80000, 0x0000000100000000)
  eden space 22016K, 0% used [0x00000000d5580000,0x00000000d5580000,0x00000000d6b00000)
  from space 2048K, 53% used [0x00000000d6c00000,0x00000000d6d10000,0x00000000d6e00000)
  to   space 1536K, 0% used [0x00000000d6e00000,0x00000000d6e00000,0x00000000d6f80000)
 ParOldGen       total 68608K, used 20095K [0x0000000080000000, 0x0000000084300000, 0x00000000d5580000)
  object space 68608K, 29% used [0x0000000080000000,0x000000008139fd80,0x0000000084300000)
 Metaspace       used 38496K, committed 39680K, reserved 1114112K
  class space    used 4125K, committed 4672K, reserved 1048576K
}
Event: 6.243 GC heap before
{Heap before GC invocations=18 (full 2):
 PSYoungGen      total 24064K, used 23104K [0x00000000d5580000, 0x00000000d6f80000, 0x0000000100000000)
  eden space 22016K, 100% used [0x00000000d5580000,0x00000000d6b00000,0x00000000d6b00000)
  from space 2048K, 53% used [0x00000000d6c00000,0x00000000d6d10000,0x00000000d6e00000)
  to   space 1536K, 0% used [0x00000000d6e00000,0x00000000d6e00000,0x00000000d6f80000)
 ParOldGen       total 68608K, used 20095K [0x0000000080000000, 0x0000000084300000, 0x00000000d5580000)
  object space 68608K, 29% used [0x0000000080000000,0x000000008139fd80,0x0000000084300000)
 Metaspace       used 40556K, committed 41792K, reserved 1114112K
  class space    used 4383K, committed 4928K, reserved 1048576K
}
Event: 6.246 GC heap after
{Heap after GC invocations=18 (full 2):
 PSYoungGen      total 23040K, used 704K [0x00000000d5580000, 0x00000000d6f00000, 0x0000000100000000)
  eden space 22016K, 0% used [0x00000000d5580000,0x00000000d5580000,0x00000000d6b00000)
  from space 1024K, 68% used [0x00000000d6e00000,0x00000000d6eb0000,0x00000000d6f00000)
  to   space 1024K, 0% used [0x00000000d6d00000,0x00000000d6d00000,0x00000000d6e00000)
 ParOldGen       total 68608K, used 20935K [0x0000000080000000, 0x0000000084300000, 0x00000000d5580000)
  object space 68608K, 30% used [0x0000000080000000,0x0000000081471d90,0x0000000084300000)
 Metaspace       used 40556K, committed 41792K, reserved 1114112K
  class space    used 4383K, committed 4928K, reserved 1048576K
}
Event: 6.628 GC heap before
{Heap before GC invocations=19 (full 2):
 PSYoungGen      total 23040K, used 22720K [0x00000000d5580000, 0x00000000d6f00000, 0x0000000100000000)
  eden space 22016K, 100% used [0x00000000d5580000,0x00000000d6b00000,0x00000000d6b00000)
  from space 1024K, 68% used [0x00000000d6e00000,0x00000000d6eb0000,0x00000000d6f00000)
  to   space 1024K, 0% used [0x00000000d6d00000,0x00000000d6d00000,0x00000000d6e00000)
 ParOldGen       total 68608K, used 20935K [0x0000000080000000, 0x0000000084300000, 0x00000000d5580000)
  object space 68608K, 30% used [0x0000000080000000,0x0000000081471d90,0x0000000084300000)
 Metaspace       used 42927K, committed 44160K, reserved 1114112K
  class space    used 4695K, committed 5248K, reserved 1048576K
}
Event: 6.630 GC heap after
{Heap after GC invocations=19 (full 2):
 PSYoungGen      total 23040K, used 1024K [0x00000000d5580000, 0x00000000d6f00000, 0x0000000100000000)
  eden space 22016K, 0% used [0x00000000d5580000,0x00000000d5580000,0x00000000d6b00000)
  from space 1024K, 100% used [0x00000000d6d00000,0x00000000d6e00000,0x00000000d6e00000)
  to   space 1024K, 0% used [0x00000000d6e00000,0x00000000d6e00000,0x00000000d6f00000)
 ParOldGen       total 68608K, used 21723K [0x0000000080000000, 0x0000000084300000, 0x00000000d5580000)
  object space 68608K, 31% used [0x0000000080000000,0x0000000081536da0,0x0000000084300000)
 Metaspace       used 42927K, committed 44160K, reserved 1114112K
  class space    used 4695K, committed 5248K, reserved 1048576K
}

Dll operation events (10 events):
Event: 0.011 Loaded shared library c:\Users\Istiaque\.vscode\extensions\redhat.java-1.50.0-win32-x64\jre\21.0.9-win32-x86_64\bin\java.dll
Event: 1.129 Loaded shared library c:\Users\Istiaque\.vscode\extensions\redhat.java-1.50.0-win32-x64\jre\21.0.9-win32-x86_64\bin\zip.dll
Event: 1.156 Loaded shared library C:\Users\Istiaque\.vscode\extensions\redhat.java-1.50.0-win32-x64\jre\21.0.9-win32-x86_64\bin\instrument.dll
Event: 1.160 Loaded shared library C:\Users\Istiaque\.vscode\extensions\redhat.java-1.50.0-win32-x64\jre\21.0.9-win32-x86_64\bin\net.dll
Event: 1.162 Loaded shared library C:\Users\Istiaque\.vscode\extensions\redhat.java-1.50.0-win32-x64\jre\21.0.9-win32-x86_64\bin\nio.dll
Event: 1.164 Loaded shared library C:\Users\Istiaque\.vscode\extensions\redhat.java-1.50.0-win32-x64\jre\21.0.9-win32-x86_64\bin\zip.dll
Event: 1.180 Loaded shared library C:\Users\Istiaque\.vscode\extensions\redhat.java-1.50.0-win32-x64\jre\21.0.9-win32-x86_64\bin\jimage.dll
Event: 1.225 Loaded shared library c:\Users\Istiaque\.vscode\extensions\redhat.java-1.50.0-win32-x64\jre\21.0.9-win32-x86_64\bin\verify.dll
Event: 2.345 Loaded shared library C:\Users\Istiaque\AppData\Roaming\Code\User\globalStorage\redhat.java\1.50.0\config_win\org.eclipse.equinox.launcher\org.eclipse.equinox.launcher.win32.win32.x86_64_1.2.1400.v20250801-0854\eclipse_11916.dll
Event: 3.472 Loaded shared library C:\Users\Istiaque\AppData\Local\Temp\jna-780797055\jna8366403586409435754.dll

Deoptimization events (20 events):
Event: 6.348 Thread 0x000001e9ff13b770 Uncommon trap: trap_request=0xffffffd6 fr.pc=0x000001e9aaad7ae8 relative=0x00000000000000c8
Event: 6.348 Thread 0x000001e9ff13b770 Uncommon trap: reason=array_check action=maybe_recompile pc=0x000001e9aaad7ae8 method=java.util.stream.Nodes$FixedNodeBuilder.accept(Ljava/lang/Object;)V @ 28 c2
Event: 6.348 Thread 0x000001e9ff13b770 DEOPT PACKING pc=0x000001e9aaad7ae8 sp=0x0000008d19efe110
Event: 6.348 Thread 0x000001e9ff13b770 DEOPT UNPACKING pc=0x000001e9aa473aa2 sp=0x0000008d19efe090 mode 2
Event: 6.537 Thread 0x000001e9ff13b770 Uncommon trap: trap_request=0xfffffff4 fr.pc=0x000001e9aabeb518 relative=0x0000000000000358
Event: 6.537 Thread 0x000001e9ff13b770 Uncommon trap: reason=null_check action=make_not_entrant pc=0x000001e9aabeb518 method=sun.invoke.util.VerifyType.isNullConversion(Ljava/lang/Class;Ljava/lang/Class;Z)Z @ 67 c2
Event: 6.537 Thread 0x000001e9ff13b770 DEOPT PACKING pc=0x000001e9aabeb518 sp=0x0000008d19efca00
Event: 6.537 Thread 0x000001e9ff13b770 DEOPT UNPACKING pc=0x000001e9aa473aa2 sp=0x0000008d19efc980 mode 2
Event: 6.541 Thread 0x000001e9ff13b770 Uncommon trap: trap_request=0xffffff45 fr.pc=0x000001e9aaaea304 relative=0x00000000000002a4
Event: 6.541 Thread 0x000001e9ff13b770 Uncommon trap: reason=unstable_if action=reinterpret pc=0x000001e9aaaea304 method=java.lang.ClassLoader.checkName(Ljava/lang/String;)Z @ 1 c2
Event: 6.541 Thread 0x000001e9ff13b770 DEOPT PACKING pc=0x000001e9aaaea304 sp=0x0000008d19efdce0
Event: 6.541 Thread 0x000001e9ff13b770 DEOPT UNPACKING pc=0x000001e9aa473aa2 sp=0x0000008d19efdc78 mode 2
Event: 6.541 Thread 0x000001e9ff13b770 Uncommon trap: trap_request=0xffffff45 fr.pc=0x000001e9aaa6a7c8 relative=0x0000000000000f88
Event: 6.541 Thread 0x000001e9ff13b770 Uncommon trap: reason=unstable_if action=reinterpret pc=0x000001e9aaa6a7c8 method=lombok.patcher.ScriptManager$OurClassFileTransformer.transform(Ljava/lang/ClassLoader;Ljava/lang/String;Ljava/lang/Class;Ljava/security/ProtectionDomain;[B)[B @ 1 c2
Event: 6.541 Thread 0x000001e9ff13b770 DEOPT PACKING pc=0x000001e9aaa6a7c8 sp=0x0000008d19efc960
Event: 6.541 Thread 0x000001e9ff13b770 DEOPT UNPACKING pc=0x000001e9aa473aa2 sp=0x0000008d19efc8e0 mode 2
Event: 6.575 Thread 0x000001e9ff13b770 DEOPT PACKING pc=0x000001e9a37d8d3c sp=0x0000008d19efc4e0
Event: 6.575 Thread 0x000001e9ff13b770 DEOPT UNPACKING pc=0x000001e9aa474242 sp=0x0000008d19efba00 mode 0
Event: 6.676 Thread 0x000001e9ff13b770 DEOPT PACKING pc=0x000001e9a37d8d3c sp=0x0000008d19efba40
Event: 6.676 Thread 0x000001e9ff13b770 DEOPT UNPACKING pc=0x000001e9aa474242 sp=0x0000008d19efaf60 mode 0

Classes loaded (20 events):
Event: 5.829 Loading class java/lang/foreign/MemorySegment
Event: 5.830 Loading class java/lang/foreign/MemorySegment done
Event: 6.136 Loading class sun/reflect/annotation/AnnotatedTypeFactory$AnnotatedParameterizedTypeImpl
Event: 6.136 Loading class java/lang/reflect/AnnotatedParameterizedType
Event: 6.136 Loading class java/lang/reflect/AnnotatedParameterizedType done
Event: 6.136 Loading class sun/reflect/annotation/AnnotatedTypeFactory$AnnotatedParameterizedTypeImpl done
Event: 6.191 Loading class sun/reflect/generics/scope/ConstructorScope
Event: 6.191 Loading class sun/reflect/generics/scope/ConstructorScope done
Event: 6.191 Loading class sun/reflect/generics/tree/VoidDescriptor
Event: 6.191 Loading class sun/reflect/generics/tree/VoidDescriptor done
Event: 6.341 Loading class java/util/concurrent/CompletionService
Event: 6.341 Loading class java/util/concurrent/CompletionService done
Event: 6.372 Loading class java/nio/channels/ServerSocketChannel
Event: 6.373 Loading class java/nio/channels/ServerSocketChannel done
Event: 6.514 Loading class java/lang/ExceptionInInitializerError
Event: 6.514 Loading class java/lang/ExceptionInInitializerError done
Event: 6.515 Loading class sun/misc/Unsafe
Event: 6.516 Loading class sun/misc/Unsafe done
Event: 6.539 Loading class jdk/internal/org/objectweb/asm/ClassReader
Event: 6.540 Loading class jdk/internal/org/objectweb/asm/ClassReader done

Classes unloaded (7 events):
Event: 4.158 Thread 0x000001e99fc83540 Unloading class 0x000001e9b81acc00 'java/lang/invoke/LambdaForm$MH+0x000001e9b81acc00'
Event: 4.158 Thread 0x000001e99fc83540 Unloading class 0x000001e9b81ac800 'java/lang/invoke/LambdaForm$MH+0x000001e9b81ac800'
Event: 4.158 Thread 0x000001e99fc83540 Unloading class 0x000001e9b81ac400 'java/lang/invoke/LambdaForm$MH+0x000001e9b81ac400'
Event: 4.158 Thread 0x000001e99fc83540 Unloading class 0x000001e9b81ac000 'java/lang/invoke/LambdaForm$MH+0x000001e9b81ac000'
Event: 4.158 Thread 0x000001e99fc83540 Unloading class 0x000001e9b81abc00 'java/lang/invoke/LambdaForm$BMH+0x000001e9b81abc00'
Event: 4.158 Thread 0x000001e99fc83540 Unloading class 0x000001e9b81ab800 'java/lang/invoke/LambdaForm$DMH+0x000001e9b81ab800'
Event: 4.158 Thread 0x000001e99fc83540 Unloading class 0x000001e9b81aa400 'java/lang/invoke/LambdaForm$DMH+0x000001e9b81aa400'

Classes redefined (0 events):
No events

Internal exceptions (20 events):
Event: 5.475 Thread 0x000001e9ff13ded0 Exception <a 'java/lang/NoSuchMethodError'{0x00000000d585f450}: 'java.lang.Object java.lang.invoke.DirectMethodHandle$Holder.newInvokeSpecial(java.lang.Object, java.lang.Object, java.lang.Object, int)'> (0x00000000d585f450) 
thrown [s\src\hotspot\share\interpreter\linkResolver.cpp, line 773]
Event: 5.476 Thread 0x000001e9ff13ded0 Exception <a 'java/lang/NoSuchMethodError'{0x00000000d58630c8}: 'java.lang.Object java.lang.invoke.DirectMethodHandle$Holder.invokeSpecial(java.lang.Object, java.lang.Object, java.lang.Object, java.lang.Object, int)'> (0x00000000d58630c8) 
thrown [s\src\hotspot\share\interpreter\linkResolver.cpp, line 773]
Event: 5.477 Thread 0x000001e9ff13ded0 Exception <a 'java/lang/NoSuchMethodError'{0x00000000d589ed20}: 'java.lang.Object java.lang.invoke.Invokers$Holder.linkToTargetMethod(java.lang.Object, java.lang.Object, int, java.lang.Object)'> (0x00000000d589ed20) 
thrown [s\src\hotspot\share\interpreter\linkResolver.cpp, line 773]
Event: 5.479 Thread 0x000001e9ff13ded0 Exception <a 'java/lang/NoSuchMethodError'{0x00000000d58aac90}: 'void java.lang.invoke.DirectMethodHandle$Holder.invokeStaticInit(java.lang.Object, java.lang.Object, java.lang.Object)'> (0x00000000d58aac90) 
thrown [s\src\hotspot\share\interpreter\linkResolver.cpp, line 773]
Event: 5.513 Thread 0x000001e99fcecfc0 Exception <a 'java/lang/NoSuchMethodError'{0x00000000d5c612c0}: 'void java.lang.invoke.DirectMethodHandle$Holder.invokeSpecial(java.lang.Object, java.lang.Object, java.lang.Object, java.lang.Object, java.lang.Object, java.lang.Object)'> (0x00000000d5c612c0) 
thrown [s\src\hotspot\share\interpreter\linkResolver.cpp, line 773]
Event: 5.515 Thread 0x000001e99fcecfc0 Exception <a 'java/lang/IncompatibleClassChangeError'{0x00000000d5c85ae0}: Found class java.lang.Object, but interface was expected> (0x00000000d5c85ae0) 
thrown [s\src\hotspot\share\interpreter\linkResolver.cpp, line 840]
Event: 5.515 Thread 0x000001e99fcecfc0 Exception <a 'java/lang/IncompatibleClassChangeError'{0x00000000d5c879a0}: Found class java.lang.Object, but interface was expected> (0x00000000d5c879a0) 
thrown [s\src\hotspot\share\interpreter\linkResolver.cpp, line 840]
Event: 5.517 Thread 0x000001e9ff13ded0 Exception <a 'java/io/FileNotFoundException'{0x00000000d5b793b8}> (0x00000000d5b793b8) 
thrown [s\src\hotspot\share\prims\jni.cpp, line 520]
Event: 5.518 Thread 0x000001e9ff13ded0 Exception <a 'java/io/FileNotFoundException'{0x00000000d5b7a118}> (0x00000000d5b7a118) 
thrown [s\src\hotspot\share\prims\jni.cpp, line 520]
Event: 5.774 Thread 0x000001e9ff13b770 Exception <a 'java/lang/NoClassDefFoundError'{0x00000000d5b16d20}: javax/enterprise/inject/Typed> (0x00000000d5b16d20) 
thrown [s\src\hotspot\share\classfile\systemDictionary.cpp, line 301]
Event: 5.775 Thread 0x000001e981f5b7b0 Exception <a 'java/io/FileNotFoundException'{0x00000000d5b34a28}> (0x00000000d5b34a28) 
thrown [s\src\hotspot\share\prims\jni.cpp, line 520]
Event: 5.808 Thread 0x000001e981f5b7b0 Exception <a 'java/lang/NoSuchMethodError'{0x00000000d5e56708}: 'java.lang.Object java.lang.invoke.DirectMethodHandle$Holder.invokeStatic(java.lang.Object, int, java.lang.Object, java.lang.Object)'> (0x00000000d5e56708) 
thrown [s\src\hotspot\share\interpreter\linkResolver.cpp, line 773]
Event: 5.809 Thread 0x000001e981f5b7b0 Exception <a 'java/lang/NoSuchMethodError'{0x00000000d5e76120}: 'java.lang.Object java.lang.invoke.DelegatingMethodHandle$Holder.delegate(java.lang.Object, int, java.lang.Object, java.lang.Object)'> (0x00000000d5e76120) 
thrown [s\src\hotspot\share\interpreter\linkResolver.cpp, line 773]
Event: 5.810 Thread 0x000001e981f5b7b0 Implicit null exception at 0x000001e9aab4eaf6 to 0x000001e9aab4ee18
Event: 5.811 Thread 0x000001e981f5b7b0 Exception <a 'java/lang/NoSuchMethodError'{0x00000000d5ea58b8}: 'int java.lang.invoke.Invokers$Holder.linkToTargetMethod(java.lang.Object, java.lang.Object, java.lang.Object)'> (0x00000000d5ea58b8) 
thrown [s\src\hotspot\share\interpreter\linkResolver.cpp, line 773]
Event: 6.517 Thread 0x000001e9ff13b770 Exception <a 'java/lang/ExceptionInInitializerError'{0x00000000d6622a48}> (0x00000000d6622a48) 
thrown [s\src\hotspot\share\oops\instanceKlass.cpp, line 1220]
Event: 6.537 Thread 0x000001e9ff13b770 Implicit null exception at 0x000001e9aabeb283 to 0x000001e9aabeb504
Event: 6.541 Thread 0x000001e9ff13b770 Implicit null exception at 0x000001e9aaaea07e to 0x000001e9aaaea2f0
Event: 6.541 Thread 0x000001e9ff13b770 Implicit null exception at 0x000001e9aaa6989c to 0x000001e9aaa6a7b8
Event: 6.543 Thread 0x000001e9ff13b770 Exception <a 'java/lang/NoSuchMethodError'{0x00000000d66db898}: 'java.lang.Object java.lang.invoke.Invokers$Holder.invokeExact_MT(java.lang.Object, int, java.lang.Object)'> (0x00000000d66db898) 
thrown [s\src\hotspot\share\interpreter\linkResolver.cpp, line 773]

ZGC Phase Switch (0 events):
No events

VM Operations (20 events):
Event: 5.452 Executing VM operation: CollectForMetadataAllocation (Metadata GC Threshold) done
Event: 5.678 Executing VM operation: ParallelGCFailedAllocation (Allocation Failure)
Event: 5.697 Executing VM operation: ParallelGCFailedAllocation (Allocation Failure) done
Event: 5.763 Executing VM operation: HandshakeAllThreads (Deoptimize)
Event: 5.763 Executing VM operation: HandshakeAllThreads (Deoptimize) done
Event: 5.765 Executing VM operation: HandshakeAllThreads (Deoptimize)
Event: 5.765 Executing VM operation: HandshakeAllThreads (Deoptimize) done
Event: 5.976 Executing VM operation: ParallelGCFailedAllocation (Allocation Failure)
Event: 5.978 Executing VM operation: ParallelGCFailedAllocation (Allocation Failure) done
Event: 6.167 Executing VM operation: HandshakeAllThreads (Deoptimize)
Event: 6.167 Executing VM operation: HandshakeAllThreads (Deoptimize) done
Event: 6.179 Executing VM operation: HandshakeAllThreads (Deoptimize)
Event: 6.179 Executing VM operation: HandshakeAllThreads (Deoptimize) done
Event: 6.243 Executing VM operation: ParallelGCFailedAllocation (Allocation Failure)
Event: 6.246 Executing VM operation: ParallelGCFailedAllocation (Allocation Failure) done
Event: 6.588 Executing VM operation: HandshakeAllThreads (Deoptimize)
Event: 6.588 Executing VM operation: HandshakeAllThreads (Deoptimize) done
Event: 6.628 Executing VM operation: ParallelGCFailedAllocation (Allocation Failure)
Event: 6.630 Executing VM operation: ParallelGCFailedAllocation (Allocation Failure) done
Event: 7.634 Executing VM operation: Cleanup

Memory protections (0 events):
No events

Nmethod flushes (20 events):
Event: 5.439 Thread 0x000001e99fc83540 flushing  nmethod 0x000001e9a34ac110
Event: 5.439 Thread 0x000001e99fc83540 flushing  nmethod 0x000001e9a34aca10
Event: 5.439 Thread 0x000001e99fc83540 flushing  nmethod 0x000001e9a34adc10
Event: 5.439 Thread 0x000001e99fc83540 flushing  nmethod 0x000001e9a34ae410
Event: 5.439 Thread 0x000001e99fc83540 flushing  nmethod 0x000001e9a34aeb90
Event: 5.439 Thread 0x000001e99fc83540 flushing  nmethod 0x000001e9a34b1210
Event: 5.439 Thread 0x000001e99fc83540 flushing  nmethod 0x000001e9a34b1710
Event: 5.439 Thread 0x000001e99fc83540 flushing  nmethod 0x000001e9a34b1b10
Event: 5.439 Thread 0x000001e99fc83540 flushing  nmethod 0x000001e9a34b2b90
Event: 5.439 Thread 0x000001e99fc83540 flushing  nmethod 0x000001e9a34b4290
Event: 5.439 Thread 0x000001e99fc83540 flushing  nmethod 0x000001e9a34b6810
Event: 5.439 Thread 0x000001e99fc83540 flushing  nmethod 0x000001e9a34cf690
Event: 5.439 Thread 0x000001e99fc83540 flushing  nmethod 0x000001e9a34ec210
Event: 5.439 Thread 0x000001e99fc83540 flushing  nmethod 0x000001e9a34ecc90
Event: 5.439 Thread 0x000001e99fc83540 flushing  nmethod 0x000001e9a34fcb90
Event: 5.439 Thread 0x000001e99fc83540 flushing  nmethod 0x000001e9a358aa90
Event: 5.439 Thread 0x000001e99fc83540 flushing  nmethod 0x000001e9a358af10
Event: 5.439 Thread 0x000001e99fc83540 flushing  nmethod 0x000001e9a358be90
Event: 5.439 Thread 0x000001e99fc83540 flushing  nmethod 0x000001e9a358e090
Event: 5.439 Thread 0x000001e99fc83540 flushing  nmethod 0x000001e9a358f190

Events (20 events):
Event: 5.175 Thread 0x000001e99fcecfc0 Thread added: 0x000001e9fec6bce0
Event: 5.176 Thread 0x000001e99fcecfc0 Thread added: 0x000001e9fec68ef0
Event: 5.176 Thread 0x000001e99fcecfc0 Thread added: 0x000001e9fec69580
Event: 5.176 Thread 0x000001e99fcecfc0 Thread added: 0x000001e9fec68860
Event: 5.176 Thread 0x000001e99fcecfc0 Thread added: 0x000001e9fec6b650
Event: 5.176 Thread 0x000001e99fcecfc0 Thread added: 0x000001e9fec6afc0
Event: 5.177 Thread 0x000001e99fcecfc0 Thread added: 0x000001e9fec6a930
Event: 5.177 Thread 0x000001e99fcecfc0 Thread added: 0x000001e9fec6a2a0
Event: 5.177 Thread 0x000001e99fcecfc0 Thread added: 0x000001e9fec6c370
Event: 5.177 Thread 0x000001e99fcecfc0 Thread added: 0x000001e9fec69c10
Event: 5.199 Thread 0x000001e99fcecfc0 Thread added: 0x000001e9fec6d720
Event: 5.521 Thread 0x000001e9ff13ded0 Thread added: 0x000001e9fec6ead0
Event: 5.522 Thread 0x000001e9fec6ead0 Thread added: 0x000001e9fec6f160
Event: 5.522 Thread 0x000001e9fec6f160 Thread added: 0x000001e9fec6f7f0
Event: 5.523 Thread 0x000001e9fec6f7f0 Thread added: 0x000001e9fec6e440
Event: 5.523 Thread 0x000001e9fec6e440 Thread added: 0x000001e9fec6fe80
Event: 5.525 Thread 0x000001e9fec6fe80 Thread added: 0x000001e9fec6ca00
Event: 5.526 Thread 0x000001e9fec6ca00 Thread added: 0x000001e9fec6d090
Event: 5.546 Thread 0x000001e99fcecfc0 Thread added: 0x000001e9fec6ddb0
Event: 5.547 Thread 0x000001e99fcecfc0 Thread added: 0x000001e981f5b7b0


Dynamic libraries:
0x00007ff64b530000 - 0x00007ff64b53e000 	c:\Users\Istiaque\.vscode\extensions\redhat.java-1.50.0-win32-x64\jre\21.0.9-win32-x86_64\bin\java.exe
0x00007ff86a360000 - 0x00007ff86a5c8000 	C:\WINDOWS\SYSTEM32\ntdll.dll
0x00007ff868c50000 - 0x00007ff868d19000 	C:\WINDOWS\System32\KERNEL32.DLL
0x00007ff867b80000 - 0x00007ff867f78000 	C:\WINDOWS\System32\KERNELBASE.dll
0x00007ff867720000 - 0x00007ff86786b000 	C:\WINDOWS\System32\ucrtbase.dll
0x00007ff84a680000 - 0x00007ff84a69e000 	c:\Users\Istiaque\.vscode\extensions\redhat.java-1.50.0-win32-x64\jre\21.0.9-win32-x86_64\bin\VCRUNTIME140.dll
0x00007ff84a750000 - 0x00007ff84a768000 	c:\Users\Istiaque\.vscode\extensions\redhat.java-1.50.0-win32-x64\jre\21.0.9-win32-x86_64\bin\jli.dll
0x00007ff868390000 - 0x00007ff868557000 	C:\WINDOWS\System32\USER32.dll
0x00007ff840260000 - 0x00007ff8404f4000 	C:\WINDOWS\WinSxS\amd64_microsoft.windows.common-controls_6595b64144ccf1df_6.0.26100.7019_none_3e06ffa0e335b8a8\COMCTL32.dll
0x00007ff867a90000 - 0x00007ff867ab7000 	C:\WINDOWS\System32\win32u.dll
0x00007ff868ba0000 - 0x00007ff868c49000 	C:\WINDOWS\System32\msvcrt.dll
0x00007ff868100000 - 0x00007ff86812b000 	C:\WINDOWS\System32\GDI32.dll
0x00007ff867540000 - 0x00007ff86766c000 	C:\WINDOWS\System32\gdi32full.dll
0x00007ff867870000 - 0x00007ff867913000 	C:\WINDOWS\System32\msvcp_win.dll
0x00007ff86a2b0000 - 0x00007ff86a2e1000 	C:\WINDOWS\System32\IMM32.DLL
0x00007ff85f7f0000 - 0x00007ff85f7fc000 	c:\Users\Istiaque\.vscode\extensions\redhat.java-1.50.0-win32-x64\jre\21.0.9-win32-x86_64\bin\vcruntime140_1.dll
0x00007ff8424d0000 - 0x00007ff84255d000 	c:\Users\Istiaque\.vscode\extensions\redhat.java-1.50.0-win32-x64\jre\21.0.9-win32-x86_64\bin\msvcp140.dll
0x00007fffdf9f0000 - 0x00007fffe0790000 	c:\Users\Istiaque\.vscode\extensions\redhat.java-1.50.0-win32-x64\jre\21.0.9-win32-x86_64\bin\server\jvm.dll
0x00007ff8688e0000 - 0x00007ff868994000 	C:\WINDOWS\System32\ADVAPI32.dll
0x00007ff868d20000 - 0x00007ff868dc6000 	C:\WINDOWS\System32\sechost.dll
0x00007ff868580000 - 0x00007ff868698000 	C:\WINDOWS\System32\RPCRT4.dll
0x00007ff868310000 - 0x00007ff868384000 	C:\WINDOWS\System32\WS2_32.dll
0x00007ff867310000 - 0x00007ff86736e000 	C:\WINDOWS\SYSTEM32\POWRPROF.dll
0x00007ff852e30000 - 0x00007ff852e3b000 	C:\WINDOWS\SYSTEM32\VERSION.dll
0x00007ff85c1b0000 - 0x00007ff85c1e5000 	C:\WINDOWS\SYSTEM32\WINMM.dll
0x00007ff8672f0000 - 0x00007ff867304000 	C:\WINDOWS\SYSTEM32\UMPDC.dll
0x00007ff866230000 - 0x00007ff86624b000 	C:\WINDOWS\SYSTEM32\kernel.appcore.dll
0x00007ff853540000 - 0x00007ff85354a000 	c:\Users\Istiaque\.vscode\extensions\redhat.java-1.50.0-win32-x64\jre\21.0.9-win32-x86_64\bin\jimage.dll
0x00007ff864bc0000 - 0x00007ff864e02000 	C:\WINDOWS\SYSTEM32\DBGHELP.DLL
0x00007ff869ea0000 - 0x00007ff86a22b000 	C:\WINDOWS\System32\combase.dll
0x00007ff869b90000 - 0x00007ff869c67000 	C:\WINDOWS\System32\OLEAUT32.dll
0x00007ff841de0000 - 0x00007ff841e1c000 	C:\WINDOWS\SYSTEM32\dbgcore.DLL
0x00007ff867670000 - 0x00007ff867715000 	C:\WINDOWS\System32\bcryptPrimitives.dll
0x00007ff84a7e0000 - 0x00007ff84a7ef000 	c:\Users\Istiaque\.vscode\extensions\redhat.java-1.50.0-win32-x64\jre\21.0.9-win32-x86_64\bin\instrument.dll
0x00007ff845b50000 - 0x00007ff845b70000 	c:\Users\Istiaque\.vscode\extensions\redhat.java-1.50.0-win32-x64\jre\21.0.9-win32-x86_64\bin\java.dll
0x00007ff869430000 - 0x00007ff869b7f000 	C:\WINDOWS\System32\SHELL32.dll
0x00007ff867920000 - 0x00007ff867a8b000 	C:\WINDOWS\System32\wintypes.dll
0x00007ff865090000 - 0x00007ff8658ed000 	C:\WINDOWS\SYSTEM32\windows.storage.dll
0x00007ff8686a0000 - 0x00007ff868792000 	C:\WINDOWS\System32\SHCORE.dll
0x00007ff8693c0000 - 0x00007ff869427000 	C:\WINDOWS\System32\shlwapi.dll
0x00007ff8673d0000 - 0x00007ff8673f9000 	C:\WINDOWS\SYSTEM32\profapi.dll
0x00007ff844300000 - 0x00007ff844318000 	c:\Users\Istiaque\.vscode\extensions\redhat.java-1.50.0-win32-x64\jre\21.0.9-win32-x86_64\bin\zip.dll
0x00007ff84a6f0000 - 0x00007ff84a700000 	C:\Users\Istiaque\.vscode\extensions\redhat.java-1.50.0-win32-x64\jre\21.0.9-win32-x86_64\bin\net.dll
0x00007ff85dc90000 - 0x00007ff85ddb8000 	C:\WINDOWS\SYSTEM32\WINHTTP.dll
0x00007ff866780000 - 0x00007ff8667eb000 	C:\WINDOWS\system32\mswsock.dll
0x00007ff844f00000 - 0x00007ff844f16000 	C:\Users\Istiaque\.vscode\extensions\redhat.java-1.50.0-win32-x64\jre\21.0.9-win32-x86_64\bin\nio.dll
0x00007ff844fe0000 - 0x00007ff844ff0000 	c:\Users\Istiaque\.vscode\extensions\redhat.java-1.50.0-win32-x64\jre\21.0.9-win32-x86_64\bin\verify.dll
0x00007ff842010000 - 0x00007ff842054000 	C:\Users\Istiaque\AppData\Roaming\Code\User\globalStorage\redhat.java\1.50.0\config_win\org.eclipse.equinox.launcher\org.eclipse.equinox.launcher.win32.win32.x86_64_1.2.1400.v20250801-0854\eclipse_11916.dll
0x00007ff868a00000 - 0x00007ff868b97000 	C:\WINDOWS\System32\ole32.dll
0x00007ff866b70000 - 0x00007ff866b8b000 	C:\WINDOWS\SYSTEM32\CRYPTSP.dll
0x00007ff866190000 - 0x00007ff8661ca000 	C:\WINDOWS\system32\rsaenh.dll
0x00007ff866830000 - 0x00007ff86685b000 	C:\WINDOWS\SYSTEM32\USERENV.dll
0x00007ff8673a0000 - 0x00007ff8673ca000 	C:\WINDOWS\SYSTEM32\bcrypt.dll
0x00007ff866b50000 - 0x00007ff866b5c000 	C:\WINDOWS\SYSTEM32\CRYPTBASE.dll
0x00007ff865d70000 - 0x00007ff865da4000 	C:\WINDOWS\SYSTEM32\IPHLPAPI.DLL
0x00007ff869de0000 - 0x00007ff869dea000 	C:\WINDOWS\System32\NSI.dll
0x00007ff8425f0000 - 0x00007ff842639000 	C:\Users\Istiaque\AppData\Local\Temp\jna-780797055\jna8366403586409435754.dll
0x00007ff869e80000 - 0x00007ff869e88000 	C:\WINDOWS\System32\PSAPI.DLL
0x00007ff85e0d0000 - 0x00007ff85e0ee000 	C:\WINDOWS\SYSTEM32\dhcpcsvc6.DLL
0x00007ff85e0a0000 - 0x00007ff85e0c3000 	C:\WINDOWS\SYSTEM32\dhcpcsvc.DLL

JVMTI agents:
c:\Users\Istiaque\.vscode\extensions\redhat.java-1.50.0-win32-x64\lombok\lombok-1.18.39-4050.jar path:c:\Users\Istiaque\.vscode\extensions\redhat.java-1.50.0-win32-x64\jre\21.0.9-win32-x86_64\bin\instrument.dll, loaded, initialized, instrumentlib options:none

dbghelp: loaded successfully - version: 4.0.5 - missing functions: none
symbol engine: initialized successfully - sym options: 0x614 - pdb path: .;c:\Users\Istiaque\.vscode\extensions\redhat.java-1.50.0-win32-x64\jre\21.0.9-win32-x86_64\bin;C:\WINDOWS\SYSTEM32;C:\WINDOWS\WinSxS\amd64_microsoft.windows.common-controls_6595b64144ccf1df_6.0.26100.7019_none_3e06ffa0e335b8a8;c:\Users\Istiaque\.vscode\extensions\redhat.java-1.50.0-win32-x64\jre\21.0.9-win32-x86_64\bin\server;C:\Users\Istiaque\AppData\Roaming\Code\User\globalStorage\redhat.java\1.50.0\config_win\org.eclipse.equinox.launcher\org.eclipse.equinox.launcher.win32.win32.x86_64_1.2.1400.v20250801-0854;C:\Users\Istiaque\AppData\Local\Temp\jna-780797055

VM Arguments:
jvm_args: --add-modules=ALL-SYSTEM --add-opens=java.base/java.util=ALL-UNNAMED --add-opens=java.base/java.lang=ALL-UNNAMED --add-opens=java.base/sun.nio.fs=ALL-UNNAMED -Declipse.application=org.eclipse.jdt.ls.core.id1 -Dosgi.bundles.defaultStartLevel=4 -Declipse.product=org.eclipse.jdt.ls.core.product -Djava.import.generatesMetadataFilesAtProjectRoot=false -DDetectVMInstallationsJob.disabled=true -Dfile.encoding=utf8 -XX:+UseParallelGC -XX:GCTimeRatio=4 -XX:AdaptiveSizePolicyWeight=90 -Dsun.zip.disableMemoryMapping=true -Xmx2G -Xms100m -Xlog:disable -javaagent:c:\Users\Istiaque\.vscode\extensions\redhat.java-1.50.0-win32-x64\lombok\lombok-1.18.39-4050.jar -XX:+HeapDumpOnOutOfMemoryError -XX:HeapDumpPath=c:\Users\Istiaque\AppData\Roaming\Code\User\workspaceStorage\45f10d8c7106ae169f19e5a6df158cab\redhat.java -Daether.dependencyCollector.impl=bf 
java_command: c:\Users\Istiaque\.vscode\extensions\redhat.java-1.50.0-win32-x64\server\plugins\org.eclipse.equinox.launcher_1.7.100.v20251111-0406.jar -configuration c:\Users\Istiaque\AppData\Roaming\Code\User\globalStorage\redhat.java\1.50.0\config_win -data c:\Users\Istiaque\AppData\Roaming\Code\User\workspaceStorage\45f10d8c7106ae169f19e5a6df158cab\redhat.java\jdt_ws --pipe=\\.\pipe\lsp-08f8ffc2f49bd22f6754d975aadb29bd-sock
java_class_path (initial): c:\Users\Istiaque\.vscode\extensions\redhat.java-1.50.0-win32-x64\server\plugins\org.eclipse.equinox.launcher_1.7.100.v20251111-0406.jar
Launcher Type: SUN_STANDARD

[Global flags]
    uintx AdaptiveSizePolicyWeight                 = 90                                        {product} {command line}
     intx CICompilerCount                          = 4                                         {product} {ergonomic}
    uintx GCTimeRatio                              = 4                                         {product} {command line}
     bool HeapDumpOnOutOfMemoryError               = true                                   {manageable} {command line}
    ccstr HeapDumpPath                             = c:\Users\Istiaque\AppData\Roaming\Code\User\workspaceStorage\45f10d8c7106ae169f19e5a6df158cab\redhat.java         {manageable} {command line}
   size_t InitialHeapSize                          = 104857600                                 {product} {command line}
   size_t MaxHeapSize                              = 2147483648                                {product} {command line}
   size_t MaxNewSize                               = 715653120                                 {product} {ergonomic}
   size_t MinHeapDeltaBytes                        = 524288                                    {product} {ergonomic}
   size_t MinHeapSize                              = 104857600                                 {product} {command line}
   size_t NewSize                                  = 34603008                                  {product} {ergonomic}
    uintx NonNMethodCodeHeapSize                   = 5839372                                {pd product} {ergonomic}
    uintx NonProfiledCodeHeapSize                  = 122909434                              {pd product} {ergonomic}
   size_t OldSize                                  = 70254592                                  {product} {ergonomic}
    uintx ProfiledCodeHeapSize                     = 122909434                              {pd product} {ergonomic}
    uintx ReservedCodeCacheSize                    = 251658240                              {pd product} {ergonomic}
     bool SegmentedCodeCache                       = true                                      {product} {ergonomic}
   size_t SoftMaxHeapSize                          = 2147483648                             {manageable} {ergonomic}
     bool UseCompressedOops                        = true                           {product lp64_product} {ergonomic}
     bool UseLargePagesIndividualAllocation        = false                                  {pd product} {ergonomic}
     bool UseParallelGC                            = true                                      {product} {command line}

Logging:
Log output configuration:
 #0: stdout all=off uptime,level,tags foldmultilines=false
 #1: stderr all=off uptime,level,tags foldmultilines=false

Release file:
JAVA_VERSION="21.0.9" 
MODULES="java.base java.compiler java.datatransfer java.xml java.prefs java.desktop java.instrument java.logging java.management java.security.sasl java.naming java.rmi java.management.rmi java.net.http java.scripting java.security.jgss java.transaction.xa java.sql java.sql.rowset java.xml.crypto java.se java.smartcardio jdk.accessibility jdk.internal.jvmstat jdk.attach jdk.charsets jdk.internal.opt jdk.zipfs jdk.compiler jdk.crypto.ec jdk.crypto.cryptoki jdk.crypto.mscapi jdk.dynalink jdk.internal.ed jdk.editpad jdk.hotspot.agent jdk.httpserver jdk.internal.le jdk.internal.vm.ci jdk.internal.vm.compiler jdk.internal.vm.compiler.management jdk.jartool jdk.javadoc jdk.jcmd jdk.management jdk.management.agent jdk.jconsole jdk.jdeps jdk.jdwp.agent jdk.jdi jdk.jfr jdk.jshell jdk.jsobject jdk.jstatd jdk.localedata jdk.management.jfr jdk.naming.dns jdk.naming.rmi jdk.net jdk.nio.mapmode jdk.random jdk.sctp jdk.security.auth jdk.security.jgss jdk.unsupported jdk.unsupported.desktop jdk.xml.dom" 

Environment Variables:
PATH=C:\Program Files\Common Files\Oracle\Java\javapath;C:\WINDOWS\system32;C:\WINDOWS;C:\WINDOWS\System32\Wbem;C:\WINDOWS\System32\WindowsPowerShell\v1.0\;C:\WINDOWS\System32\OpenSSH\;C:\Program Files\Git\cmd;C:\Program Files\Docker\Docker\resources\bin;%MAVEN_HOME%\bin;X:\Projects\apache-maven-3.9.11\bin;C:\Users\Istiaque\AppData\Local\Programs\Python\Python313\Scripts\;C:\Users\Istiaque\AppData\Local\Programs\Python\Python313\;C:\Users\Istiaque\AppData\Local\Programs\Python\Launcher\;C:\Users\Istiaque\AppData\Local\Microsoft\WindowsApps;C:\Users\Istiaque\AppData\Local\Programs\Microsoft VS Code\bin
USERNAME=Istiaque
OS=Windows_NT
PROCESSOR_IDENTIFIER=Intel64 Family 6 Model 154 Stepping 4, GenuineIntel
TMP=C:\Users\Istiaque\AppData\Local\Temp
TEMP=C:\Users\Istiaque\AppData\Local\Temp




Periodic native trim disabled

---------------  S Y S T E M  ---------------

OS:
 Windows 11 , 64 bit Build 26100 (10.0.26100.7019)
OS uptime: 0 days 2:49 hours
Hyper-V role detected

CPU: total 12 (initial active 12) (6 cores per cpu, 2 threads per core) family 6 model 154 stepping 4 microcode 0x42c, cx8, cmov, fxsr, ht, mmx, 3dnowpref, sse, sse2, sse3, ssse3, sse4.1, sse4.2, popcnt, lzcnt, tsc, tscinvbit, avx, avx2, aes, erms, clmul, bmi1, bmi2, adx, sha, fma, vzeroupper, clflush, clflushopt, clwb, hv, serialize, rdtscp, rdpid, fsrm, f16c, cet_ibt, cet_ss
Processor Information for processor 0
  Max Mhz: 1300, Current Mhz: 1300, Mhz Limit: 1300
Processor Information for processor 1
  Max Mhz: 1300, Current Mhz: 1300, Mhz Limit: 1300
Processor Information for processor 2
  Max Mhz: 1300, Current Mhz: 1300, Mhz Limit: 1300
Processor Information for processor 3
  Max Mhz: 1300, Current Mhz: 1300, Mhz Limit: 1300
Processor Information for processor 4
  Max Mhz: 1300, Current Mhz: 900, Mhz Limit: 897
Processor Information for processor 5
  Max Mhz: 1300, Current Mhz: 900, Mhz Limit: 897
Processor Information for processor 6
  Max Mhz: 1300, Current Mhz: 900, Mhz Limit: 897
Processor Information for processor 7
  Max Mhz: 1300, Current Mhz: 900, Mhz Limit: 897
Processor Information for processor 8
  Max Mhz: 1300, Current Mhz: 900, Mhz Limit: 897
Processor Information for processor 9
  Max Mhz: 1300, Current Mhz: 900, Mhz Limit: 897
Processor Information for processor 10
  Max Mhz: 1300, Current Mhz: 900, Mhz Limit: 897
Processor Information for processor 11
  Max Mhz: 1300, Current Mhz: 900, Mhz Limit: 897

Memory: 4k page, system-wide physical 7863M (1045M free)
TotalPageFile size 14391M (AvailPageFile size 3M)
current process WorkingSet (physical memory assigned to process): 219M, peak: 223M
current process commit charge ("private bytes"): 347M, peak: 352M

vm_info: OpenJDK 64-Bit Server VM (21.0.9+10-LTS) for windows-amd64 JRE (21.0.9+10-LTS), built on 2025-10-21T00:00:00Z by "admin" with unknown MS VC++:1942

END.
