#
# There is insufficient memory for the Java Runtime Environment to continue.
# Native memory allocation (malloc) failed to allocate 2117648 bytes. Error detail: Chunk::new
# Possible reasons:
#   The system is out of physical RAM or swap space
#   This process is running with CompressedOops enabled, and the Java Heap may be blocking the growth of the native heap
# Possible solutions:
#   Reduce memory load on the system
#   Increase physical memory or swap space
#   Check if swap backing store is full
#   Decrease Java heap size (-Xmx/-Xms)
#   Decrease number of Java threads
#   Decrease Java thread stack sizes (-Xss)
#   Set larger code cache with -XX:ReservedCodeCacheSize=
#   JVM is running with Unscaled Compressed Oops mode in which the Java heap is
#     placed in the first 4GB address space. The Java Heap base address is the
#     maximum limit for the native heap growth. Please use -XX:HeapBaseMinAddress
#     to set the Java Heap base and to place the Java Heap above 4GB virtual address.
# This output file may be truncated or incomplete.
#
#  Out of Memory Error (arena.cpp:168), pid=15680, tid=13072
#
# JRE version: OpenJDK Runtime Environment Temurin-21.0.9+10 (21.0.9+10) (build 21.0.9+10-LTS)
# Java VM: OpenJDK 64-Bit Server VM Temurin-21.0.9+10 (21.0.9+10-LTS, mixed mode, sharing, tiered, compressed oops, compressed class ptrs, parallel gc, windows-amd64)
# No core dump will be written. Minidumps are not enabled by default on client versions of Windows
#

---------------  S U M M A R Y ------------

Command Line: --add-modules=ALL-SYSTEM --add-opens=java.base/java.util=ALL-UNNAMED --add-opens=java.base/java.lang=ALL-UNNAMED --add-opens=java.base/sun.nio.fs=ALL-UNNAMED -Declipse.application=org.eclipse.jdt.ls.core.id1 -Dosgi.bundles.defaultStartLevel=4 -Declipse.product=org.eclipse.jdt.ls.core.product -Djava.import.generatesMetadataFilesAtProjectRoot=false -DDetectVMInstallationsJob.disabled=true -Dfile.encoding=utf8 -XX:+UseParallelGC -XX:GCTimeRatio=4 -XX:AdaptiveSizePolicyWeight=90 -Dsun.zip.disableMemoryMapping=true -Xmx2G -Xms100m -Xlog:disable -javaagent:c:\Users\Istiaque\.vscode\extensions\redhat.java-1.50.0-win32-x64\lombok\lombok-1.18.39-4050.jar -XX:+HeapDumpOnOutOfMemoryError -XX:HeapDumpPath=c:\Users\Istiaque\AppData\Roaming\Code\User\workspaceStorage\45f10d8c7106ae169f19e5a6df158cab\redhat.java -Daether.dependencyCollector.impl=bf c:\Users\Istiaque\.vscode\extensions\redhat.java-1.50.0-win32-x64\server\plugins\org.eclipse.equinox.launcher_1.7.100.v20251111-0406.jar -configuration c:\Users\Istiaque\AppData\Roaming\Code\User\globalStorage\redhat.java\1.50.0\config_win -data c:\Users\Istiaque\AppData\Roaming\Code\User\workspaceStorage\45f10d8c7106ae169f19e5a6df158cab\redhat.java\jdt_ws --pipe=\\.\pipe\lsp-06eccbbe8d221c72daae162169a64073-sock

Host: 12th Gen Intel(R) Core(TM) i5-1235U, 12 cores, 7G,  Windows 11 , 64 bit Build 26100 (10.0.26100.7019)
Time: Mon Dec  1 11:05:57 2025 Bangladesh Standard Time elapsed time: 3.759316 seconds (0d 0h 0m 3s)

---------------  T H R E A D  ---------------

Current thread (0x000001edeb3e8ba0):  JavaThread "C2 CompilerThread1" daemon [_thread_in_native, id=13072, stack(0x0000004a83100000,0x0000004a83200000) (1024K)]


Current CompileTask:
C2:3759 4565   !   4       org.eclipse.osgi.internal.loader.BundleLoader::findClass0 (490 bytes)

Stack: [0x0000004a83100000,0x0000004a83200000]
Native frames: (J=compiled Java code, j=interpreted, Vv=VM code, C=native code)
V  [jvm.dll+0x6d6e29]
V  [jvm.dll+0x8b4b76]
V  [jvm.dll+0x8b712e]
V  [jvm.dll+0x8b7813]
V  [jvm.dll+0x283d86]
V  [jvm.dll+0xc66ed]
V  [jvm.dll+0xc6c31]
V  [jvm.dll+0x3be53b]
V  [jvm.dll+0x38ab92]
V  [jvm.dll+0x389fda]
V  [jvm.dll+0x24bfa0]
V  [jvm.dll+0x24b580]
V  [jvm.dll+0x1cb13e]
V  [jvm.dll+0x25b29d]
V  [jvm.dll+0x25982a]
V  [jvm.dll+0x3f7ea6]
V  [jvm.dll+0x85e9ad]
V  [jvm.dll+0x6d565d]
C  [ucrtbase.dll+0x37b0]
C  [KERNEL32.DLL+0x2e8d7]
C  [ntdll.dll+0x8c53c]


---------------  P R O C E S S  ---------------

Threads class SMR info:
_java_thread_list=0x000001edf1c62ea0, length=50, elements={
0x000001edd28a0f90, 0x000001edeb220080, 0x000001edeb223460, 0x000001edeb2273a0,
0x000001edeb22a190, 0x000001edeb227a30, 0x000001edeb2280c0, 0x000001edeb23aa00,
0x000001edeb23d960, 0x000001edeb3e8ba0, 0x000001edeb228750, 0x000001edeb228de0,
0x000001edeb5e11e0, 0x000001edeb229470, 0x000001edeb229b00, 0x000001edeb22a820,
0x000001edf046c0e0, 0x000001edf046e1b0, 0x000001edf046eed0, 0x000001edf046f560,
0x000001edf046e840, 0x000001edf046d490, 0x000001edf046ce00, 0x000001edf046fbf0,
0x000001edf046c770, 0x000001edf0472350, 0x000001edf04729e0, 0x000001edf0473070,
0x000001edf0471cc0, 0x000001edf0473700, 0x000001edf0470280, 0x000001edf0470910,
0x000001edf0470fa0, 0x000001edf0471630, 0x000001edf2cbf4c0, 0x000001edf2cc0870,
0x000001edf2cbfb50, 0x000001edf2cbe110, 0x000001edf2cbee30, 0x000001edf2cbe7a0,
0x000001edf2cc01e0, 0x000001edf2cc2fd0, 0x000001edf2cc3cf0, 0x000001edf2cc0f00,
0x000001edf2cc1590, 0x000001edf2cc2940, 0x000001edf2cc4380, 0x000001edf2cc4a10,
0x000001edf2cc3660, 0x000001edf2cc50a0
}

Java Threads: ( => current thread )
  0x000001edd28a0f90 JavaThread "main"                              [_thread_blocked, id=14672, stack(0x0000004a82500000,0x0000004a82600000) (1024K)]
  0x000001edeb220080 JavaThread "Reference Handler"          daemon [_thread_blocked, id=3844, stack(0x0000004a82900000,0x0000004a82a00000) (1024K)]
  0x000001edeb223460 JavaThread "Finalizer"                  daemon [_thread_blocked, id=8500, stack(0x0000004a82a00000,0x0000004a82b00000) (1024K)]
  0x000001edeb2273a0 JavaThread "Signal Dispatcher"          daemon [_thread_blocked, id=16760, stack(0x0000004a82b00000,0x0000004a82c00000) (1024K)]
  0x000001edeb22a190 JavaThread "Attach Listener"            daemon [_thread_blocked, id=6732, stack(0x0000004a82c00000,0x0000004a82d00000) (1024K)]
  0x000001edeb227a30 JavaThread "Service Thread"             daemon [_thread_blocked, id=10408, stack(0x0000004a82d00000,0x0000004a82e00000) (1024K)]
  0x000001edeb2280c0 JavaThread "Monitor Deflation Thread"   daemon [_thread_blocked, id=16452, stack(0x0000004a82e00000,0x0000004a82f00000) (1024K)]
  0x000001edeb23aa00 JavaThread "C2 CompilerThread0"         daemon [_thread_in_native, id=16296, stack(0x0000004a82f00000,0x0000004a83000000) (1024K)]
  0x000001edeb23d960 JavaThread "C1 CompilerThread0"         daemon [_thread_blocked, id=18312, stack(0x0000004a83000000,0x0000004a83100000) (1024K)]
=>0x000001edeb3e8ba0 JavaThread "C2 CompilerThread1"         daemon [_thread_in_native, id=13072, stack(0x0000004a83100000,0x0000004a83200000) (1024K)]
  0x000001edeb228750 JavaThread "Common-Cleaner"             daemon [_thread_blocked, id=16876, stack(0x0000004a83200000,0x0000004a83300000) (1024K)]
  0x000001edeb228de0 JavaThread "Notification Thread"        daemon [_thread_blocked, id=17864, stack(0x0000004a83300000,0x0000004a83400000) (1024K)]
  0x000001edeb5e11e0 JavaThread "C2 CompilerThread2"         daemon [_thread_in_native, id=14944, stack(0x0000004a83400000,0x0000004a83500000) (1024K)]
  0x000001edeb229470 JavaThread "Active Thread: Equinox Container: b0015f8a-47e9-4494-a814-cced1a35ff3a"        [_thread_blocked, id=8784, stack(0x0000004a83b00000,0x0000004a83c00000) (1024K)]
  0x000001edeb229b00 JavaThread "Refresh Thread: Equinox Container: b0015f8a-47e9-4494-a814-cced1a35ff3a" daemon [_thread_blocked, id=10616, stack(0x0000004a83c00000,0x0000004a83d00000) (1024K)]
  0x000001edeb22a820 JavaThread "Framework Event Dispatcher: Equinox Container: b0015f8a-47e9-4494-a814-cced1a35ff3a" daemon [_thread_blocked, id=6068, stack(0x0000004a83e00000,0x0000004a83f00000) (1024K)]
  0x000001edf046c0e0 JavaThread "Start Level: Equinox Container: b0015f8a-47e9-4494-a814-cced1a35ff3a" daemon [_thread_blocked, id=4968, stack(0x0000004a83f00000,0x0000004a84000000) (1024K)]
  0x000001edf046e1b0 JavaThread "Bundle File Closer"         daemon [_thread_blocked, id=17412, stack(0x0000004a84200000,0x0000004a84300000) (1024K)]
  0x000001edf046eed0 JavaThread "SCR Component Actor"        daemon [_thread_blocked, id=18236, stack(0x0000004a84300000,0x0000004a84400000) (1024K)]
  0x000001edf046f560 JavaThread "Worker-JM"                         [_thread_blocked, id=18320, stack(0x0000004a84400000,0x0000004a84500000) (1024K)]
  0x000001edf046e840 JavaThread "JNA Cleaner"                daemon [_thread_blocked, id=5248, stack(0x0000004a84500000,0x0000004a84600000) (1024K)]
  0x000001edf046d490 JavaThread "Worker-0"                          [_thread_blocked, id=17124, stack(0x0000004a84600000,0x0000004a84700000) (1024K)]
  0x000001edf046ce00 JavaThread "Worker-1: Repository registry initialization"        [_thread_in_Java, id=17224, stack(0x0000004a84700000,0x0000004a84800000) (1024K)]
  0x000001edf046fbf0 JavaThread "Java indexing"              daemon [_thread_blocked, id=17592, stack(0x0000004a84800000,0x0000004a84900000) (1024K)]
  0x000001edf046c770 JavaThread "Worker-2"                          [_thread_blocked, id=17512, stack(0x0000004a84c00000,0x0000004a84d00000) (1024K)]
  0x000001edf0472350 JavaThread "Worker-3"                          [_thread_blocked, id=17200, stack(0x0000004a84d00000,0x0000004a84e00000) (1024K)]
  0x000001edf04729e0 JavaThread "Thread-1"                   daemon [_thread_in_native, id=13888, stack(0x0000004a84e00000,0x0000004a84f00000) (1024K)]
  0x000001edf0473070 JavaThread "Thread-2"                   daemon [_thread_in_native, id=7584, stack(0x0000004a84f00000,0x0000004a85000000) (1024K)]
  0x000001edf0471cc0 JavaThread "Thread-3"                   daemon [_thread_in_native, id=16308, stack(0x0000004a85000000,0x0000004a85100000) (1024K)]
  0x000001edf0473700 JavaThread "Thread-4"                   daemon [_thread_in_native, id=17196, stack(0x0000004a85100000,0x0000004a85200000) (1024K)]
  0x000001edf0470280 JavaThread "Thread-5"                   daemon [_thread_in_native, id=8372, stack(0x0000004a85200000,0x0000004a85300000) (1024K)]
  0x000001edf0470910 JavaThread "Thread-6"                   daemon [_thread_in_native, id=15532, stack(0x0000004a85300000,0x0000004a85400000) (1024K)]
  0x000001edf0470fa0 JavaThread "Thread-7"                   daemon [_thread_in_native, id=14736, stack(0x0000004a85400000,0x0000004a85500000) (1024K)]
  0x000001edf0471630 JavaThread "Thread-8"                   daemon [_thread_in_native, id=8136, stack(0x0000004a85500000,0x0000004a85600000) (1024K)]
  0x000001edf2cbf4c0 JavaThread "Thread-9"                   daemon [_thread_in_native, id=15020, stack(0x0000004a85600000,0x0000004a85700000) (1024K)]
  0x000001edf2cc0870 JavaThread "Thread-10"                  daemon [_thread_in_native, id=13524, stack(0x0000004a85700000,0x0000004a85800000) (1024K)]
  0x000001edf2cbfb50 JavaThread "Thread-11"                  daemon [_thread_in_native, id=18324, stack(0x0000004a85800000,0x0000004a85900000) (1024K)]
  0x000001edf2cbe110 JavaThread "Thread-12"                  daemon [_thread_in_native, id=6964, stack(0x0000004a85900000,0x0000004a85a00000) (1024K)]
  0x000001edf2cbee30 JavaThread "Thread-13"                  daemon [_thread_in_native, id=5872, stack(0x0000004a85a00000,0x0000004a85b00000) (1024K)]
  0x000001edf2cbe7a0 JavaThread "pool-2-thread-1"                   [_thread_blocked, id=8152, stack(0x0000004a85b00000,0x0000004a85c00000) (1024K)]
  0x000001edf2cc01e0 JavaThread "ForkJoinPool.commonPool-worker-1" daemon [_thread_blocked, id=5540, stack(0x0000004a85c00000,0x0000004a85d00000) (1024K)]
  0x000001edf2cc2fd0 JavaThread "ForkJoinPool.commonPool-worker-2" daemon [_thread_blocked, id=7132, stack(0x0000004a85d00000,0x0000004a85e00000) (1024K)]
  0x000001edf2cc3cf0 JavaThread "ForkJoinPool.commonPool-worker-3" daemon [_thread_blocked, id=4804, stack(0x0000004a85e00000,0x0000004a85f00000) (1024K)]
  0x000001edf2cc0f00 JavaThread "WorkspaceEventsHandler"            [_thread_blocked, id=1704, stack(0x0000004a85f00000,0x0000004a86000000) (1024K)]
  0x000001edf2cc1590 JavaThread "ForkJoinPool.commonPool-worker-4" daemon [_thread_blocked, id=2180, stack(0x0000004a86000000,0x0000004a86100000) (1024K)]
  0x000001edf2cc2940 JavaThread "pool-1-thread-1"                   [_thread_blocked, id=7392, stack(0x0000004a86100000,0x0000004a86200000) (1024K)]
  0x000001edf2cc4380 JavaThread "ForkJoinPool.commonPool-worker-5" daemon [_thread_blocked, id=8288, stack(0x0000004a86200000,0x0000004a86300000) (1024K)]
  0x000001edf2cc4a10 JavaThread "ForkJoinPool.commonPool-worker-6" daemon [_thread_blocked, id=6712, stack(0x0000004a86300000,0x0000004a86400000) (1024K)]
  0x000001edf2cc3660 JavaThread "ForkJoinPool.commonPool-worker-7" daemon [_thread_blocked, id=5340, stack(0x0000004a86400000,0x0000004a86500000) (1024K)]
  0x000001edf2cc50a0 JavaThread "ForkJoinPool.commonPool-worker-8" daemon [_thread_blocked, id=12824, stack(0x0000004a86500000,0x0000004a86600000) (1024K)]
Total: 50

Other Threads:
  0x000001edd295e970 VMThread "VM Thread"                           [id=16504, stack(0x0000004a82800000,0x0000004a82900000) (1024K)]
  0x000001ede922ca00 WatcherThread "VM Periodic Task Thread"        [id=14932, stack(0x0000004a82700000,0x0000004a82800000) (1024K)]
  0x000001edd28c1700 WorkerThread "GC Thread#0"                     [id=18268, stack(0x0000004a82600000,0x0000004a82700000) (1024K)]
  0x000001edebe18b10 WorkerThread "GC Thread#1"                     [id=2028, stack(0x0000004a83500000,0x0000004a83600000) (1024K)]
  0x000001edeb72d750 WorkerThread "GC Thread#2"                     [id=16724, stack(0x0000004a83600000,0x0000004a83700000) (1024K)]
  0x000001edeb72daf0 WorkerThread "GC Thread#3"                     [id=16908, stack(0x0000004a83700000,0x0000004a83800000) (1024K)]
  0x000001edf009a260 WorkerThread "GC Thread#4"                     [id=16904, stack(0x0000004a83800000,0x0000004a83900000) (1024K)]
  0x000001edf009a600 WorkerThread "GC Thread#5"                     [id=17104, stack(0x0000004a83900000,0x0000004a83a00000) (1024K)]
  0x000001edeb992db0 WorkerThread "GC Thread#6"                     [id=8964, stack(0x0000004a83a00000,0x0000004a83b00000) (1024K)]
  0x000001edf00f3f70 WorkerThread "GC Thread#7"                     [id=11120, stack(0x0000004a83d00000,0x0000004a83e00000) (1024K)]
  0x000001edf01cfcd0 WorkerThread "GC Thread#8"                     [id=17580, stack(0x0000004a84000000,0x0000004a84100000) (1024K)]
  0x000001edf00c3c30 WorkerThread "GC Thread#9"                     [id=17144, stack(0x0000004a84100000,0x0000004a84200000) (1024K)]
Total: 12

Threads with active compile tasks:
C2 CompilerThread0  4781 4571   !   4       org.eclipse.osgi.internal.loader.classpath.ClasspathManager::findClassImpl (328 bytes)
C2 CompilerThread1  4781 4565   !   4       org.eclipse.osgi.internal.loader.BundleLoader::findClass0 (490 bytes)
C2 CompilerThread2  4781 4656   !   4       org.eclipse.osgi.internal.loader.classpath.ClasspathManager::defineClass (636 bytes)
Total: 3

VM state: not at safepoint (normal execution)

VM Mutex/Monitor currently owned by a thread: None

Heap address: 0x0000000080000000, size: 2048 MB, Compressed Oops mode: 32-bit

CDS archive(s) mapped at: [0x000001ed80000000-0x000001ed80ba0000-0x000001ed80ba0000), size 12189696, SharedBaseAddress: 0x000001ed80000000, ArchiveRelocationMode: 1.
Compressed class space mapped at: 0x000001ed81000000-0x000001edc1000000, reserved size: 1073741824
Narrow klass base: 0x000001ed80000000, Narrow klass shift: 0, Narrow klass range: 0x100000000

GC Precious Log:
 CardTable entry size: 512
 CPUs: 12 total, 12 available
 Memory: 7863M
 Large Page Support: Disabled
 NUMA Support: Disabled
 Compressed Oops: Enabled (32-bit)
 Alignments: Space 512K, Generation 512K, Heap 2M
 Heap Min Capacity: 100M
 Heap Initial Capacity: 100M
 Heap Max Capacity: 2G
 Pre-touch: Disabled
 Parallel Workers: 10

Heap:
 PSYoungGen      total 20992K, used 5164K [0x00000000d5580000, 0x00000000d6f00000, 0x0000000100000000)
  eden space 19968K, 22% used [0x00000000d5580000,0x00000000d59db370,0x00000000d6900000)
  from space 1024K, 68% used [0x00000000d6900000,0x00000000d69b0000,0x00000000d6a00000)
  to   space 2560K, 0% used [0x00000000d6c80000,0x00000000d6c80000,0x00000000d6f00000)
 ParOldGen       total 68608K, used 24105K [0x0000000080000000, 0x0000000084300000, 0x00000000d5580000)
  object space 68608K, 35% used [0x0000000080000000,0x000000008178a7a8,0x0000000084300000)
 Metaspace       used 38790K, committed 39936K, reserved 1114112K
  class space    used 4162K, committed 4672K, reserved 1048576K

Card table byte_map: [0x000001edd2250000,0x000001edd2660000] _byte_map_base: 0x000001edd1e50000

Marking Bits: (ParMarkBitMap*) 0x00007fffe06b2460
 Begin Bits: [0x000001ede4d50000, 0x000001ede6d50000)
 End Bits:   [0x000001ede6d50000, 0x000001ede8d50000)

Polling page: 0x000001edd0880000

Metaspace:

Usage:
  Non-class:     33.82 MB used.
      Class:      4.06 MB used.
       Both:     37.88 MB used.

Virtual space:
  Non-class space:       64.00 MB reserved,      34.44 MB ( 54%) committed,  1 nodes.
      Class space:        1.00 GB reserved,       4.56 MB ( <1%) committed,  1 nodes.
             Both:        1.06 GB reserved,      39.00 MB (  4%) committed. 

Chunk freelists:
   Non-Class:  13.38 MB
       Class:  11.45 MB
        Both:  24.83 MB

MaxMetaspaceSize: unlimited
CompressedClassSpaceSize: 1.00 GB
Initial GC threshold: 21.00 MB
Current GC threshold: 58.38 MB
CDS: on
 - commit_granule_bytes: 65536.
 - commit_granule_words: 8192.
 - virtual_space_node_default_size: 8388608.
 - enlarge_chunks_in_place: 1.
 - use_allocation_guard: 0.


Internal statistics:

num_allocs_failed_limit: 6.
num_arena_births: 924.
num_arena_deaths: 14.
num_vsnodes_births: 2.
num_vsnodes_deaths: 0.
num_space_committed: 624.
num_space_uncommitted: 0.
num_chunks_returned_to_freelist: 20.
num_chunks_taken_from_freelist: 2663.
num_chunk_merges: 6.
num_chunk_splits: 1644.
num_chunks_enlarged: 935.
num_inconsistent_stats: 0.

CodeHeap 'non-profiled nmethods': size=120000Kb used=2045Kb max_used=2222Kb free=117954Kb
 bounds [0x000001eddd570000, 0x000001eddd7e0000, 0x000001ede4aa0000]
CodeHeap 'profiled nmethods': size=120000Kb used=8339Kb max_used=8778Kb free=111660Kb
 bounds [0x000001edd5aa0000, 0x000001edd6340000, 0x000001eddcfd0000]
CodeHeap 'non-nmethods': size=5760Kb used=1363Kb max_used=1416Kb free=4396Kb
 bounds [0x000001eddcfd0000, 0x000001eddd240000, 0x000001eddd570000]
CodeCache: size=245760Kb, used=11747Kb, max_used=12416Kb, free=234010Kb
 total_blobs=4921, nmethods=4261, adapters=566, full_count=0
Compilation: enabled, stopped_count=0, restarted_count=0

Compilation events (20 events):
Event: 3.696 Thread 0x000001edeb23d960 4854       2       jdk.internal.loader.AbstractClassLoaderValue$Sub::equals (55 bytes)
Event: 3.696 Thread 0x000001edeb23d960 nmethod 4854 0x000001edd5ac4b90 code [0x000001edd5ac4d60, 0x000001edd5ac5028]
Event: 3.696 Thread 0x000001edeb23d960 4855       2       java.lang.Class::getGenericSuperclass (28 bytes)
Event: 3.696 Thread 0x000001edeb23d960 nmethod 4855 0x000001edd5ac4410 code [0x000001edd5ac4600, 0x000001edd5ac4958]
Event: 3.698 Thread 0x000001edeb23d960 4856       1       java.util.zip.ZipFile$ZipFileInputStream::size (5 bytes)
Event: 3.698 Thread 0x000001edeb23d960 nmethod 4856 0x000001eddd5e6e90 code [0x000001eddd5e7020, 0x000001eddd5e70e8]
Event: 3.706 Thread 0x000001edeb23d960 4857       2       com.google.common.collect.ImmutableMapEntry::getKey (5 bytes)
Event: 3.706 Thread 0x000001edeb23d960 nmethod 4857 0x000001edd5ac4090 code [0x000001edd5ac4220, 0x000001edd5ac4328]
Event: 3.706 Thread 0x000001edeb23d960 4858       2       com.google.common.collect.Hashing::smear (19 bytes)
Event: 3.706 Thread 0x000001edeb23d960 nmethod 4858 0x000001edd5ac3d10 code [0x000001edd5ac3ea0, 0x000001edd5ac3fc0]
Event: 3.706 Thread 0x000001edeb23d960 4859       2       java.net.URLConnection::setUseCaches (10 bytes)
Event: 3.707 Thread 0x000001edeb23d960 nmethod 4859 0x000001edd5ac3890 code [0x000001edd5ac3a40, 0x000001edd5ac3c28]
Event: 3.707 Thread 0x000001edeb23d960 4860       2       java.net.URLConnection::checkConnected (19 bytes)
Event: 3.707 Thread 0x000001edeb23d960 nmethod 4860 0x000001edd5e23b90 code [0x000001edd5e23d40, 0x000001edd5e23f18]
Event: 3.708 Thread 0x000001edeb23d960 4861       2       jdk.internal.org.objectweb.asm.MethodWriter::putFrame (549 bytes)
Event: 3.709 Thread 0x000001edeb23d960 nmethod 4861 0x000001edd5e21d90 code [0x000001edd5e22120, 0x000001edd5e22fe8]
Event: 3.709 Thread 0x000001edeb23d960 4862       2       java.lang.reflect.Method::isVarArgs (5 bytes)
Event: 3.710 Thread 0x000001edeb23d960 nmethod 4862 0x000001edd5ac3510 code [0x000001edd5ac36a0, 0x000001edd5ac37c0]
Event: 3.710 Thread 0x000001edeb23d960 4863       2       jdk.internal.org.objectweb.asm.SymbolTable::hash (12 bytes)
Event: 3.710 Thread 0x000001edeb23d960 nmethod 4863 0x000001edd5d48d90 code [0x000001edd5d48f40, 0x000001edd5d49060]

GC Heap History (20 events):
Event: 2.261 GC heap before
{Heap before GC invocations=8 (full 1):
 PSYoungGen      total 29184K, used 4320K [0x00000000d5580000, 0x00000000d7780000, 0x0000000100000000)
  eden space 24576K, 0% used [0x00000000d5580000,0x00000000d5580000,0x00000000d6d80000)
  from space 4608K, 93% used [0x00000000d6e80000,0x00000000d72b81a0,0x00000000d7300000)
  to   space 4608K, 0% used [0x00000000d7300000,0x00000000d7300000,0x00000000d7780000)
 ParOldGen       total 68608K, used 9149K [0x0000000080000000, 0x0000000084300000, 0x00000000d5580000)
  object space 68608K, 13% used [0x0000000080000000,0x00000000808ef400,0x0000000084300000)
 Metaspace       used 20584K, committed 21504K, reserved 1114112K
  class space    used 2234K, committed 2624K, reserved 1048576K
}
Event: 2.287 GC heap after
{Heap after GC invocations=8 (full 1):
 PSYoungGen      total 29184K, used 0K [0x00000000d5580000, 0x00000000d7780000, 0x0000000100000000)
  eden space 24576K, 0% used [0x00000000d5580000,0x00000000d5580000,0x00000000d6d80000)
  from space 4608K, 0% used [0x00000000d6e80000,0x00000000d6e80000,0x00000000d7300000)
  to   space 4608K, 0% used [0x00000000d7300000,0x00000000d7300000,0x00000000d7780000)
 ParOldGen       total 68608K, used 12849K [0x0000000080000000, 0x0000000084300000, 0x00000000d5580000)
  object space 68608K, 18% used [0x0000000080000000,0x0000000080c8c520,0x0000000084300000)
 Metaspace       used 20571K, committed 21504K, reserved 1114112K
  class space    used 2230K, committed 2624K, reserved 1048576K
}
Event: 2.425 GC heap before
{Heap before GC invocations=9 (full 1):
 PSYoungGen      total 29184K, used 24576K [0x00000000d5580000, 0x00000000d7780000, 0x0000000100000000)
  eden space 24576K, 100% used [0x00000000d5580000,0x00000000d6d80000,0x00000000d6d80000)
  from space 4608K, 0% used [0x00000000d6e80000,0x00000000d6e80000,0x00000000d7300000)
  to   space 4608K, 0% used [0x00000000d7300000,0x00000000d7300000,0x00000000d7780000)
 ParOldGen       total 68608K, used 12849K [0x0000000080000000, 0x0000000084300000, 0x00000000d5580000)
  object space 68608K, 18% used [0x0000000080000000,0x0000000080c8c520,0x0000000084300000)
 Metaspace       used 22935K, committed 23936K, reserved 1114112K
  class space    used 2402K, committed 2816K, reserved 1048576K
}
Event: 2.426 GC heap after
{Heap after GC invocations=9 (full 1):
 PSYoungGen      total 25088K, used 722K [0x00000000d5580000, 0x00000000d7400000, 0x0000000100000000)
  eden space 24064K, 0% used [0x00000000d5580000,0x00000000d5580000,0x00000000d6d00000)
  from space 1024K, 70% used [0x00000000d7300000,0x00000000d73b4a28,0x00000000d7400000)
  to   space 2560K, 0% used [0x00000000d6f00000,0x00000000d6f00000,0x00000000d7180000)
 ParOldGen       total 68608K, used 12857K [0x0000000080000000, 0x0000000084300000, 0x00000000d5580000)
  object space 68608K, 18% used [0x0000000080000000,0x0000000080c8e520,0x0000000084300000)
 Metaspace       used 22935K, committed 23936K, reserved 1114112K
  class space    used 2402K, committed 2816K, reserved 1048576K
}
Event: 2.546 GC heap before
{Heap before GC invocations=10 (full 1):
 PSYoungGen      total 25088K, used 24786K [0x00000000d5580000, 0x00000000d7400000, 0x0000000100000000)
  eden space 24064K, 100% used [0x00000000d5580000,0x00000000d6d00000,0x00000000d6d00000)
  from space 1024K, 70% used [0x00000000d7300000,0x00000000d73b4a28,0x00000000d7400000)
  to   space 2560K, 0% used [0x00000000d6f00000,0x00000000d6f00000,0x00000000d7180000)
 ParOldGen       total 68608K, used 12857K [0x0000000080000000, 0x0000000084300000, 0x00000000d5580000)
  object space 68608K, 18% used [0x0000000080000000,0x0000000080c8e520,0x0000000084300000)
 Metaspace       used 26408K, committed 27392K, reserved 1114112K
  class space    used 2660K, committed 3072K, reserved 1048576K
}
Event: 2.548 GC heap after
{Heap after GC invocations=10 (full 1):
 PSYoungGen      total 26112K, used 2537K [0x00000000d5580000, 0x00000000d7380000, 0x0000000100000000)
  eden space 23552K, 0% used [0x00000000d5580000,0x00000000d5580000,0x00000000d6c80000)
  from space 2560K, 99% used [0x00000000d6f00000,0x00000000d717a638,0x00000000d7180000)
  to   space 2048K, 0% used [0x00000000d7180000,0x00000000d7180000,0x00000000d7380000)
 ParOldGen       total 68608K, used 12865K [0x0000000080000000, 0x0000000084300000, 0x00000000d5580000)
  object space 68608K, 18% used [0x0000000080000000,0x0000000080c90520,0x0000000084300000)
 Metaspace       used 26408K, committed 27392K, reserved 1114112K
  class space    used 2660K, committed 3072K, reserved 1048576K
}
Event: 2.703 GC heap before
{Heap before GC invocations=11 (full 1):
 PSYoungGen      total 26112K, used 26089K [0x00000000d5580000, 0x00000000d7380000, 0x0000000100000000)
  eden space 23552K, 100% used [0x00000000d5580000,0x00000000d6c80000,0x00000000d6c80000)
  from space 2560K, 99% used [0x00000000d6f00000,0x00000000d717a638,0x00000000d7180000)
  to   space 2048K, 0% used [0x00000000d7180000,0x00000000d7180000,0x00000000d7380000)
 ParOldGen       total 68608K, used 12865K [0x0000000080000000, 0x0000000084300000, 0x00000000d5580000)
  object space 68608K, 18% used [0x0000000080000000,0x0000000080c90520,0x0000000084300000)
 Metaspace       used 28314K, committed 29376K, reserved 1114112K
  class space    used 2820K, committed 3264K, reserved 1048576K
}
Event: 2.705 GC heap after
{Heap after GC invocations=11 (full 1):
 PSYoungGen      total 25088K, used 2031K [0x00000000d5580000, 0x00000000d7400000, 0x0000000100000000)
  eden space 23040K, 0% used [0x00000000d5580000,0x00000000d5580000,0x00000000d6c00000)
  from space 2048K, 99% used [0x00000000d7180000,0x00000000d737be70,0x00000000d7380000)
  to   space 4096K, 0% used [0x00000000d6c00000,0x00000000d6c00000,0x00000000d7000000)
 ParOldGen       total 68608K, used 14347K [0x0000000080000000, 0x0000000084300000, 0x00000000d5580000)
  object space 68608K, 20% used [0x0000000080000000,0x0000000080e02c38,0x0000000084300000)
 Metaspace       used 28314K, committed 29376K, reserved 1114112K
  class space    used 2820K, committed 3264K, reserved 1048576K
}
Event: 2.973 GC heap before
{Heap before GC invocations=12 (full 1):
 PSYoungGen      total 25088K, used 25071K [0x00000000d5580000, 0x00000000d7400000, 0x0000000100000000)
  eden space 23040K, 100% used [0x00000000d5580000,0x00000000d6c00000,0x00000000d6c00000)
  from space 2048K, 99% used [0x00000000d7180000,0x00000000d737be70,0x00000000d7380000)
  to   space 4096K, 0% used [0x00000000d6c00000,0x00000000d6c00000,0x00000000d7000000)
 ParOldGen       total 68608K, used 14347K [0x0000000080000000, 0x0000000084300000, 0x00000000d5580000)
  object space 68608K, 20% used [0x0000000080000000,0x0000000080e02c38,0x0000000084300000)
 Metaspace       used 31636K, committed 32832K, reserved 1114112K
  class space    used 3208K, committed 3712K, reserved 1048576K
}
Event: 2.976 GC heap after
{Heap after GC invocations=12 (full 1):
 PSYoungGen      total 24576K, used 1826K [0x00000000d5580000, 0x00000000d7200000, 0x0000000100000000)
  eden space 22528K, 0% used [0x00000000d5580000,0x00000000d5580000,0x00000000d6b80000)
  from space 2048K, 89% used [0x00000000d6c00000,0x00000000d6dc8890,0x00000000d6e00000)
  to   space 2560K, 0% used [0x00000000d6f80000,0x00000000d6f80000,0x00000000d7200000)
 ParOldGen       total 68608K, used 16368K [0x0000000080000000, 0x0000000084300000, 0x00000000d5580000)
  object space 68608K, 23% used [0x0000000080000000,0x0000000080ffc308,0x0000000084300000)
 Metaspace       used 31636K, committed 32832K, reserved 1114112K
  class space    used 3208K, committed 3712K, reserved 1048576K
}
Event: 3.153 GC heap before
{Heap before GC invocations=13 (full 1):
 PSYoungGen      total 24576K, used 24353K [0x00000000d5580000, 0x00000000d7200000, 0x0000000100000000)
  eden space 22528K, 99% used [0x00000000d5580000,0x00000000d6b7fe68,0x00000000d6b80000)
  from space 2048K, 89% used [0x00000000d6c00000,0x00000000d6dc8890,0x00000000d6e00000)
  to   space 2560K, 0% used [0x00000000d6f80000,0x00000000d6f80000,0x00000000d7200000)
 ParOldGen       total 68608K, used 16368K [0x0000000080000000, 0x0000000084300000, 0x00000000d5580000)
  object space 68608K, 23% used [0x0000000080000000,0x0000000080ffc308,0x0000000084300000)
 Metaspace       used 34225K, committed 35392K, reserved 1114112K
  class space    used 3535K, committed 4032K, reserved 1048576K
}
Event: 3.155 GC heap after
{Heap after GC invocations=13 (full 1):
 PSYoungGen      total 24576K, used 2176K [0x00000000d5580000, 0x00000000d7200000, 0x0000000100000000)
  eden space 22016K, 0% used [0x00000000d5580000,0x00000000d5580000,0x00000000d6b00000)
  from space 2560K, 85% used [0x00000000d6f80000,0x00000000d71a0000,0x00000000d7200000)
  to   space 2560K, 0% used [0x00000000d6d00000,0x00000000d6d00000,0x00000000d6f80000)
 ParOldGen       total 68608K, used 17665K [0x0000000080000000, 0x0000000084300000, 0x00000000d5580000)
  object space 68608K, 25% used [0x0000000080000000,0x00000000811406c8,0x0000000084300000)
 Metaspace       used 34225K, committed 35392K, reserved 1114112K
  class space    used 3535K, committed 4032K, reserved 1048576K
}
Event: 3.201 GC heap before
{Heap before GC invocations=14 (full 1):
 PSYoungGen      total 24576K, used 6667K [0x00000000d5580000, 0x00000000d7200000, 0x0000000100000000)
  eden space 22016K, 20% used [0x00000000d5580000,0x00000000d59e2e70,0x00000000d6b00000)
  from space 2560K, 85% used [0x00000000d6f80000,0x00000000d71a0000,0x00000000d7200000)
  to   space 2560K, 0% used [0x00000000d6d00000,0x00000000d6d00000,0x00000000d6f80000)
 ParOldGen       total 68608K, used 17665K [0x0000000080000000, 0x0000000084300000, 0x00000000d5580000)
  object space 68608K, 25% used [0x0000000080000000,0x00000000811406c8,0x0000000084300000)
 Metaspace       used 34726K, committed 35840K, reserved 1114112K
  class space    used 3594K, committed 4096K, reserved 1048576K
}
Event: 3.204 GC heap after
{Heap after GC invocations=14 (full 1):
 PSYoungGen      total 23040K, used 972K [0x00000000d5580000, 0x00000000d7000000, 0x0000000100000000)
  eden space 22016K, 0% used [0x00000000d5580000,0x00000000d5580000,0x00000000d6b00000)
  from space 1024K, 94% used [0x00000000d6d00000,0x00000000d6df3010,0x00000000d6e00000)
  to   space 1536K, 0% used [0x00000000d6e80000,0x00000000d6e80000,0x00000000d7000000)
 ParOldGen       total 68608K, used 19642K [0x0000000080000000, 0x0000000084300000, 0x00000000d5580000)
  object space 68608K, 28% used [0x0000000080000000,0x000000008132e8b0,0x0000000084300000)
 Metaspace       used 34726K, committed 35840K, reserved 1114112K
  class space    used 3594K, committed 4096K, reserved 1048576K
}
Event: 3.204 GC heap before
{Heap before GC invocations=15 (full 2):
 PSYoungGen      total 23040K, used 972K [0x00000000d5580000, 0x00000000d7000000, 0x0000000100000000)
  eden space 22016K, 0% used [0x00000000d5580000,0x00000000d5580000,0x00000000d6b00000)
  from space 1024K, 94% used [0x00000000d6d00000,0x00000000d6df3010,0x00000000d6e00000)
  to   space 1536K, 0% used [0x00000000d6e80000,0x00000000d6e80000,0x00000000d7000000)
 ParOldGen       total 68608K, used 19642K [0x0000000080000000, 0x0000000084300000, 0x00000000d5580000)
  object space 68608K, 28% used [0x0000000080000000,0x000000008132e8b0,0x0000000084300000)
 Metaspace       used 34726K, committed 35840K, reserved 1114112K
  class space    used 3594K, committed 4096K, reserved 1048576K
}
Event: 3.228 GC heap after
{Heap after GC invocations=15 (full 2):
 PSYoungGen      total 23040K, used 0K [0x00000000d5580000, 0x00000000d7000000, 0x0000000100000000)
  eden space 22016K, 0% used [0x00000000d5580000,0x00000000d5580000,0x00000000d6b00000)
  from space 1024K, 0% used [0x00000000d6d00000,0x00000000d6d00000,0x00000000d6e00000)
  to   space 1536K, 0% used [0x00000000d6e80000,0x00000000d6e80000,0x00000000d7000000)
 ParOldGen       total 68608K, used 19553K [0x0000000080000000, 0x0000000084300000, 0x00000000d5580000)
  object space 68608K, 28% used [0x0000000080000000,0x0000000081318788,0x0000000084300000)
 Metaspace       used 34726K, committed 35840K, reserved 1114112K
  class space    used 3594K, committed 4096K, reserved 1048576K
}
Event: 3.449 GC heap before
{Heap before GC invocations=16 (full 2):
 PSYoungGen      total 23040K, used 22016K [0x00000000d5580000, 0x00000000d7000000, 0x0000000100000000)
  eden space 22016K, 100% used [0x00000000d5580000,0x00000000d6b00000,0x00000000d6b00000)
  from space 1024K, 0% used [0x00000000d6d00000,0x00000000d6d00000,0x00000000d6e00000)
  to   space 1536K, 0% used [0x00000000d6e80000,0x00000000d6e80000,0x00000000d7000000)
 ParOldGen       total 68608K, used 19553K [0x0000000080000000, 0x0000000084300000, 0x00000000d5580000)
  object space 68608K, 28% used [0x0000000080000000,0x0000000081318788,0x0000000084300000)
 Metaspace       used 37053K, committed 38336K, reserved 1114112K
  class space    used 3909K, committed 4480K, reserved 1048576K
}
Event: 3.454 GC heap after
{Heap after GC invocations=16 (full 2):
 PSYoungGen      total 21504K, used 1536K [0x00000000d5580000, 0x00000000d7600000, 0x0000000100000000)
  eden space 19968K, 0% used [0x00000000d5580000,0x00000000d5580000,0x00000000d6900000)
  from space 1536K, 100% used [0x00000000d6e80000,0x00000000d7000000,0x00000000d7000000)
  to   space 5632K, 0% used [0x00000000d6900000,0x00000000d6900000,0x00000000d6e80000)
 ParOldGen       total 68608K, used 22585K [0x0000000080000000, 0x0000000084300000, 0x00000000d5580000)
  object space 68608K, 32% used [0x0000000080000000,0x000000008160e7a8,0x0000000084300000)
 Metaspace       used 37053K, committed 38336K, reserved 1114112K
  class space    used 3909K, committed 4480K, reserved 1048576K
}
Event: 3.679 GC heap before
{Heap before GC invocations=17 (full 2):
 PSYoungGen      total 21504K, used 21504K [0x00000000d5580000, 0x00000000d7600000, 0x0000000100000000)
  eden space 19968K, 100% used [0x00000000d5580000,0x00000000d6900000,0x00000000d6900000)
  from space 1536K, 100% used [0x00000000d6e80000,0x00000000d7000000,0x00000000d7000000)
  to   space 5632K, 0% used [0x00000000d6900000,0x00000000d6900000,0x00000000d6e80000)
 ParOldGen       total 68608K, used 22585K [0x0000000080000000, 0x0000000084300000, 0x00000000d5580000)
  object space 68608K, 32% used [0x0000000080000000,0x000000008160e7a8,0x0000000084300000)
 Metaspace       used 38471K, committed 39680K, reserved 1114112K
  class space    used 4118K, committed 4672K, reserved 1048576K
}
Event: 3.681 GC heap after
{Heap after GC invocations=17 (full 2):
 PSYoungGen      total 20992K, used 704K [0x00000000d5580000, 0x00000000d6f00000, 0x0000000100000000)
  eden space 19968K, 0% used [0x00000000d5580000,0x00000000d5580000,0x00000000d6900000)
  from space 1024K, 68% used [0x00000000d6900000,0x00000000d69b0000,0x00000000d6a00000)
  to   space 2560K, 0% used [0x00000000d6c80000,0x00000000d6c80000,0x00000000d6f00000)
 ParOldGen       total 68608K, used 24105K [0x0000000080000000, 0x0000000084300000, 0x00000000d5580000)
  object space 68608K, 35% used [0x0000000080000000,0x000000008178a7a8,0x0000000084300000)
 Metaspace       used 38471K, committed 39680K, reserved 1114112K
  class space    used 4118K, committed 4672K, reserved 1048576K
}

Dll operation events (10 events):
Event: 0.011 Loaded shared library c:\Users\Istiaque\.vscode\extensions\redhat.java-1.50.0-win32-x64\jre\21.0.9-win32-x86_64\bin\java.dll
Event: 0.089 Loaded shared library c:\Users\Istiaque\.vscode\extensions\redhat.java-1.50.0-win32-x64\jre\21.0.9-win32-x86_64\bin\zip.dll
Event: 0.106 Loaded shared library C:\Users\Istiaque\.vscode\extensions\redhat.java-1.50.0-win32-x64\jre\21.0.9-win32-x86_64\bin\instrument.dll
Event: 0.110 Loaded shared library C:\Users\Istiaque\.vscode\extensions\redhat.java-1.50.0-win32-x64\jre\21.0.9-win32-x86_64\bin\net.dll
Event: 0.112 Loaded shared library C:\Users\Istiaque\.vscode\extensions\redhat.java-1.50.0-win32-x64\jre\21.0.9-win32-x86_64\bin\nio.dll
Event: 0.114 Loaded shared library C:\Users\Istiaque\.vscode\extensions\redhat.java-1.50.0-win32-x64\jre\21.0.9-win32-x86_64\bin\zip.dll
Event: 0.131 Loaded shared library C:\Users\Istiaque\.vscode\extensions\redhat.java-1.50.0-win32-x64\jre\21.0.9-win32-x86_64\bin\jimage.dll
Event: 0.198 Loaded shared library c:\Users\Istiaque\.vscode\extensions\redhat.java-1.50.0-win32-x64\jre\21.0.9-win32-x86_64\bin\verify.dll
Event: 1.019 Loaded shared library C:\Users\Istiaque\AppData\Roaming\Code\User\globalStorage\redhat.java\1.50.0\config_win\org.eclipse.equinox.launcher\org.eclipse.equinox.launcher.win32.win32.x86_64_1.2.1400.v20250801-0854\eclipse_11916.dll
Event: 1.879 Loaded shared library C:\Users\Istiaque\AppData\Local\Temp\jna-780797055\jna16168419892043002427.dll

Deoptimization events (20 events):
Event: 3.325 Thread 0x000001edf046ce00 DEOPT PACKING pc=0x000001eddd728738 sp=0x0000004a847fe990
Event: 3.325 Thread 0x000001edf046ce00 DEOPT UNPACKING pc=0x000001eddd023aa2 sp=0x0000004a847fe918 mode 2
Event: 3.345 Thread 0x000001edf2cc2940 Uncommon trap: trap_request=0xfffffff4 fr.pc=0x000001eddd70e828 relative=0x0000000000000368
Event: 3.345 Thread 0x000001edf2cc2940 Uncommon trap: reason=null_check action=make_not_entrant pc=0x000001eddd70e828 method=sun.invoke.util.VerifyType.isNullConversion(Ljava/lang/Class;Ljava/lang/Class;Z)Z @ 12 c2
Event: 3.345 Thread 0x000001edf2cc2940 DEOPT PACKING pc=0x000001eddd70e828 sp=0x0000004a861fca90
Event: 3.345 Thread 0x000001edf2cc2940 DEOPT UNPACKING pc=0x000001eddd023aa2 sp=0x0000004a861fca18 mode 2
Event: 3.346 Thread 0x000001edf2cc2940 Uncommon trap: trap_request=0xffffff45 fr.pc=0x000001eddd5df828 relative=0x0000000000000108
Event: 3.346 Thread 0x000001edf2cc2940 Uncommon trap: reason=unstable_if action=reinterpret pc=0x000001eddd5df828 method=jdk.internal.org.objectweb.asm.ByteVector.putShort(I)Ljdk/internal/org/objectweb/asm/ByteVector; @ 13 c2
Event: 3.346 Thread 0x000001edf2cc2940 DEOPT PACKING pc=0x000001eddd5df828 sp=0x0000004a861fc610
Event: 3.346 Thread 0x000001edf2cc2940 DEOPT UNPACKING pc=0x000001eddd023aa2 sp=0x0000004a861fc5a8 mode 2
Event: 3.580 Thread 0x000001edf046ce00 Uncommon trap: trap_request=0xffffff45 fr.pc=0x000001eddd6a5854 relative=0x0000000000000134
Event: 3.580 Thread 0x000001edf046ce00 Uncommon trap: reason=unstable_if action=reinterpret pc=0x000001eddd6a5854 method=java.util.ArrayList.indexOfRange(Ljava/lang/Object;II)I @ 7 c2
Event: 3.580 Thread 0x000001edf046ce00 DEOPT PACKING pc=0x000001eddd6a5854 sp=0x0000004a847fe4e0
Event: 3.580 Thread 0x000001edf046ce00 DEOPT UNPACKING pc=0x000001eddd023aa2 sp=0x0000004a847fe3a0 mode 2
Event: 3.588 Thread 0x000001edf046ce00 Uncommon trap: trap_request=0xffffff45 fr.pc=0x000001eddd69aab0 relative=0x0000000000000110
Event: 3.588 Thread 0x000001edf046ce00 Uncommon trap: reason=unstable_if action=reinterpret pc=0x000001eddd69aab0 method=java.util.ArrayList.indexOfRange(Ljava/lang/Object;II)I @ 7 c2
Event: 3.588 Thread 0x000001edf046ce00 DEOPT PACKING pc=0x000001eddd69aab0 sp=0x0000004a847fe430
Event: 3.588 Thread 0x000001edf046ce00 DEOPT UNPACKING pc=0x000001eddd023aa2 sp=0x0000004a847fe3b0 mode 2
Event: 3.693 Thread 0x000001edf046ce00 DEOPT PACKING pc=0x000001edd5b45853 sp=0x0000004a847fe170
Event: 3.693 Thread 0x000001edf046ce00 DEOPT UNPACKING pc=0x000001eddd024242 sp=0x0000004a847fd5e0 mode 0

Classes loaded (20 events):
Event: 3.431 Loading class sun/reflect/annotation/AnnotatedTypeFactory
Event: 3.431 Loading class sun/reflect/annotation/AnnotatedTypeFactory done
Event: 3.431 Loading class sun/reflect/annotation/AnnotatedTypeFactory$AnnotatedTypeBaseImpl
Event: 3.432 Loading class sun/reflect/annotation/AnnotatedTypeFactory$AnnotatedTypeBaseImpl done
Event: 3.468 Loading class java/util/concurrent/CompletableFuture$AltResult
Event: 3.468 Loading class java/util/concurrent/CompletableFuture$AltResult done
Event: 3.468 Loading class java/util/concurrent/CompletableFuture$Completion
Event: 3.468 Loading class java/util/concurrent/CompletableFuture$AsynchronousCompletionTask
Event: 3.468 Loading class java/util/concurrent/CompletableFuture$AsynchronousCompletionTask done
Event: 3.469 Loading class java/util/concurrent/CompletableFuture$Completion done
Event: 3.472 Loading class sun/nio/ch/WindowsAsynchronousFileChannelImpl$WriteTask
Event: 3.472 Loading class sun/nio/ch/WindowsAsynchronousFileChannelImpl$WriteTask done
Event: 3.488 Loading class jdk/internal/math/FormattedFPDecimal
Event: 3.488 Loading class jdk/internal/math/FormattedFPDecimal done
Event: 3.497 Loading class java/lang/annotation/ElementType
Event: 3.497 Loading class java/lang/annotation/ElementType done
Event: 3.565 Loading class java/lang/annotation/IncompleteAnnotationException
Event: 3.565 Loading class java/lang/annotation/IncompleteAnnotationException done
Event: 3.592 Loading class java/lang/foreign/MemorySegment
Event: 3.592 Loading class java/lang/foreign/MemorySegment done

Classes unloaded (7 events):
Event: 2.268 Thread 0x000001edd295e970 Unloading class 0x000001ed811aec00 'java/lang/invoke/LambdaForm$MH+0x000001ed811aec00'
Event: 2.268 Thread 0x000001edd295e970 Unloading class 0x000001ed811ae800 'java/lang/invoke/LambdaForm$MH+0x000001ed811ae800'
Event: 2.268 Thread 0x000001edd295e970 Unloading class 0x000001ed811ae400 'java/lang/invoke/LambdaForm$MH+0x000001ed811ae400'
Event: 2.268 Thread 0x000001edd295e970 Unloading class 0x000001ed811ae000 'java/lang/invoke/LambdaForm$MH+0x000001ed811ae000'
Event: 2.268 Thread 0x000001edd295e970 Unloading class 0x000001ed811adc00 'java/lang/invoke/LambdaForm$BMH+0x000001ed811adc00'
Event: 2.268 Thread 0x000001edd295e970 Unloading class 0x000001ed811ad800 'java/lang/invoke/LambdaForm$DMH+0x000001ed811ad800'
Event: 2.268 Thread 0x000001edd295e970 Unloading class 0x000001ed811ac400 'java/lang/invoke/LambdaForm$DMH+0x000001ed811ac400'

Classes redefined (0 events):
No events

Internal exceptions (20 events):
Event: 3.146 Thread 0x000001edf046ce00 Exception <a 'sun/nio/fs/WindowsException'{0x00000000d6ac2040}> (0x00000000d6ac2040) 
thrown [s\src\hotspot\share\prims\jni.cpp, line 520]
Event: 3.162 Thread 0x000001edf046ce00 Exception <a 'java/io/FileNotFoundException'{0x00000000d55e8b38}> (0x00000000d55e8b38) 
thrown [s\src\hotspot\share\prims\jni.cpp, line 520]
Event: 3.162 Thread 0x000001edf046ce00 Exception <a 'java/io/FileNotFoundException'{0x00000000d55e9df8}> (0x00000000d55e9df8) 
thrown [s\src\hotspot\share\prims\jni.cpp, line 520]
Event: 3.165 Thread 0x000001edf046ce00 Exception <a 'java/lang/NoSuchMethodError'{0x00000000d56100f0}: 'java.lang.Object java.lang.invoke.DirectMethodHandle$Holder.newInvokeSpecial(java.lang.Object, java.lang.Object, java.lang.Object, int)'> (0x00000000d56100f0) 
thrown [s\src\hotspot\share\interpreter\linkResolver.cpp, line 773]
Event: 3.166 Thread 0x000001edf046ce00 Exception <a 'java/lang/NoSuchMethodError'{0x00000000d5613cc8}: 'java.lang.Object java.lang.invoke.DirectMethodHandle$Holder.invokeSpecial(java.lang.Object, java.lang.Object, java.lang.Object, java.lang.Object, int)'> (0x00000000d5613cc8) 
thrown [s\src\hotspot\share\interpreter\linkResolver.cpp, line 773]
Event: 3.166 Thread 0x000001edf046ce00 Exception <a 'java/lang/NoSuchMethodError'{0x00000000d5617160}: 'java.lang.Object java.lang.invoke.Invokers$Holder.linkToTargetMethod(java.lang.Object, java.lang.Object, int, java.lang.Object)'> (0x00000000d5617160) 
thrown [s\src\hotspot\share\interpreter\linkResolver.cpp, line 773]
Event: 3.168 Thread 0x000001edf046ce00 Exception <a 'java/lang/NoSuchMethodError'{0x00000000d564eb80}: 'void java.lang.invoke.DirectMethodHandle$Holder.invokeStaticInit(java.lang.Object, java.lang.Object, java.lang.Object)'> (0x00000000d564eb80) 
thrown [s\src\hotspot\share\interpreter\linkResolver.cpp, line 773]
Event: 3.178 Thread 0x000001edd28a0f90 Exception <a 'java/lang/NoSuchMethodError'{0x00000000d5754600}: 'void java.lang.invoke.DirectMethodHandle$Holder.invokeSpecial(java.lang.Object, java.lang.Object, java.lang.Object, java.lang.Object, java.lang.Object, java.lang.Object)'> (0x00000000d5754600) 
thrown [s\src\hotspot\share\interpreter\linkResolver.cpp, line 773]
Event: 3.179 Thread 0x000001edd28a0f90 Exception <a 'java/lang/IncompatibleClassChangeError'{0x00000000d575c740}: Found class java.lang.Object, but interface was expected> (0x00000000d575c740) 
thrown [s\src\hotspot\share\interpreter\linkResolver.cpp, line 840]
Event: 3.180 Thread 0x000001edd28a0f90 Exception <a 'java/lang/IncompatibleClassChangeError'{0x00000000d575e4f0}: Found class java.lang.Object, but interface was expected> (0x00000000d575e4f0) 
thrown [s\src\hotspot\share\interpreter\linkResolver.cpp, line 840]
Event: 3.194 Thread 0x000001edf046ce00 Exception <a 'java/io/FileNotFoundException'{0x00000000d5829958}> (0x00000000d5829958) 
thrown [s\src\hotspot\share\prims\jni.cpp, line 520]
Event: 3.194 Thread 0x000001edf046ce00 Exception <a 'java/io/FileNotFoundException'{0x00000000d582a6b8}> (0x00000000d582a6b8) 
thrown [s\src\hotspot\share\prims\jni.cpp, line 520]
Event: 3.321 Thread 0x000001edf2cc2940 Exception <a 'java/io/FileNotFoundException'{0x00000000d5f69020}> (0x00000000d5f69020) 
thrown [s\src\hotspot\share\prims\jni.cpp, line 520]
Event: 3.341 Thread 0x000001edf046ce00 Exception <a 'java/lang/NoSuchMethodError'{0x00000000d6176180}: 'java.lang.Object java.lang.invoke.DirectMethodHandle$Holder.invokeSpecialIFC(java.lang.Object, java.lang.Object, java.lang.Object, java.lang.Object)'> (0x00000000d6176180) 
thrown [s\src\hotspot\share\interpreter\linkResolver.cpp, line 773]
Event: 3.342 Thread 0x000001edf2cc2940 Exception <a 'java/lang/NoSuchMethodError'{0x00000000d61bf1b8}: 'java.lang.Object java.lang.invoke.DirectMethodHandle$Holder.invokeStatic(java.lang.Object, int, java.lang.Object, java.lang.Object)'> (0x00000000d61bf1b8) 
thrown [s\src\hotspot\share\interpreter\linkResolver.cpp, line 773]
Event: 3.343 Thread 0x000001edf2cc2940 Exception <a 'java/lang/NoSuchMethodError'{0x00000000d61d6d30}: 'java.lang.Object java.lang.invoke.DelegatingMethodHandle$Holder.delegate(java.lang.Object, int, java.lang.Object, java.lang.Object)'> (0x00000000d61d6d30) 
thrown [s\src\hotspot\share\interpreter\linkResolver.cpp, line 773]
Event: 3.345 Thread 0x000001edf2cc2940 Implicit null exception at 0x000001eddd70e4f6 to 0x000001eddd70e818
Event: 3.347 Thread 0x000001edf2cc2940 Exception <a 'java/lang/NoSuchMethodError'{0x00000000d6212f08}: 'int java.lang.invoke.Invokers$Holder.linkToTargetMethod(java.lang.Object, java.lang.Object, java.lang.Object)'> (0x00000000d6212f08) 
thrown [s\src\hotspot\share\interpreter\linkResolver.cpp, line 773]
Event: 3.482 Thread 0x000001edf046d490 Exception <a 'java/lang/NoSuchMethodError'{0x00000000d578c798}: 'int java.lang.invoke.DirectMethodHandle$Holder.invokeSpecialIFC(java.lang.Object, java.lang.Object, java.lang.Object, java.lang.Object)'> (0x00000000d578c798) 
thrown [s\src\hotspot\share\interpreter\linkResolver.cpp, line 773]
Event: 3.565 Thread 0x000001edf046ce00 Exception <a 'java/lang/NoClassDefFoundError'{0x00000000d5c5e428}: javax/enterprise/inject/Typed> (0x00000000d5c5e428) 
thrown [s\src\hotspot\share\classfile\systemDictionary.cpp, line 301]

ZGC Phase Switch (0 events):
No events

VM Operations (20 events):
Event: 2.703 Executing VM operation: ParallelGCFailedAllocation (Allocation Failure)
Event: 2.705 Executing VM operation: ParallelGCFailedAllocation (Allocation Failure) done
Event: 2.767 Executing VM operation: HandshakeAllThreads (Deoptimize)
Event: 2.767 Executing VM operation: HandshakeAllThreads (Deoptimize) done
Event: 2.973 Executing VM operation: ParallelGCFailedAllocation (Allocation Failure)
Event: 2.977 Executing VM operation: ParallelGCFailedAllocation (Allocation Failure) done
Event: 3.153 Executing VM operation: ParallelGCFailedAllocation (Allocation Failure)
Event: 3.155 Executing VM operation: ParallelGCFailedAllocation (Allocation Failure) done
Event: 3.201 Executing VM operation: CollectForMetadataAllocation (Metadata GC Threshold)
Event: 3.228 Executing VM operation: CollectForMetadataAllocation (Metadata GC Threshold) done
Event: 3.313 Executing VM operation: HandshakeAllThreads (Deoptimize)
Event: 3.313 Executing VM operation: HandshakeAllThreads (Deoptimize) done
Event: 3.318 Executing VM operation: HandshakeAllThreads (Deoptimize)
Event: 3.321 Executing VM operation: HandshakeAllThreads (Deoptimize) done
Event: 3.449 Executing VM operation: ParallelGCFailedAllocation (Allocation Failure)
Event: 3.454 Executing VM operation: ParallelGCFailedAllocation (Allocation Failure) done
Event: 3.555 Executing VM operation: HandshakeAllThreads (Deoptimize)
Event: 3.555 Executing VM operation: HandshakeAllThreads (Deoptimize) done
Event: 3.679 Executing VM operation: ParallelGCFailedAllocation (Allocation Failure)
Event: 3.681 Executing VM operation: ParallelGCFailedAllocation (Allocation Failure) done

Memory protections (0 events):
No events

Nmethod flushes (20 events):
Event: 3.216 Thread 0x000001edd295e970 flushing  nmethod 0x000001edd6050310
Event: 3.216 Thread 0x000001edd295e970 flushing  nmethod 0x000001edd6051a90
Event: 3.216 Thread 0x000001edd295e970 flushing  nmethod 0x000001edd6053110
Event: 3.216 Thread 0x000001edd295e970 flushing  nmethod 0x000001edd6054a90
Event: 3.216 Thread 0x000001edd295e970 flushing  nmethod 0x000001edd6055c90
Event: 3.216 Thread 0x000001edd295e970 flushing  nmethod 0x000001edd605f190
Event: 3.216 Thread 0x000001edd295e970 flushing  nmethod 0x000001edd605f690
Event: 3.216 Thread 0x000001edd295e970 flushing  nmethod 0x000001edd6080f10
Event: 3.216 Thread 0x000001edd295e970 flushing  nmethod 0x000001edd6081890
Event: 3.216 Thread 0x000001edd295e970 flushing  nmethod 0x000001edd608a610
Event: 3.216 Thread 0x000001edd295e970 flushing  nmethod 0x000001edd6094a10
Event: 3.216 Thread 0x000001edd295e970 flushing  nmethod 0x000001edd60f3790
Event: 3.216 Thread 0x000001edd295e970 flushing  nmethod 0x000001edd60f4190
Event: 3.216 Thread 0x000001edd295e970 flushing  nmethod 0x000001edd60f6610
Event: 3.216 Thread 0x000001edd295e970 flushing  nmethod 0x000001edd611b490
Event: 3.216 Thread 0x000001edd295e970 flushing  nmethod 0x000001edd611b910
Event: 3.216 Thread 0x000001edd295e970 flushing  nmethod 0x000001edd611c890
Event: 3.216 Thread 0x000001edd295e970 flushing  nmethod 0x000001edd611d690
Event: 3.216 Thread 0x000001edd295e970 flushing  nmethod 0x000001edd611ea90
Event: 3.216 Thread 0x000001edd295e970 flushing  nmethod 0x000001edd611fb90

Events (20 events):
Event: 2.972 Thread 0x000001edd28a0f90 Thread added: 0x000001edf0470280
Event: 2.972 Thread 0x000001edd28a0f90 Thread added: 0x000001edf0470910
Event: 2.972 Thread 0x000001edd28a0f90 Thread added: 0x000001edf0470fa0
Event: 2.973 Thread 0x000001edd28a0f90 Thread added: 0x000001edf0471630
Event: 2.977 Thread 0x000001edd28a0f90 Thread added: 0x000001edf2cbf4c0
Event: 2.977 Thread 0x000001edd28a0f90 Thread added: 0x000001edf2cc0870
Event: 2.977 Thread 0x000001edd28a0f90 Thread added: 0x000001edf2cbfb50
Event: 2.977 Thread 0x000001edd28a0f90 Thread added: 0x000001edf2cbe110
Event: 2.978 Thread 0x000001edd28a0f90 Thread added: 0x000001edf2cbee30
Event: 2.994 Thread 0x000001edd28a0f90 Thread added: 0x000001edf2cbe7a0
Event: 3.198 Thread 0x000001edf046ce00 Thread added: 0x000001edf2cc01e0
Event: 3.198 Thread 0x000001edf2cc01e0 Thread added: 0x000001edf2cc2fd0
Event: 3.198 Thread 0x000001edf2cc2fd0 Thread added: 0x000001edf2cc3cf0
Event: 3.199 Thread 0x000001edd28a0f90 Thread added: 0x000001edf2cc0f00
Event: 3.199 Thread 0x000001edf2cc3cf0 Thread added: 0x000001edf2cc1590
Event: 3.199 Thread 0x000001edd28a0f90 Thread added: 0x000001edf2cc2940
Event: 3.199 Thread 0x000001edf2cc1590 Thread added: 0x000001edf2cc4380
Event: 3.200 Thread 0x000001edf2cc4380 Thread added: 0x000001edf2cc4a10
Event: 3.200 Thread 0x000001edf2cc4a10 Thread added: 0x000001edf2cc3660
Event: 3.228 Thread 0x000001edf2cc3660 Thread added: 0x000001edf2cc50a0


Dynamic libraries:
0x00007ff64b530000 - 0x00007ff64b53e000 	c:\Users\Istiaque\.vscode\extensions\redhat.java-1.50.0-win32-x64\jre\21.0.9-win32-x86_64\bin\java.exe
0x00007ff86a360000 - 0x00007ff86a5c8000 	C:\WINDOWS\SYSTEM32\ntdll.dll
0x00007ff868c50000 - 0x00007ff868d19000 	C:\WINDOWS\System32\KERNEL32.DLL
0x00007ff867b80000 - 0x00007ff867f78000 	C:\WINDOWS\System32\KERNELBASE.dll
0x00007ff867720000 - 0x00007ff86786b000 	C:\WINDOWS\System32\ucrtbase.dll
0x00007ff84a750000 - 0x00007ff84a768000 	c:\Users\Istiaque\.vscode\extensions\redhat.java-1.50.0-win32-x64\jre\21.0.9-win32-x86_64\bin\jli.dll
0x00007ff84a680000 - 0x00007ff84a69e000 	c:\Users\Istiaque\.vscode\extensions\redhat.java-1.50.0-win32-x64\jre\21.0.9-win32-x86_64\bin\VCRUNTIME140.dll
0x00007ff868390000 - 0x00007ff868557000 	C:\WINDOWS\System32\USER32.dll
0x00007ff840260000 - 0x00007ff8404f4000 	C:\WINDOWS\WinSxS\amd64_microsoft.windows.common-controls_6595b64144ccf1df_6.0.26100.7019_none_3e06ffa0e335b8a8\COMCTL32.dll
0x00007ff867a90000 - 0x00007ff867ab7000 	C:\WINDOWS\System32\win32u.dll
0x00007ff868100000 - 0x00007ff86812b000 	C:\WINDOWS\System32\GDI32.dll
0x00007ff868ba0000 - 0x00007ff868c49000 	C:\WINDOWS\System32\msvcrt.dll
0x00007ff867540000 - 0x00007ff86766c000 	C:\WINDOWS\System32\gdi32full.dll
0x00007ff867870000 - 0x00007ff867913000 	C:\WINDOWS\System32\msvcp_win.dll
0x00007ff86a2b0000 - 0x00007ff86a2e1000 	C:\WINDOWS\System32\IMM32.DLL
0x00007ff85f7f0000 - 0x00007ff85f7fc000 	c:\Users\Istiaque\.vscode\extensions\redhat.java-1.50.0-win32-x64\jre\21.0.9-win32-x86_64\bin\vcruntime140_1.dll
0x00007ff8424d0000 - 0x00007ff84255d000 	c:\Users\Istiaque\.vscode\extensions\redhat.java-1.50.0-win32-x64\jre\21.0.9-win32-x86_64\bin\msvcp140.dll
0x00007fffdf9f0000 - 0x00007fffe0790000 	c:\Users\Istiaque\.vscode\extensions\redhat.java-1.50.0-win32-x64\jre\21.0.9-win32-x86_64\bin\server\jvm.dll
0x00007ff8688e0000 - 0x00007ff868994000 	C:\WINDOWS\System32\ADVAPI32.dll
0x00007ff868d20000 - 0x00007ff868dc6000 	C:\WINDOWS\System32\sechost.dll
0x00007ff868580000 - 0x00007ff868698000 	C:\WINDOWS\System32\RPCRT4.dll
0x00007ff868310000 - 0x00007ff868384000 	C:\WINDOWS\System32\WS2_32.dll
0x00007ff867310000 - 0x00007ff86736e000 	C:\WINDOWS\SYSTEM32\POWRPROF.dll
0x00007ff85c1b0000 - 0x00007ff85c1e5000 	C:\WINDOWS\SYSTEM32\WINMM.dll
0x00007ff852e30000 - 0x00007ff852e3b000 	C:\WINDOWS\SYSTEM32\VERSION.dll
0x00007ff8672f0000 - 0x00007ff867304000 	C:\WINDOWS\SYSTEM32\UMPDC.dll
0x00007ff866230000 - 0x00007ff86624b000 	C:\WINDOWS\SYSTEM32\kernel.appcore.dll
0x00007ff853540000 - 0x00007ff85354a000 	c:\Users\Istiaque\.vscode\extensions\redhat.java-1.50.0-win32-x64\jre\21.0.9-win32-x86_64\bin\jimage.dll
0x00007ff864bc0000 - 0x00007ff864e02000 	C:\WINDOWS\SYSTEM32\DBGHELP.DLL
0x00007ff869ea0000 - 0x00007ff86a22b000 	C:\WINDOWS\System32\combase.dll
0x00007ff869b90000 - 0x00007ff869c67000 	C:\WINDOWS\System32\OLEAUT32.dll
0x00007ff841de0000 - 0x00007ff841e1c000 	C:\WINDOWS\SYSTEM32\dbgcore.DLL
0x00007ff867670000 - 0x00007ff867715000 	C:\WINDOWS\System32\bcryptPrimitives.dll
0x00007ff84a7e0000 - 0x00007ff84a7ef000 	c:\Users\Istiaque\.vscode\extensions\redhat.java-1.50.0-win32-x64\jre\21.0.9-win32-x86_64\bin\instrument.dll
0x00007ff844f00000 - 0x00007ff844f20000 	c:\Users\Istiaque\.vscode\extensions\redhat.java-1.50.0-win32-x64\jre\21.0.9-win32-x86_64\bin\java.dll
0x00007ff869430000 - 0x00007ff869b7f000 	C:\WINDOWS\System32\SHELL32.dll
0x00007ff867920000 - 0x00007ff867a8b000 	C:\WINDOWS\System32\wintypes.dll
0x00007ff865090000 - 0x00007ff8658ed000 	C:\WINDOWS\SYSTEM32\windows.storage.dll
0x00007ff8686a0000 - 0x00007ff868792000 	C:\WINDOWS\System32\SHCORE.dll
0x00007ff8693c0000 - 0x00007ff869427000 	C:\WINDOWS\System32\shlwapi.dll
0x00007ff8673d0000 - 0x00007ff8673f9000 	C:\WINDOWS\SYSTEM32\profapi.dll
0x00007ff845b50000 - 0x00007ff845b68000 	c:\Users\Istiaque\.vscode\extensions\redhat.java-1.50.0-win32-x64\jre\21.0.9-win32-x86_64\bin\zip.dll
0x00007ff84a6f0000 - 0x00007ff84a700000 	C:\Users\Istiaque\.vscode\extensions\redhat.java-1.50.0-win32-x64\jre\21.0.9-win32-x86_64\bin\net.dll
0x00007ff85dc90000 - 0x00007ff85ddb8000 	C:\WINDOWS\SYSTEM32\WINHTTP.dll
0x00007ff866780000 - 0x00007ff8667eb000 	C:\WINDOWS\system32\mswsock.dll
0x00007ff844140000 - 0x00007ff844156000 	C:\Users\Istiaque\.vscode\extensions\redhat.java-1.50.0-win32-x64\jre\21.0.9-win32-x86_64\bin\nio.dll
0x00007ff844fe0000 - 0x00007ff844ff0000 	c:\Users\Istiaque\.vscode\extensions\redhat.java-1.50.0-win32-x64\jre\21.0.9-win32-x86_64\bin\verify.dll
0x00007ff8425f0000 - 0x00007ff842634000 	C:\Users\Istiaque\AppData\Roaming\Code\User\globalStorage\redhat.java\1.50.0\config_win\org.eclipse.equinox.launcher\org.eclipse.equinox.launcher.win32.win32.x86_64_1.2.1400.v20250801-0854\eclipse_11916.dll
0x00007ff868a00000 - 0x00007ff868b97000 	C:\WINDOWS\System32\ole32.dll
0x00007ff866b70000 - 0x00007ff866b8b000 	C:\WINDOWS\SYSTEM32\CRYPTSP.dll
0x00007ff866190000 - 0x00007ff8661ca000 	C:\WINDOWS\system32\rsaenh.dll
0x00007ff866830000 - 0x00007ff86685b000 	C:\WINDOWS\SYSTEM32\USERENV.dll
0x00007ff8673a0000 - 0x00007ff8673ca000 	C:\WINDOWS\SYSTEM32\bcrypt.dll
0x00007ff866b50000 - 0x00007ff866b5c000 	C:\WINDOWS\SYSTEM32\CRYPTBASE.dll
0x00007ff865d70000 - 0x00007ff865da4000 	C:\WINDOWS\SYSTEM32\IPHLPAPI.DLL
0x00007ff869de0000 - 0x00007ff869dea000 	C:\WINDOWS\System32\NSI.dll
0x00007ff842010000 - 0x00007ff842059000 	C:\Users\Istiaque\AppData\Local\Temp\jna-780797055\jna16168419892043002427.dll
0x00007ff869e80000 - 0x00007ff869e88000 	C:\WINDOWS\System32\PSAPI.DLL
0x00007ff85e0d0000 - 0x00007ff85e0ee000 	C:\WINDOWS\SYSTEM32\dhcpcsvc6.DLL
0x00007ff85e0a0000 - 0x00007ff85e0c3000 	C:\WINDOWS\SYSTEM32\dhcpcsvc.DLL

JVMTI agents:
c:\Users\Istiaque\.vscode\extensions\redhat.java-1.50.0-win32-x64\lombok\lombok-1.18.39-4050.jar path:c:\Users\Istiaque\.vscode\extensions\redhat.java-1.50.0-win32-x64\jre\21.0.9-win32-x86_64\bin\instrument.dll, loaded, initialized, instrumentlib options:none

dbghelp: loaded successfully - version: 4.0.5 - missing functions: none
symbol engine: initialized successfully - sym options: 0x614 - pdb path: .;c:\Users\Istiaque\.vscode\extensions\redhat.java-1.50.0-win32-x64\jre\21.0.9-win32-x86_64\bin;C:\WINDOWS\SYSTEM32;C:\WINDOWS\WinSxS\amd64_microsoft.windows.common-controls_6595b64144ccf1df_6.0.26100.7019_none_3e06ffa0e335b8a8;c:\Users\Istiaque\.vscode\extensions\redhat.java-1.50.0-win32-x64\jre\21.0.9-win32-x86_64\bin\server;C:\Users\Istiaque\AppData\Roaming\Code\User\globalStorage\redhat.java\1.50.0\config_win\org.eclipse.equinox.launcher\org.eclipse.equinox.launcher.win32.win32.x86_64_1.2.1400.v20250801-0854;C:\Users\Istiaque\AppData\Local\Temp\jna-780797055

VM Arguments:
jvm_args: --add-modules=ALL-SYSTEM --add-opens=java.base/java.util=ALL-UNNAMED --add-opens=java.base/java.lang=ALL-UNNAMED --add-opens=java.base/sun.nio.fs=ALL-UNNAMED -Declipse.application=org.eclipse.jdt.ls.core.id1 -Dosgi.bundles.defaultStartLevel=4 -Declipse.product=org.eclipse.jdt.ls.core.product -Djava.import.generatesMetadataFilesAtProjectRoot=false -DDetectVMInstallationsJob.disabled=true -Dfile.encoding=utf8 -XX:+UseParallelGC -XX:GCTimeRatio=4 -XX:AdaptiveSizePolicyWeight=90 -Dsun.zip.disableMemoryMapping=true -Xmx2G -Xms100m -Xlog:disable -javaagent:c:\Users\Istiaque\.vscode\extensions\redhat.java-1.50.0-win32-x64\lombok\lombok-1.18.39-4050.jar -XX:+HeapDumpOnOutOfMemoryError -XX:HeapDumpPath=c:\Users\Istiaque\AppData\Roaming\Code\User\workspaceStorage\45f10d8c7106ae169f19e5a6df158cab\redhat.java -Daether.dependencyCollector.impl=bf 
java_command: c:\Users\Istiaque\.vscode\extensions\redhat.java-1.50.0-win32-x64\server\plugins\org.eclipse.equinox.launcher_1.7.100.v20251111-0406.jar -configuration c:\Users\Istiaque\AppData\Roaming\Code\User\globalStorage\redhat.java\1.50.0\config_win -data c:\Users\Istiaque\AppData\Roaming\Code\User\workspaceStorage\45f10d8c7106ae169f19e5a6df158cab\redhat.java\jdt_ws --pipe=\\.\pipe\lsp-06eccbbe8d221c72daae162169a64073-sock
java_class_path (initial): c:\Users\Istiaque\.vscode\extensions\redhat.java-1.50.0-win32-x64\server\plugins\org.eclipse.equinox.launcher_1.7.100.v20251111-0406.jar
Launcher Type: SUN_STANDARD

[Global flags]
    uintx AdaptiveSizePolicyWeight                 = 90                                        {product} {command line}
     intx CICompilerCount                          = 4                                         {product} {ergonomic}
    uintx GCTimeRatio                              = 4                                         {product} {command line}
     bool HeapDumpOnOutOfMemoryError               = true                                   {manageable} {command line}
    ccstr HeapDumpPath                             = c:\Users\Istiaque\AppData\Roaming\Code\User\workspaceStorage\45f10d8c7106ae169f19e5a6df158cab\redhat.java         {manageable} {command line}
   size_t InitialHeapSize                          = 104857600                                 {product} {command line}
   size_t MaxHeapSize                              = 2147483648                                {product} {command line}
   size_t MaxNewSize                               = 715653120                                 {product} {ergonomic}
   size_t MinHeapDeltaBytes                        = 524288                                    {product} {ergonomic}
   size_t MinHeapSize                              = 104857600                                 {product} {command line}
   size_t NewSize                                  = 34603008                                  {product} {ergonomic}
    uintx NonNMethodCodeHeapSize                   = 5839372                                {pd product} {ergonomic}
    uintx NonProfiledCodeHeapSize                  = 122909434                              {pd product} {ergonomic}
   size_t OldSize                                  = 70254592                                  {product} {ergonomic}
    uintx ProfiledCodeHeapSize                     = 122909434                              {pd product} {ergonomic}
    uintx ReservedCodeCacheSize                    = 251658240                              {pd product} {ergonomic}
     bool SegmentedCodeCache                       = true                                      {product} {ergonomic}
   size_t SoftMaxHeapSize                          = 2147483648                             {manageable} {ergonomic}
     bool UseCompressedOops                        = true                           {product lp64_product} {ergonomic}
     bool UseLargePagesIndividualAllocation        = false                                  {pd product} {ergonomic}
     bool UseParallelGC                            = true                                      {product} {command line}

Logging:
Log output configuration:
 #0: stdout all=off uptime,level,tags foldmultilines=false
 #1: stderr all=off uptime,level,tags foldmultilines=false

Release file:
JAVA_VERSION="21.0.9" 
MODULES="java.base java.compiler java.datatransfer java.xml java.prefs java.desktop java.instrument java.logging java.management java.security.sasl java.naming java.rmi java.management.rmi java.net.http java.scripting java.security.jgss java.transaction.xa java.sql java.sql.rowset java.xml.crypto java.se java.smartcardio jdk.accessibility jdk.internal.jvmstat jdk.attach jdk.charsets jdk.internal.opt jdk.zipfs jdk.compiler jdk.crypto.ec jdk.crypto.cryptoki jdk.crypto.mscapi jdk.dynalink jdk.internal.ed jdk.editpad jdk.hotspot.agent jdk.httpserver jdk.internal.le jdk.internal.vm.ci jdk.internal.vm.compiler jdk.internal.vm.compiler.management jdk.jartool jdk.javadoc jdk.jcmd jdk.management jdk.management.agent jdk.jconsole jdk.jdeps jdk.jdwp.agent jdk.jdi jdk.jfr jdk.jshell jdk.jsobject jdk.jstatd jdk.localedata jdk.management.jfr jdk.naming.dns jdk.naming.rmi jdk.net jdk.nio.mapmode jdk.random jdk.sctp jdk.security.auth jdk.security.jgss jdk.unsupported jdk.unsupported.desktop jdk.xml.dom" 

Environment Variables:
PATH=C:\Program Files\Common Files\Oracle\Java\javapath;C:\WINDOWS\system32;C:\WINDOWS;C:\WINDOWS\System32\Wbem;C:\WINDOWS\System32\WindowsPowerShell\v1.0\;C:\WINDOWS\System32\OpenSSH\;C:\Program Files\Git\cmd;C:\Program Files\Docker\Docker\resources\bin;%MAVEN_HOME%\bin;X:\Projects\apache-maven-3.9.11\bin;C:\Users\Istiaque\AppData\Local\Programs\Python\Python313\Scripts\;C:\Users\Istiaque\AppData\Local\Programs\Python\Python313\;C:\Users\Istiaque\AppData\Local\Programs\Python\Launcher\;C:\Users\Istiaque\AppData\Local\Microsoft\WindowsApps;C:\Users\Istiaque\AppData\Local\Programs\Microsoft VS Code\bin
USERNAME=Istiaque
OS=Windows_NT
PROCESSOR_IDENTIFIER=Intel64 Family 6 Model 154 Stepping 4, GenuineIntel
TMP=C:\Users\Istiaque\AppData\Local\Temp
TEMP=C:\Users\Istiaque\AppData\Local\Temp




Periodic native trim disabled

---------------  S Y S T E M  ---------------

OS:
 Windows 11 , 64 bit Build 26100 (10.0.26100.7019)
OS uptime: 0 days 2:49 hours
Hyper-V role detected

CPU: total 12 (initial active 12) (6 cores per cpu, 2 threads per core) family 6 model 154 stepping 4 microcode 0x42c, cx8, cmov, fxsr, ht, mmx, 3dnowpref, sse, sse2, sse3, ssse3, sse4.1, sse4.2, popcnt, lzcnt, tsc, tscinvbit, avx, avx2, aes, erms, clmul, bmi1, bmi2, adx, sha, fma, vzeroupper, clflush, clflushopt, clwb, hv, serialize, rdtscp, rdpid, fsrm, f16c, cet_ibt, cet_ss
Processor Information for processor 0
  Max Mhz: 1300, Current Mhz: 1300, Mhz Limit: 1300
Processor Information for processor 1
  Max Mhz: 1300, Current Mhz: 1300, Mhz Limit: 1300
Processor Information for processor 2
  Max Mhz: 1300, Current Mhz: 1300, Mhz Limit: 1300
Processor Information for processor 3
  Max Mhz: 1300, Current Mhz: 1300, Mhz Limit: 1300
Processor Information for processor 4
  Max Mhz: 1300, Current Mhz: 900, Mhz Limit: 897
Processor Information for processor 5
  Max Mhz: 1300, Current Mhz: 900, Mhz Limit: 897
Processor Information for processor 6
  Max Mhz: 1300, Current Mhz: 900, Mhz Limit: 897
Processor Information for processor 7
  Max Mhz: 1300, Current Mhz: 900, Mhz Limit: 897
Processor Information for processor 8
  Max Mhz: 1300, Current Mhz: 900, Mhz Limit: 897
Processor Information for processor 9
  Max Mhz: 1300, Current Mhz: 900, Mhz Limit: 897
Processor Information for processor 10
  Max Mhz: 1300, Current Mhz: 900, Mhz Limit: 897
Processor Information for processor 11
  Max Mhz: 1300, Current Mhz: 900, Mhz Limit: 897

Memory: 4k page, system-wide physical 7863M (1045M free)
TotalPageFile size 14391M (AvailPageFile size 8M)
current process WorkingSet (physical memory assigned to process): 228M, peak: 228M
current process commit charge ("private bytes"): 354M, peak: 354M

vm_info: OpenJDK 64-Bit Server VM (21.0.9+10-LTS) for windows-amd64 JRE (21.0.9+10-LTS), built on 2025-10-21T00:00:00Z by "admin" with unknown MS VC++:1942

END.
