#
# There is insufficient memory for the Java Runtime Environment to continue.
# Native memory allocation (malloc) failed to allocate 1162496 bytes. Error detail: Chunk::new
# Possible reasons:
#   The system is out of physical RAM or swap space
#   This process is running with CompressedOops enabled, and the Java Heap may be blocking the growth of the native heap
# Possible solutions:
#   Reduce memory load on the system
#   Increase physical memory or swap space
#   Check if swap backing store is full
#   Decrease Java heap size (-Xmx/-Xms)
#   Decrease number of Java threads
#   Decrease Java thread stack sizes (-Xss)
#   Set larger code cache with -XX:ReservedCodeCacheSize=
#   JVM is running with Unscaled Compressed Oops mode in which the Java heap is
#     placed in the first 4GB address space. The Java Heap base address is the
#     maximum limit for the native heap growth. Please use -XX:HeapBaseMinAddress
#     to set the Java Heap base and to place the Java Heap above 4GB virtual address.
# This output file may be truncated or incomplete.
#
#  Out of Memory Error (arena.cpp:168), pid=16008, tid=6832
#
# JRE version: OpenJDK Runtime Environment Temurin-21.0.9+10 (21.0.9+10) (build 21.0.9+10-LTS)
# Java VM: OpenJDK 64-Bit Server VM Temurin-21.0.9+10 (21.0.9+10-LTS, mixed mode, sharing, tiered, compressed oops, compressed class ptrs, parallel gc, windows-amd64)
# No core dump will be written. Minidumps are not enabled by default on client versions of Windows
#

---------------  S U M M A R Y ------------

Command Line: --add-modules=ALL-SYSTEM --add-opens=java.base/java.util=ALL-UNNAMED --add-opens=java.base/java.lang=ALL-UNNAMED --add-opens=java.base/sun.nio.fs=ALL-UNNAMED -Declipse.application=org.eclipse.jdt.ls.core.id1 -Dosgi.bundles.defaultStartLevel=4 -Declipse.product=org.eclipse.jdt.ls.core.product -Djava.import.generatesMetadataFilesAtProjectRoot=false -DDetectVMInstallationsJob.disabled=true -Dfile.encoding=utf8 -XX:+UseParallelGC -XX:GCTimeRatio=4 -XX:AdaptiveSizePolicyWeight=90 -Dsun.zip.disableMemoryMapping=true -Xmx2G -Xms100m -Xlog:disable -javaagent:c:\Users\Istiaque\.vscode\extensions\redhat.java-1.50.0-win32-x64\lombok\lombok-1.18.39-4050.jar -XX:+HeapDumpOnOutOfMemoryError -XX:HeapDumpPath=c:\Users\Istiaque\AppData\Roaming\Code\User\workspaceStorage\45f10d8c7106ae169f19e5a6df158cab\redhat.java -Daether.dependencyCollector.impl=bf c:\Users\Istiaque\.vscode\extensions\redhat.java-1.50.0-win32-x64\server\plugins\org.eclipse.equinox.launcher_1.7.100.v20251111-0406.jar -configuration c:\Users\Istiaque\AppData\Roaming\Code\User\globalStorage\redhat.java\1.50.0\config_win -data c:\Users\Istiaque\AppData\Roaming\Code\User\workspaceStorage\45f10d8c7106ae169f19e5a6df158cab\redhat.java\jdt_ws --pipe=\\.\pipe\lsp-a1402a5157f9e22f30fa3c6b912eb98b-sock

Host: 12th Gen Intel(R) Core(TM) i5-1235U, 12 cores, 7G,  Windows 11 , 64 bit Build 26100 (10.0.26100.7019)
Time: Mon Dec  1 11:08:35 2025 Bangladesh Standard Time elapsed time: 155.826656 seconds (0d 0h 2m 35s)

---------------  T H R E A D  ---------------

Current thread (0x00000226ff51da00):  JavaThread "C2 CompilerThread0" daemon [_thread_in_native, id=6832, stack(0x000000a147d00000,0x000000a147e00000) (1024K)]


Current CompileTask:
C2:155826 8310       4       java.lang.StackTraceElement::toString (298 bytes)

Stack: [0x000000a147d00000,0x000000a147e00000]
Native frames: (J=compiled Java code, j=interpreted, Vv=VM code, C=native code)
V  [jvm.dll+0x6d6e29]
V  [jvm.dll+0x8b4b76]
V  [jvm.dll+0x8b712e]
V  [jvm.dll+0x8b7813]
V  [jvm.dll+0x283d86]
V  [jvm.dll+0xc66ed]
V  [jvm.dll+0xc6c31]
V  [jvm.dll+0x3be53b]
V  [jvm.dll+0x38ab92]
V  [jvm.dll+0x389fda]
V  [jvm.dll+0x24bfa0]
V  [jvm.dll+0x24b580]
V  [jvm.dll+0x1cb13e]
V  [jvm.dll+0x25b29d]
V  [jvm.dll+0x25982a]
V  [jvm.dll+0x3f7ea6]
V  [jvm.dll+0x85e9ad]
V  [jvm.dll+0x6d565d]
C  [ucrtbase.dll+0x37b0]
C  [KERNEL32.DLL+0x2e8d7]
C  [ntdll.dll+0x8c53c]


---------------  P R O C E S S  ---------------

Threads class SMR info:
_java_thread_list=0x00000226c84626b0, length=46, elements={
0x00000226e6c4c660, 0x00000226ff4e0080, 0x00000226ff4e2ae0, 0x00000226ff4e76e0,
0x00000226ff4ee0a0, 0x00000226ff4ebfc0, 0x00000226ff519fd0, 0x00000226ff51da00,
0x00000226ff52f230, 0x00000226ff7a92d0, 0x00000226ff7a64e0, 0x00000226ff7a6b70,
0x00000226ff7a7200, 0x00000226ff7a7890, 0x00000226ff7a7f20, 0x00000226ff7a9960,
0x00000226ff7a85b0, 0x00000226ff7a8c40, 0x00000226c62ae7c0, 0x00000226c62af4e0,
0x00000226c62ad410, 0x00000226c62ac6f0, 0x00000226c62ae130, 0x00000226c62ac060,
0x00000226c62b0f20, 0x00000226c62b2ff0, 0x00000226c62b15b0, 0x00000226c62b1c40,
0x00000226c62b0890, 0x00000226c62b22d0, 0x00000226c62b2960, 0x00000226c62afb70,
0x00000226c62b3680, 0x00000226c62b0200, 0x00000226c87aad70, 0x00000226c87ac120,
0x00000226c87ab400, 0x00000226c87a9330, 0x00000226c87a8ca0, 0x00000226c87ace40,
0x00000226c87ad4d0, 0x00000226c87aba90, 0x00000226c87ac7b0, 0x00000226c87aa6e0,
0x00000226c87a99c0, 0x00000226ff531440
}

Java Threads: ( => current thread )
  0x00000226e6c4c660 JavaThread "main"                              [_thread_blocked, id=17664, stack(0x000000a147300000,0x000000a147400000) (1024K)]
  0x00000226ff4e0080 JavaThread "Reference Handler"          daemon [_thread_blocked, id=18184, stack(0x000000a147700000,0x000000a147800000) (1024K)]
  0x00000226ff4e2ae0 JavaThread "Finalizer"                  daemon [_thread_blocked, id=18328, stack(0x000000a147800000,0x000000a147900000) (1024K)]
  0x00000226ff4e76e0 JavaThread "Signal Dispatcher"          daemon [_thread_blocked, id=14392, stack(0x000000a147900000,0x000000a147a00000) (1024K)]
  0x00000226ff4ee0a0 JavaThread "Attach Listener"            daemon [_thread_blocked, id=15720, stack(0x000000a147a00000,0x000000a147b00000) (1024K)]
  0x00000226ff4ebfc0 JavaThread "Service Thread"             daemon [_thread_blocked, id=13376, stack(0x000000a147b00000,0x000000a147c00000) (1024K)]
  0x00000226ff519fd0 JavaThread "Monitor Deflation Thread"   daemon [_thread_blocked, id=4092, stack(0x000000a147c00000,0x000000a147d00000) (1024K)]
=>0x00000226ff51da00 JavaThread "C2 CompilerThread0"         daemon [_thread_in_native, id=6832, stack(0x000000a147d00000,0x000000a147e00000) (1024K)]
  0x00000226ff52f230 JavaThread "C1 CompilerThread0"         daemon [_thread_blocked, id=2392, stack(0x000000a147e00000,0x000000a147f00000) (1024K)]
  0x00000226ff7a92d0 JavaThread "Common-Cleaner"             daemon [_thread_blocked, id=15176, stack(0x000000a148000000,0x000000a148100000) (1024K)]
  0x00000226ff7a64e0 JavaThread "Notification Thread"        daemon [_thread_blocked, id=17288, stack(0x000000a148100000,0x000000a148200000) (1024K)]
  0x00000226ff7a6b70 JavaThread "Active Thread: Equinox Container: 088dee10-4a8f-442b-bec4-d2dd4eddc4b0"        [_thread_blocked, id=17084, stack(0x000000a148900000,0x000000a148a00000) (1024K)]
  0x00000226ff7a7200 JavaThread "Refresh Thread: Equinox Container: 088dee10-4a8f-442b-bec4-d2dd4eddc4b0" daemon [_thread_blocked, id=17824, stack(0x000000a148a00000,0x000000a148b00000) (1024K)]
  0x00000226ff7a7890 JavaThread "Framework Event Dispatcher: Equinox Container: 088dee10-4a8f-442b-bec4-d2dd4eddc4b0" daemon [_thread_blocked, id=4676, stack(0x000000a148c00000,0x000000a148d00000) (1024K)]
  0x00000226ff7a7f20 JavaThread "Start Level: Equinox Container: 088dee10-4a8f-442b-bec4-d2dd4eddc4b0" daemon [_thread_blocked, id=13900, stack(0x000000a148d00000,0x000000a148e00000) (1024K)]
  0x00000226ff7a9960 JavaThread "Bundle File Closer"         daemon [_thread_blocked, id=6080, stack(0x000000a149000000,0x000000a149100000) (1024K)]
  0x00000226ff7a85b0 JavaThread "SCR Component Actor"        daemon [_thread_blocked, id=17272, stack(0x000000a149100000,0x000000a149200000) (1024K)]
  0x00000226ff7a8c40 JavaThread "Worker-JM"                         [_thread_blocked, id=7624, stack(0x000000a149200000,0x000000a149300000) (1024K)]
  0x00000226c62ae7c0 JavaThread "JNA Cleaner"                daemon [_thread_blocked, id=18132, stack(0x000000a149300000,0x000000a149400000) (1024K)]
  0x00000226c62af4e0 JavaThread "Worker-0"                          [_thread_blocked, id=1628, stack(0x000000a149400000,0x000000a149500000) (1024K)]
  0x00000226c62ad410 JavaThread "Worker-2"                          [_thread_blocked, id=17964, stack(0x000000a149600000,0x000000a149700000) (1024K)]
  0x00000226c62ac6f0 JavaThread "Thread-1"                   daemon [_thread_in_native, id=14760, stack(0x000000a149c00000,0x000000a149d00000) (1024K)]
  0x00000226c62ae130 JavaThread "Thread-2"                   daemon [_thread_in_native, id=18128, stack(0x000000a149d00000,0x000000a149e00000) (1024K)]
  0x00000226c62ac060 JavaThread "Thread-3"                   daemon [_thread_in_native, id=6000, stack(0x000000a149e00000,0x000000a149f00000) (1024K)]
  0x00000226c62b0f20 JavaThread "Thread-4"                   daemon [_thread_in_native, id=14044, stack(0x000000a149f00000,0x000000a14a000000) (1024K)]
  0x00000226c62b2ff0 JavaThread "Thread-5"                   daemon [_thread_in_native, id=1264, stack(0x000000a14a000000,0x000000a14a100000) (1024K)]
  0x00000226c62b15b0 JavaThread "Thread-6"                   daemon [_thread_in_native, id=12796, stack(0x000000a14a100000,0x000000a14a200000) (1024K)]
  0x00000226c62b1c40 JavaThread "Thread-7"                   daemon [_thread_in_native, id=14504, stack(0x000000a14a200000,0x000000a14a300000) (1024K)]
  0x00000226c62b0890 JavaThread "Thread-8"                   daemon [_thread_in_native, id=3736, stack(0x000000a14a300000,0x000000a14a400000) (1024K)]
  0x00000226c62b22d0 JavaThread "Thread-9"                   daemon [_thread_in_native, id=2204, stack(0x000000a14a400000,0x000000a14a500000) (1024K)]
  0x00000226c62b2960 JavaThread "Thread-10"                  daemon [_thread_in_native, id=17768, stack(0x000000a14a500000,0x000000a14a600000) (1024K)]
  0x00000226c62afb70 JavaThread "Thread-11"                  daemon [_thread_in_native, id=6028, stack(0x000000a14a600000,0x000000a14a700000) (1024K)]
  0x00000226c62b3680 JavaThread "Thread-12"                  daemon [_thread_in_native, id=1300, stack(0x000000a14a700000,0x000000a14a800000) (1024K)]
  0x00000226c62b0200 JavaThread "Thread-13"                  daemon [_thread_in_native, id=3140, stack(0x000000a14a800000,0x000000a14a900000) (1024K)]
  0x00000226c87aad70 JavaThread "pool-2-thread-1"                   [_thread_blocked, id=15536, stack(0x000000a14a900000,0x000000a14aa00000) (1024K)]
  0x00000226c87ac120 JavaThread "ForkJoinPool.commonPool-worker-1" daemon [_thread_blocked, id=4332, stack(0x000000a14aa00000,0x000000a14ab00000) (1024K)]
  0x00000226c87ab400 JavaThread "ForkJoinPool.commonPool-worker-3" daemon [_thread_blocked, id=7592, stack(0x000000a14ac00000,0x000000a14ad00000) (1024K)]
  0x00000226c87a9330 JavaThread "ForkJoinPool.commonPool-worker-4" daemon [_thread_blocked, id=14172, stack(0x000000a14ad00000,0x000000a14ae00000) (1024K)]
  0x00000226c87a8ca0 JavaThread "ForkJoinPool.commonPool-worker-5" daemon [_thread_blocked, id=8260, stack(0x000000a14ae00000,0x000000a14af00000) (1024K)]
  0x00000226c87ace40 JavaThread "ForkJoinPool.commonPool-worker-6" daemon [_thread_blocked, id=2740, stack(0x000000a14af00000,0x000000a14b000000) (1024K)]
  0x00000226c87ad4d0 JavaThread "ForkJoinPool.commonPool-worker-8" daemon [_thread_blocked, id=16628, stack(0x000000a14b100000,0x000000a14b200000) (1024K)]
  0x00000226c87aba90 JavaThread "WorkspaceEventsHandler"            [_thread_blocked, id=8556, stack(0x000000a14b200000,0x000000a14b300000) (1024K)]
  0x00000226c87ac7b0 JavaThread "pool-1-thread-1"                   [_thread_in_native, id=4208, stack(0x000000a14b300000,0x000000a14b400000) (1024K)]
  0x00000226c87aa6e0 JavaThread "pool-4-thread-1"                   [_thread_blocked, id=14472, stack(0x000000a147000000,0x000000a147100000) (1024K)]
  0x00000226c87a99c0 JavaThread "Framework stop - Equinox Container: 088dee10-4a8f-442b-bec4-d2dd4eddc4b0"        [_thread_in_native, id=2016, stack(0x000000a147100000,0x000000a147200000) (1024K)]
  0x00000226ff531440 JavaThread "C2 CompilerThread1"         daemon [_thread_in_native, id=16564, stack(0x000000a147f00000,0x000000a148000000) (1024K)]
Total: 46

Other Threads:
  0x00000226e6d0e990 VMThread "VM Thread"                           [id=16100, stack(0x000000a147600000,0x000000a147700000) (1024K)]
  0x00000226e6adc8d0 WatcherThread "VM Periodic Task Thread"        [id=16680, stack(0x000000a147500000,0x000000a147600000) (1024K)]
  0x00000226e6c6cde0 WorkerThread "GC Thread#0"                     [id=7588, stack(0x000000a147400000,0x000000a147500000) (1024K)]
  0x00000226c55da080 WorkerThread "GC Thread#1"                     [id=17800, stack(0x000000a148300000,0x000000a148400000) (1024K)]
  0x00000226c565e0b0 WorkerThread "GC Thread#2"                     [id=5128, stack(0x000000a148400000,0x000000a148500000) (1024K)]
  0x00000226c565e450 WorkerThread "GC Thread#3"                     [id=17020, stack(0x000000a148500000,0x000000a148600000) (1024K)]
  0x00000226c565e7f0 WorkerThread "GC Thread#4"                     [id=15608, stack(0x000000a148600000,0x000000a148700000) (1024K)]
  0x00000226c55e5a00 WorkerThread "GC Thread#5"                     [id=7572, stack(0x000000a148700000,0x000000a148800000) (1024K)]
  0x00000226c55fe1c0 WorkerThread "GC Thread#6"                     [id=4424, stack(0x000000a148800000,0x000000a148900000) (1024K)]
  0x00000226c5b0a3e0 WorkerThread "GC Thread#7"                     [id=2252, stack(0x000000a148b00000,0x000000a148c00000) (1024K)]
  0x00000226c57f7c40 WorkerThread "GC Thread#8"                     [id=8588, stack(0x000000a148e00000,0x000000a148f00000) (1024K)]
  0x00000226c57f7fe0 WorkerThread "GC Thread#9"                     [id=17624, stack(0x000000a148f00000,0x000000a149000000) (1024K)]
Total: 12

Threads with active compile tasks:
C2 CompilerThread0  155842 8310       4       java.lang.StackTraceElement::toString (298 bytes)
C2 CompilerThread1  155842 8284       4       org.eclipse.osgi.internal.serviceregistry.ServiceRegistry::notifyHooksPrivileged (57 bytes)
Total: 2

VM state: not at safepoint (normal execution)

VM Mutex/Monitor currently owned by a thread: None

Heap address: 0x0000000080000000, size: 2048 MB, Compressed Oops mode: 32-bit

CDS archive(s) mapped at: [0x0000022680000000-0x0000022680ba0000-0x0000022680ba0000), size 12189696, SharedBaseAddress: 0x0000022680000000, ArchiveRelocationMode: 1.
Compressed class space mapped at: 0x0000022681000000-0x00000226c1000000, reserved size: 1073741824
Narrow klass base: 0x0000022680000000, Narrow klass shift: 0, Narrow klass range: 0x100000000

GC Precious Log:
 CardTable entry size: 512
 CPUs: 12 total, 12 available
 Memory: 7863M
 Large Page Support: Disabled
 NUMA Support: Disabled
 Compressed Oops: Enabled (32-bit)
 Alignments: Space 512K, Generation 512K, Heap 2M
 Heap Min Capacity: 100M
 Heap Initial Capacity: 100M
 Heap Max Capacity: 2G
 Pre-touch: Disabled
 Parallel Workers: 10

Heap:
 PSYoungGen      total 20480K, used 20064K [0x00000000d5580000, 0x00000000d6d00000, 0x0000000100000000)
  eden space 19968K, 100% used [0x00000000d5580000,0x00000000d6900000,0x00000000d6900000)
  from space 512K, 18% used [0x00000000d6c80000,0x00000000d6c98000,0x00000000d6d00000)
  to   space 512K, 0% used [0x00000000d6900000,0x00000000d6900000,0x00000000d6980000)
 ParOldGen       total 68608K, used 37887K [0x0000000080000000, 0x0000000084300000, 0x00000000d5580000)
  object space 68608K, 55% used [0x0000000080000000,0x00000000824fff40,0x0000000084300000)
 Metaspace       used 58411K, committed 59968K, reserved 1114112K
  class space    used 6371K, committed 6976K, reserved 1048576K

Card table byte_map: [0x00000226e65f0000,0x00000226e6a00000] _byte_map_base: 0x00000226e61f0000

Marking Bits: (ParMarkBitMap*) 0x00007fffe06b2460
 Begin Bits: [0x00000226f9100000, 0x00000226fb100000)
 End Bits:   [0x00000226fb100000, 0x00000226fd100000)

Polling page: 0x00000226e4a60000

Metaspace:

Usage:
  Non-class:     50.82 MB used.
      Class:      6.22 MB used.
       Both:     57.04 MB used.

Virtual space:
  Non-class space:       64.00 MB reserved,      51.75 MB ( 81%) committed,  1 nodes.
      Class space:        1.00 GB reserved,       6.81 MB ( <1%) committed,  1 nodes.
             Both:        1.06 GB reserved,      58.56 MB (  5%) committed. 

Chunk freelists:
   Non-Class:  12.17 MB
       Class:  9.00 MB
        Both:  21.17 MB

MaxMetaspaceSize: unlimited
CompressedClassSpaceSize: 1.00 GB
Initial GC threshold: 21.00 MB
Current GC threshold: 97.31 MB
CDS: on
 - commit_granule_bytes: 65536.
 - commit_granule_words: 8192.
 - virtual_space_node_default_size: 8388608.
 - enlarge_chunks_in_place: 1.
 - use_allocation_guard: 0.


Internal statistics:

num_allocs_failed_limit: 9.
num_arena_births: 1130.
num_arena_deaths: 22.
num_vsnodes_births: 2.
num_vsnodes_deaths: 0.
num_space_committed: 937.
num_space_uncommitted: 0.
num_chunks_returned_to_freelist: 35.
num_chunks_taken_from_freelist: 3807.
num_chunk_merges: 16.
num_chunk_splits: 2378.
num_chunks_enlarged: 1390.
num_inconsistent_stats: 0.

CodeHeap 'non-profiled nmethods': size=120000Kb used=5521Kb max_used=5567Kb free=114478Kb
 bounds [0x00000226f1920000, 0x00000226f1e90000, 0x00000226f8e50000]
CodeHeap 'profiled nmethods': size=120000Kb used=15585Kb max_used=15927Kb free=104414Kb
 bounds [0x00000226e9e50000, 0x00000226eade0000, 0x00000226f1380000]
CodeHeap 'non-nmethods': size=5760Kb used=1417Kb max_used=1481Kb free=4342Kb
 bounds [0x00000226f1380000, 0x00000226f15f0000, 0x00000226f1920000]
CodeCache: size=245760Kb, used=22523Kb, max_used=22975Kb, free=223234Kb
 total_blobs=8310, nmethods=7584, adapters=632, full_count=0
Compilation: enabled, stopped_count=0, restarted_count=0

Compilation events (20 events):
Event: 153.738 Thread 0x00000226ff51da00 nmethod 8309 0x00000226f1ad9190 code [0x00000226f1ad9320, 0x00000226f1ad93d8]
Event: 153.744 Thread 0x00000226ff51da00 8310       4       java.lang.StackTraceElement::toString (298 bytes)
Event: 154.782 Thread 0x00000226ff52f230 8312       3       org.eclipse.osgi.internal.framework.EquinoxEventPublisher::asBundleContexts (2 bytes)
Event: 154.783 Thread 0x00000226ff52f230 nmethod 8312 0x00000226ea141f10 code [0x00000226ea1420a0, 0x00000226ea142190]
Event: 154.783 Thread 0x00000226ff52f230 8313       3       java.lang.invoke.VarHandleGuards::guard_LII_Z (86 bytes)
Event: 154.785 Thread 0x00000226ff52f230 nmethod 8313 0x00000226ea228f10 code [0x00000226ea229240, 0x00000226ea22a970]
Event: 154.786 Thread 0x00000226ff52f230 8316       3       java.util.Collections::reverseOrder (4 bytes)
Event: 154.786 Thread 0x00000226ff52f230 nmethod 8316 0x00000226ea1d8f90 code [0x00000226ea1d9120, 0x00000226ea1d9218]
Event: 154.786 Thread 0x00000226ff52f230 8314       3       org.eclipse.osgi.internal.log.ExtendedLogReaderServiceFactory::decrementNestedCount (21 bytes)
Event: 154.786 Thread 0x00000226ff52f230 nmethod 8314 0x00000226e9eb6c10 code [0x00000226e9eb6e00, 0x00000226e9eb7378]
Event: 154.801 Thread 0x00000226ff52f230 8317       3       java.util.Formatter$Conversion::isValid (256 bytes)
Event: 154.801 Thread 0x00000226ff52f230 nmethod 8317 0x00000226ea390a90 code [0x00000226ea390c40, 0x00000226ea3911e8]
Event: 154.801 Thread 0x00000226ff52f230 8318       3       java.util.Formatter$FormatSpecifier::print (357 bytes)
Event: 154.804 Thread 0x00000226ff52f230 nmethod 8318 0x00000226ea647310 code [0x00000226ea6477e0, 0x00000226ea649b80]
Event: 154.805 Thread 0x00000226ff52f230 8319       3       java.util.Comparators$NaturalOrderComparator::compare (13 bytes)
Event: 154.805 Thread 0x00000226ff52f230 nmethod 8319 0x00000226ea08b090 code [0x00000226ea08b260, 0x00000226ea08b6b0]
Event: 154.805 Thread 0x00000226ff52f230 8320       3       java.util.Comparators$NaturalOrderComparator::compare (8 bytes)
Event: 154.806 Thread 0x00000226ff52f230 nmethod 8320 0x00000226e9fa5910 code [0x00000226e9fa5ac0, 0x00000226e9fa5ca0]
Event: 154.806 Thread 0x00000226ff52f230 8321       3       java.util.stream.Collectors$$Lambda/0x80000003e::accept (12 bytes)
Event: 154.806 Thread 0x00000226ff52f230 nmethod 8321 0x00000226e9eb3b10 code [0x00000226e9eb3ce0, 0x00000226e9eb4028]

GC Heap History (20 events):
Event: 155.292 GC heap before
{Heap before GC invocations=172 (full 3):
 PSYoungGen      total 20480K, used 20032K [0x00000000d5580000, 0x00000000d6d00000, 0x0000000100000000)
  eden space 19968K, 100% used [0x00000000d5580000,0x00000000d6900000,0x00000000d6900000)
  from space 512K, 12% used [0x00000000d6c80000,0x00000000d6c90000,0x00000000d6d00000)
  to   space 512K, 0% used [0x00000000d6900000,0x00000000d6900000,0x00000000d6980000)
 ParOldGen       total 68608K, used 37887K [0x0000000080000000, 0x0000000084300000, 0x00000000d5580000)
  object space 68608K, 55% used [0x0000000080000000,0x00000000824fff40,0x0000000084300000)
 Metaspace       used 58372K, committed 59904K, reserved 1114112K
  class space    used 6368K, committed 6976K, reserved 1048576K
}
Event: 155.292 GC heap after
{Heap after GC invocations=172 (full 3):
 PSYoungGen      total 20480K, used 64K [0x00000000d5580000, 0x00000000d6d00000, 0x0000000100000000)
  eden space 19968K, 0% used [0x00000000d5580000,0x00000000d5580000,0x00000000d6900000)
  from space 512K, 12% used [0x00000000d6900000,0x00000000d6910000,0x00000000d6980000)
  to   space 512K, 0% used [0x00000000d6c80000,0x00000000d6c80000,0x00000000d6d00000)
 ParOldGen       total 68608K, used 37887K [0x0000000080000000, 0x0000000084300000, 0x00000000d5580000)
  object space 68608K, 55% used [0x0000000080000000,0x00000000824fff40,0x0000000084300000)
 Metaspace       used 58372K, committed 59904K, reserved 1114112K
  class space    used 6368K, committed 6976K, reserved 1048576K
}
Event: 155.352 GC heap before
{Heap before GC invocations=173 (full 3):
 PSYoungGen      total 20480K, used 20032K [0x00000000d5580000, 0x00000000d6d00000, 0x0000000100000000)
  eden space 19968K, 100% used [0x00000000d5580000,0x00000000d6900000,0x00000000d6900000)
  from space 512K, 12% used [0x00000000d6900000,0x00000000d6910000,0x00000000d6980000)
  to   space 512K, 0% used [0x00000000d6c80000,0x00000000d6c80000,0x00000000d6d00000)
 ParOldGen       total 68608K, used 37887K [0x0000000080000000, 0x0000000084300000, 0x00000000d5580000)
  object space 68608K, 55% used [0x0000000080000000,0x00000000824fff40,0x0000000084300000)
 Metaspace       used 58372K, committed 59904K, reserved 1114112K
  class space    used 6368K, committed 6976K, reserved 1048576K
}
Event: 155.353 GC heap after
{Heap after GC invocations=173 (full 3):
 PSYoungGen      total 20480K, used 64K [0x00000000d5580000, 0x00000000d6d00000, 0x0000000100000000)
  eden space 19968K, 0% used [0x00000000d5580000,0x00000000d5580000,0x00000000d6900000)
  from space 512K, 12% used [0x00000000d6c80000,0x00000000d6c90000,0x00000000d6d00000)
  to   space 512K, 0% used [0x00000000d6900000,0x00000000d6900000,0x00000000d6980000)
 ParOldGen       total 68608K, used 37887K [0x0000000080000000, 0x0000000084300000, 0x00000000d5580000)
  object space 68608K, 55% used [0x0000000080000000,0x00000000824fff40,0x0000000084300000)
 Metaspace       used 58372K, committed 59904K, reserved 1114112K
  class space    used 6368K, committed 6976K, reserved 1048576K
}
Event: 155.395 GC heap before
{Heap before GC invocations=174 (full 3):
 PSYoungGen      total 20480K, used 20032K [0x00000000d5580000, 0x00000000d6d00000, 0x0000000100000000)
  eden space 19968K, 100% used [0x00000000d5580000,0x00000000d6900000,0x00000000d6900000)
  from space 512K, 12% used [0x00000000d6c80000,0x00000000d6c90000,0x00000000d6d00000)
  to   space 512K, 0% used [0x00000000d6900000,0x00000000d6900000,0x00000000d6980000)
 ParOldGen       total 68608K, used 37887K [0x0000000080000000, 0x0000000084300000, 0x00000000d5580000)
  object space 68608K, 55% used [0x0000000080000000,0x00000000824fff40,0x0000000084300000)
 Metaspace       used 58372K, committed 59904K, reserved 1114112K
  class space    used 6368K, committed 6976K, reserved 1048576K
}
Event: 155.395 GC heap after
{Heap after GC invocations=174 (full 3):
 PSYoungGen      total 20480K, used 128K [0x00000000d5580000, 0x00000000d6d00000, 0x0000000100000000)
  eden space 19968K, 0% used [0x00000000d5580000,0x00000000d5580000,0x00000000d6900000)
  from space 512K, 25% used [0x00000000d6900000,0x00000000d6920000,0x00000000d6980000)
  to   space 512K, 0% used [0x00000000d6c80000,0x00000000d6c80000,0x00000000d6d00000)
 ParOldGen       total 68608K, used 37887K [0x0000000080000000, 0x0000000084300000, 0x00000000d5580000)
  object space 68608K, 55% used [0x0000000080000000,0x00000000824fff40,0x0000000084300000)
 Metaspace       used 58372K, committed 59904K, reserved 1114112K
  class space    used 6368K, committed 6976K, reserved 1048576K
}
Event: 155.445 GC heap before
{Heap before GC invocations=175 (full 3):
 PSYoungGen      total 20480K, used 20096K [0x00000000d5580000, 0x00000000d6d00000, 0x0000000100000000)
  eden space 19968K, 100% used [0x00000000d5580000,0x00000000d6900000,0x00000000d6900000)
  from space 512K, 25% used [0x00000000d6900000,0x00000000d6920000,0x00000000d6980000)
  to   space 512K, 0% used [0x00000000d6c80000,0x00000000d6c80000,0x00000000d6d00000)
 ParOldGen       total 68608K, used 37887K [0x0000000080000000, 0x0000000084300000, 0x00000000d5580000)
  object space 68608K, 55% used [0x0000000080000000,0x00000000824fff40,0x0000000084300000)
 Metaspace       used 58372K, committed 59904K, reserved 1114112K
  class space    used 6368K, committed 6976K, reserved 1048576K
}
Event: 155.446 GC heap after
{Heap after GC invocations=175 (full 3):
 PSYoungGen      total 20480K, used 96K [0x00000000d5580000, 0x00000000d6d00000, 0x0000000100000000)
  eden space 19968K, 0% used [0x00000000d5580000,0x00000000d5580000,0x00000000d6900000)
  from space 512K, 18% used [0x00000000d6c80000,0x00000000d6c98000,0x00000000d6d00000)
  to   space 512K, 0% used [0x00000000d6900000,0x00000000d6900000,0x00000000d6980000)
 ParOldGen       total 68608K, used 37887K [0x0000000080000000, 0x0000000084300000, 0x00000000d5580000)
  object space 68608K, 55% used [0x0000000080000000,0x00000000824fff40,0x0000000084300000)
 Metaspace       used 58372K, committed 59904K, reserved 1114112K
  class space    used 6368K, committed 6976K, reserved 1048576K
}
Event: 155.503 GC heap before
{Heap before GC invocations=176 (full 3):
 PSYoungGen      total 20480K, used 20064K [0x00000000d5580000, 0x00000000d6d00000, 0x0000000100000000)
  eden space 19968K, 100% used [0x00000000d5580000,0x00000000d6900000,0x00000000d6900000)
  from space 512K, 18% used [0x00000000d6c80000,0x00000000d6c98000,0x00000000d6d00000)
  to   space 512K, 0% used [0x00000000d6900000,0x00000000d6900000,0x00000000d6980000)
 ParOldGen       total 68608K, used 37887K [0x0000000080000000, 0x0000000084300000, 0x00000000d5580000)
  object space 68608K, 55% used [0x0000000080000000,0x00000000824fff40,0x0000000084300000)
 Metaspace       used 58372K, committed 59904K, reserved 1114112K
  class space    used 6368K, committed 6976K, reserved 1048576K
}
Event: 155.504 GC heap after
{Heap after GC invocations=176 (full 3):
 PSYoungGen      total 20480K, used 128K [0x00000000d5580000, 0x00000000d6d00000, 0x0000000100000000)
  eden space 19968K, 0% used [0x00000000d5580000,0x00000000d5580000,0x00000000d6900000)
  from space 512K, 25% used [0x00000000d6900000,0x00000000d6920000,0x00000000d6980000)
  to   space 512K, 0% used [0x00000000d6c80000,0x00000000d6c80000,0x00000000d6d00000)
 ParOldGen       total 68608K, used 37887K [0x0000000080000000, 0x0000000084300000, 0x00000000d5580000)
  object space 68608K, 55% used [0x0000000080000000,0x00000000824fff40,0x0000000084300000)
 Metaspace       used 58372K, committed 59904K, reserved 1114112K
  class space    used 6368K, committed 6976K, reserved 1048576K
}
Event: 155.574 GC heap before
{Heap before GC invocations=177 (full 3):
 PSYoungGen      total 20480K, used 20096K [0x00000000d5580000, 0x00000000d6d00000, 0x0000000100000000)
  eden space 19968K, 100% used [0x00000000d5580000,0x00000000d6900000,0x00000000d6900000)
  from space 512K, 25% used [0x00000000d6900000,0x00000000d6920000,0x00000000d6980000)
  to   space 512K, 0% used [0x00000000d6c80000,0x00000000d6c80000,0x00000000d6d00000)
 ParOldGen       total 68608K, used 37887K [0x0000000080000000, 0x0000000084300000, 0x00000000d5580000)
  object space 68608K, 55% used [0x0000000080000000,0x00000000824fff40,0x0000000084300000)
 Metaspace       used 58372K, committed 59904K, reserved 1114112K
  class space    used 6368K, committed 6976K, reserved 1048576K
}
Event: 155.575 GC heap after
{Heap after GC invocations=177 (full 3):
 PSYoungGen      total 20480K, used 64K [0x00000000d5580000, 0x00000000d6d00000, 0x0000000100000000)
  eden space 19968K, 0% used [0x00000000d5580000,0x00000000d5580000,0x00000000d6900000)
  from space 512K, 12% used [0x00000000d6c80000,0x00000000d6c90000,0x00000000d6d00000)
  to   space 512K, 0% used [0x00000000d6900000,0x00000000d6900000,0x00000000d6980000)
 ParOldGen       total 68608K, used 37887K [0x0000000080000000, 0x0000000084300000, 0x00000000d5580000)
  object space 68608K, 55% used [0x0000000080000000,0x00000000824fff40,0x0000000084300000)
 Metaspace       used 58372K, committed 59904K, reserved 1114112K
  class space    used 6368K, committed 6976K, reserved 1048576K
}
Event: 155.634 GC heap before
{Heap before GC invocations=178 (full 3):
 PSYoungGen      total 20480K, used 20032K [0x00000000d5580000, 0x00000000d6d00000, 0x0000000100000000)
  eden space 19968K, 100% used [0x00000000d5580000,0x00000000d6900000,0x00000000d6900000)
  from space 512K, 12% used [0x00000000d6c80000,0x00000000d6c90000,0x00000000d6d00000)
  to   space 512K, 0% used [0x00000000d6900000,0x00000000d6900000,0x00000000d6980000)
 ParOldGen       total 68608K, used 37887K [0x0000000080000000, 0x0000000084300000, 0x00000000d5580000)
  object space 68608K, 55% used [0x0000000080000000,0x00000000824fff40,0x0000000084300000)
 Metaspace       used 58372K, committed 59904K, reserved 1114112K
  class space    used 6368K, committed 6976K, reserved 1048576K
}
Event: 155.635 GC heap after
{Heap after GC invocations=178 (full 3):
 PSYoungGen      total 20480K, used 96K [0x00000000d5580000, 0x00000000d6d00000, 0x0000000100000000)
  eden space 19968K, 0% used [0x00000000d5580000,0x00000000d5580000,0x00000000d6900000)
  from space 512K, 18% used [0x00000000d6900000,0x00000000d6918000,0x00000000d6980000)
  to   space 512K, 0% used [0x00000000d6c80000,0x00000000d6c80000,0x00000000d6d00000)
 ParOldGen       total 68608K, used 37887K [0x0000000080000000, 0x0000000084300000, 0x00000000d5580000)
  object space 68608K, 55% used [0x0000000080000000,0x00000000824fff40,0x0000000084300000)
 Metaspace       used 58372K, committed 59904K, reserved 1114112K
  class space    used 6368K, committed 6976K, reserved 1048576K
}
Event: 155.680 GC heap before
{Heap before GC invocations=179 (full 3):
 PSYoungGen      total 20480K, used 20064K [0x00000000d5580000, 0x00000000d6d00000, 0x0000000100000000)
  eden space 19968K, 100% used [0x00000000d5580000,0x00000000d6900000,0x00000000d6900000)
  from space 512K, 18% used [0x00000000d6900000,0x00000000d6918000,0x00000000d6980000)
  to   space 512K, 0% used [0x00000000d6c80000,0x00000000d6c80000,0x00000000d6d00000)
 ParOldGen       total 68608K, used 37887K [0x0000000080000000, 0x0000000084300000, 0x00000000d5580000)
  object space 68608K, 55% used [0x0000000080000000,0x00000000824fff40,0x0000000084300000)
 Metaspace       used 58372K, committed 59904K, reserved 1114112K
  class space    used 6368K, committed 6976K, reserved 1048576K
}
Event: 155.681 GC heap after
{Heap after GC invocations=179 (full 3):
 PSYoungGen      total 20480K, used 96K [0x00000000d5580000, 0x00000000d6d00000, 0x0000000100000000)
  eden space 19968K, 0% used [0x00000000d5580000,0x00000000d5580000,0x00000000d6900000)
  from space 512K, 18% used [0x00000000d6c80000,0x00000000d6c98000,0x00000000d6d00000)
  to   space 512K, 0% used [0x00000000d6900000,0x00000000d6900000,0x00000000d6980000)
 ParOldGen       total 68608K, used 37887K [0x0000000080000000, 0x0000000084300000, 0x00000000d5580000)
  object space 68608K, 55% used [0x0000000080000000,0x00000000824fff40,0x0000000084300000)
 Metaspace       used 58372K, committed 59904K, reserved 1114112K
  class space    used 6368K, committed 6976K, reserved 1048576K
}
Event: 155.721 GC heap before
{Heap before GC invocations=180 (full 3):
 PSYoungGen      total 20480K, used 20064K [0x00000000d5580000, 0x00000000d6d00000, 0x0000000100000000)
  eden space 19968K, 100% used [0x00000000d5580000,0x00000000d6900000,0x00000000d6900000)
  from space 512K, 18% used [0x00000000d6c80000,0x00000000d6c98000,0x00000000d6d00000)
  to   space 512K, 0% used [0x00000000d6900000,0x00000000d6900000,0x00000000d6980000)
 ParOldGen       total 68608K, used 37887K [0x0000000080000000, 0x0000000084300000, 0x00000000d5580000)
  object space 68608K, 55% used [0x0000000080000000,0x00000000824fff40,0x0000000084300000)
 Metaspace       used 58372K, committed 59904K, reserved 1114112K
  class space    used 6368K, committed 6976K, reserved 1048576K
}
Event: 155.721 GC heap after
{Heap after GC invocations=180 (full 3):
 PSYoungGen      total 20480K, used 160K [0x00000000d5580000, 0x00000000d6d00000, 0x0000000100000000)
  eden space 19968K, 0% used [0x00000000d5580000,0x00000000d5580000,0x00000000d6900000)
  from space 512K, 31% used [0x00000000d6900000,0x00000000d6928000,0x00000000d6980000)
  to   space 512K, 0% used [0x00000000d6c80000,0x00000000d6c80000,0x00000000d6d00000)
 ParOldGen       total 68608K, used 37887K [0x0000000080000000, 0x0000000084300000, 0x00000000d5580000)
  object space 68608K, 55% used [0x0000000080000000,0x00000000824fff40,0x0000000084300000)
 Metaspace       used 58372K, committed 59904K, reserved 1114112K
  class space    used 6368K, committed 6976K, reserved 1048576K
}
Event: 155.779 GC heap before
{Heap before GC invocations=181 (full 3):
 PSYoungGen      total 20480K, used 20128K [0x00000000d5580000, 0x00000000d6d00000, 0x0000000100000000)
  eden space 19968K, 100% used [0x00000000d5580000,0x00000000d6900000,0x00000000d6900000)
  from space 512K, 31% used [0x00000000d6900000,0x00000000d6928000,0x00000000d6980000)
  to   space 512K, 0% used [0x00000000d6c80000,0x00000000d6c80000,0x00000000d6d00000)
 ParOldGen       total 68608K, used 37887K [0x0000000080000000, 0x0000000084300000, 0x00000000d5580000)
  object space 68608K, 55% used [0x0000000080000000,0x00000000824fff40,0x0000000084300000)
 Metaspace       used 58372K, committed 59904K, reserved 1114112K
  class space    used 6368K, committed 6976K, reserved 1048576K
}
Event: 155.780 GC heap after
{Heap after GC invocations=181 (full 3):
 PSYoungGen      total 20480K, used 96K [0x00000000d5580000, 0x00000000d6d00000, 0x0000000100000000)
  eden space 19968K, 0% used [0x00000000d5580000,0x00000000d5580000,0x00000000d6900000)
  from space 512K, 18% used [0x00000000d6c80000,0x00000000d6c98000,0x00000000d6d00000)
  to   space 512K, 0% used [0x00000000d6900000,0x00000000d6900000,0x00000000d6980000)
 ParOldGen       total 68608K, used 37887K [0x0000000080000000, 0x0000000084300000, 0x00000000d5580000)
  object space 68608K, 55% used [0x0000000080000000,0x00000000824fff40,0x0000000084300000)
 Metaspace       used 58372K, committed 59904K, reserved 1114112K
  class space    used 6368K, committed 6976K, reserved 1048576K
}

Dll operation events (10 events):
Event: 0.012 Loaded shared library c:\Users\Istiaque\.vscode\extensions\redhat.java-1.50.0-win32-x64\jre\21.0.9-win32-x86_64\bin\java.dll
Event: 0.074 Loaded shared library c:\Users\Istiaque\.vscode\extensions\redhat.java-1.50.0-win32-x64\jre\21.0.9-win32-x86_64\bin\zip.dll
Event: 0.095 Loaded shared library C:\Users\Istiaque\.vscode\extensions\redhat.java-1.50.0-win32-x64\jre\21.0.9-win32-x86_64\bin\instrument.dll
Event: 0.101 Loaded shared library C:\Users\Istiaque\.vscode\extensions\redhat.java-1.50.0-win32-x64\jre\21.0.9-win32-x86_64\bin\net.dll
Event: 0.102 Loaded shared library C:\Users\Istiaque\.vscode\extensions\redhat.java-1.50.0-win32-x64\jre\21.0.9-win32-x86_64\bin\nio.dll
Event: 0.104 Loaded shared library C:\Users\Istiaque\.vscode\extensions\redhat.java-1.50.0-win32-x64\jre\21.0.9-win32-x86_64\bin\zip.dll
Event: 0.121 Loaded shared library C:\Users\Istiaque\.vscode\extensions\redhat.java-1.50.0-win32-x64\jre\21.0.9-win32-x86_64\bin\jimage.dll
Event: 0.190 Loaded shared library c:\Users\Istiaque\.vscode\extensions\redhat.java-1.50.0-win32-x64\jre\21.0.9-win32-x86_64\bin\verify.dll
Event: 0.996 Loaded shared library C:\Users\Istiaque\AppData\Roaming\Code\User\globalStorage\redhat.java\1.50.0\config_win\org.eclipse.equinox.launcher\org.eclipse.equinox.launcher.win32.win32.x86_64_1.2.1400.v20250801-0854\eclipse_11916.dll
Event: 1.907 Loaded shared library C:\Users\Istiaque\AppData\Local\Temp\jna-780797055\jna2310909089832317270.dll

Deoptimization events (20 events):
Event: 153.661 Thread 0x00000226c62ad410 Uncommon trap: trap_request=0xffffff45 fr.pc=0x00000226f1dbcc10 relative=0x0000000000000550
Event: 153.661 Thread 0x00000226c62ad410 Uncommon trap: reason=unstable_if action=reinterpret pc=0x00000226f1dbcc10 method=java.util.Formatter$FormatSpecifier.print(Ljava/util/Formatter;Ljava/lang/Object;Ljava/util/Locale;)V @ 19 c2
Event: 153.661 Thread 0x00000226c62ad410 DEOPT PACKING pc=0x00000226f1dbcc10 sp=0x000000a1496ff030
Event: 153.661 Thread 0x00000226c62ad410 DEOPT UNPACKING pc=0x00000226f13d3aa2 sp=0x000000a1496ff000 mode 2
Event: 153.661 Thread 0x00000226c62ad410 Uncommon trap: trap_request=0xffffff45 fr.pc=0x00000226f1dcbc58 relative=0x0000000000000fd8
Event: 153.661 Thread 0x00000226c62ad410 Uncommon trap: reason=unstable_if action=reinterpret pc=0x00000226f1dcbc58 method=java.util.Formatter$FormatSpecifier.localizedMagnitude(Ljava/util/Formatter;Ljava/lang/StringBuilder;Ljava/lang/CharSequence;IIILjava/util/Locale;)Ljava/lang/StringBuilder; 
Event: 153.661 Thread 0x00000226c62ad410 DEOPT PACKING pc=0x00000226f1dcbc58 sp=0x000000a1496fed50
Event: 153.661 Thread 0x00000226c62ad410 DEOPT UNPACKING pc=0x00000226f13d3aa2 sp=0x000000a1496fed08 mode 2
Event: 153.662 Thread 0x00000226c62ad410 Uncommon trap: trap_request=0xffffffde fr.pc=0x00000226f1e032ac relative=0x0000000000001d4c
Event: 153.662 Thread 0x00000226c62ad410 Uncommon trap: reason=class_check action=maybe_recompile pc=0x00000226f1e032ac method=java.lang.Throwable.lockedPrintStackTrace(Ljava/lang/Throwable$PrintStreamOrWriter;)V @ 131 c2
Event: 153.662 Thread 0x00000226c62ad410 DEOPT PACKING pc=0x00000226f1e032ac sp=0x000000a1496fe930
Event: 153.662 Thread 0x00000226c62ad410 DEOPT UNPACKING pc=0x00000226f13d3aa2 sp=0x000000a1496fe930 mode 2
Event: 153.666 Thread 0x00000226c62ad410 Uncommon trap: trap_request=0xffffffde fr.pc=0x00000226f1e032ac relative=0x0000000000001d4c
Event: 153.666 Thread 0x00000226c62ad410 Uncommon trap: reason=class_check action=maybe_recompile pc=0x00000226f1e032ac method=java.lang.Throwable.lockedPrintStackTrace(Ljava/lang/Throwable$PrintStreamOrWriter;)V @ 131 c2
Event: 153.667 Thread 0x00000226c62ad410 DEOPT PACKING pc=0x00000226f1e032ac sp=0x000000a1496fea90
Event: 153.667 Thread 0x00000226c62ad410 DEOPT UNPACKING pc=0x00000226f13d3aa2 sp=0x000000a1496fea90 mode 2
Event: 154.800 Thread 0x00000226c87a99c0 Uncommon trap: trap_request=0xffffff45 fr.pc=0x00000226f1dbb96c relative=0x000000000000004c
Event: 154.800 Thread 0x00000226c87a99c0 Uncommon trap: reason=unstable_if action=reinterpret pc=0x00000226f1dbb96c method=java.util.Formatter$Conversion.isValid(C)Z @ 1 c2
Event: 154.800 Thread 0x00000226c87a99c0 DEOPT PACKING pc=0x00000226f1dbb96c sp=0x000000a1471fe0e0
Event: 154.800 Thread 0x00000226c87a99c0 DEOPT UNPACKING pc=0x00000226f13d3aa2 sp=0x000000a1471fe078 mode 2

Classes loaded (20 events):
Event: 153.347 Loading class java/util/stream/Nodes$CollectorTask$OfRef
Event: 153.348 Loading class java/util/stream/Nodes$CollectorTask
Event: 153.349 Loading class java/util/stream/Nodes$CollectorTask done
Event: 153.349 Loading class java/util/stream/Nodes$CollectorTask$OfRef done
Event: 153.349 Loading class java/util/function/LongFunction
Event: 153.349 Loading class java/util/function/LongFunction done
Event: 153.350 Loading class java/util/stream/Nodes$ConcNode
Event: 153.350 Loading class java/util/stream/Nodes$AbstractConcNode
Event: 153.350 Loading class java/util/stream/Nodes$AbstractConcNode done
Event: 153.350 Loading class java/util/stream/Nodes$ConcNode done
Event: 153.377 Loading class java/util/concurrent/ConcurrentHashMap$EntrySpliterator
Event: 153.377 Loading class java/util/concurrent/ConcurrentHashMap$EntrySpliterator done
Event: 153.392 Loading class java/io/ObjectOutputStream$BlockDataOutputStream
Event: 153.393 Loading class java/io/ObjectOutputStream$BlockDataOutputStream done
Event: 153.393 Loading class java/io/ObjectOutputStream$HandleTable
Event: 153.393 Loading class java/io/ObjectOutputStream$HandleTable done
Event: 153.394 Loading class java/io/ObjectOutputStream$ReplaceTable
Event: 153.394 Loading class java/io/ObjectOutputStream$ReplaceTable done
Event: 153.457 Loading class sun/nio/fs/WindowsFileCopy
Event: 153.458 Loading class sun/nio/fs/WindowsFileCopy done

Classes unloaded (11 events):
Event: 2.337 Thread 0x00000226e6d0e990 Unloading class 0x00000226811acc00 'java/lang/invoke/LambdaForm$MH+0x00000226811acc00'
Event: 2.337 Thread 0x00000226e6d0e990 Unloading class 0x00000226811ac800 'java/lang/invoke/LambdaForm$MH+0x00000226811ac800'
Event: 2.337 Thread 0x00000226e6d0e990 Unloading class 0x00000226811ac400 'java/lang/invoke/LambdaForm$MH+0x00000226811ac400'
Event: 2.337 Thread 0x00000226e6d0e990 Unloading class 0x00000226811ac000 'java/lang/invoke/LambdaForm$MH+0x00000226811ac000'
Event: 2.337 Thread 0x00000226e6d0e990 Unloading class 0x00000226811abc00 'java/lang/invoke/LambdaForm$BMH+0x00000226811abc00'
Event: 2.337 Thread 0x00000226e6d0e990 Unloading class 0x00000226811ab800 'java/lang/invoke/LambdaForm$DMH+0x00000226811ab800'
Event: 2.337 Thread 0x00000226e6d0e990 Unloading class 0x00000226811aa400 'java/lang/invoke/LambdaForm$DMH+0x00000226811aa400'
Event: 153.582 Thread 0x00000226e6d0e990 Unloading class 0x00000226816a9400 'java/lang/invoke/LambdaForm$DMH+0x00000226816a9400'
Event: 153.582 Thread 0x00000226e6d0e990 Unloading class 0x00000226816a9000 'java/lang/invoke/LambdaForm$DMH+0x00000226816a9000'
Event: 153.582 Thread 0x00000226e6d0e990 Unloading class 0x00000226816a8c00 'java/lang/invoke/LambdaForm$DMH+0x00000226816a8c00'
Event: 153.582 Thread 0x00000226e6d0e990 Unloading class 0x00000226816a8400 'java/lang/invoke/LambdaForm$DMH+0x00000226816a8400'

Classes redefined (0 events):
No events

Internal exceptions (20 events):
Event: 155.823 Thread 0x00000226c87ac7b0 Exception <a 'java/io/IOException'{0x00000000d65280c0}> (0x00000000d65280c0) 
thrown [s\src\hotspot\share\prims\jni.cpp, line 520]
Event: 155.823 Thread 0x00000226c87ac7b0 Exception <a 'java/io/IOException'{0x00000000d652b1b8}> (0x00000000d652b1b8) 
thrown [s\src\hotspot\share\prims\jni.cpp, line 520]
Event: 155.823 Thread 0x00000226c87ac7b0 Exception <a 'java/io/IOException'{0x00000000d653a940}> (0x00000000d653a940) 
thrown [s\src\hotspot\share\prims\jni.cpp, line 520]
Event: 155.823 Thread 0x00000226c87ac7b0 Exception <a 'java/io/IOException'{0x00000000d653da38}> (0x00000000d653da38) 
thrown [s\src\hotspot\share\prims\jni.cpp, line 520]
Event: 155.823 Thread 0x00000226c87ac7b0 Exception <a 'java/io/IOException'{0x00000000d654ced0}> (0x00000000d654ced0) 
thrown [s\src\hotspot\share\prims\jni.cpp, line 520]
Event: 155.823 Thread 0x00000226c87ac7b0 Exception <a 'java/io/IOException'{0x00000000d654ffc8}> (0x00000000d654ffc8) 
thrown [s\src\hotspot\share\prims\jni.cpp, line 520]
Event: 155.823 Thread 0x00000226c87ac7b0 Exception <a 'java/io/IOException'{0x00000000d655f460}> (0x00000000d655f460) 
thrown [s\src\hotspot\share\prims\jni.cpp, line 520]
Event: 155.823 Thread 0x00000226c87ac7b0 Exception <a 'java/io/IOException'{0x00000000d6562558}> (0x00000000d6562558) 
thrown [s\src\hotspot\share\prims\jni.cpp, line 520]
Event: 155.823 Thread 0x00000226c87ac7b0 Exception <a 'java/io/IOException'{0x00000000d65719f0}> (0x00000000d65719f0) 
thrown [s\src\hotspot\share\prims\jni.cpp, line 520]
Event: 155.823 Thread 0x00000226c87ac7b0 Exception <a 'java/io/IOException'{0x00000000d6574ae8}> (0x00000000d6574ae8) 
thrown [s\src\hotspot\share\prims\jni.cpp, line 520]
Event: 155.823 Thread 0x00000226c87ac7b0 Exception <a 'java/io/IOException'{0x00000000d6583f80}> (0x00000000d6583f80) 
thrown [s\src\hotspot\share\prims\jni.cpp, line 520]
Event: 155.823 Thread 0x00000226c87ac7b0 Exception <a 'java/io/IOException'{0x00000000d6587078}> (0x00000000d6587078) 
thrown [s\src\hotspot\share\prims\jni.cpp, line 520]
Event: 155.823 Thread 0x00000226c87ac7b0 Exception <a 'java/io/IOException'{0x00000000d6597148}> (0x00000000d6597148) 
thrown [s\src\hotspot\share\prims\jni.cpp, line 520]
Event: 155.823 Thread 0x00000226c87ac7b0 Exception <a 'java/io/IOException'{0x00000000d659a240}> (0x00000000d659a240) 
thrown [s\src\hotspot\share\prims\jni.cpp, line 520]
Event: 155.824 Thread 0x00000226c87ac7b0 Exception <a 'java/io/IOException'{0x00000000d65a96d8}> (0x00000000d65a96d8) 
thrown [s\src\hotspot\share\prims\jni.cpp, line 520]
Event: 155.824 Thread 0x00000226c87ac7b0 Exception <a 'java/io/IOException'{0x00000000d65ac7d0}> (0x00000000d65ac7d0) 
thrown [s\src\hotspot\share\prims\jni.cpp, line 520]
Event: 155.824 Thread 0x00000226c87ac7b0 Exception <a 'java/io/IOException'{0x00000000d65bbc68}> (0x00000000d65bbc68) 
thrown [s\src\hotspot\share\prims\jni.cpp, line 520]
Event: 155.824 Thread 0x00000226c87ac7b0 Exception <a 'java/io/IOException'{0x00000000d65bed60}> (0x00000000d65bed60) 
thrown [s\src\hotspot\share\prims\jni.cpp, line 520]
Event: 155.824 Thread 0x00000226c87ac7b0 Exception <a 'java/io/IOException'{0x00000000d65ce1f8}> (0x00000000d65ce1f8) 
thrown [s\src\hotspot\share\prims\jni.cpp, line 520]
Event: 155.824 Thread 0x00000226c87ac7b0 Exception <a 'java/io/IOException'{0x00000000d65d12f0}> (0x00000000d65d12f0) 
thrown [s\src\hotspot\share\prims\jni.cpp, line 520]

ZGC Phase Switch (0 events):
No events

VM Operations (20 events):
Event: 155.292 Executing VM operation: ParallelGCFailedAllocation (Allocation Failure)
Event: 155.292 Executing VM operation: ParallelGCFailedAllocation (Allocation Failure) done
Event: 155.352 Executing VM operation: ParallelGCFailedAllocation (Allocation Failure)
Event: 155.353 Executing VM operation: ParallelGCFailedAllocation (Allocation Failure) done
Event: 155.395 Executing VM operation: ParallelGCFailedAllocation (Allocation Failure)
Event: 155.395 Executing VM operation: ParallelGCFailedAllocation (Allocation Failure) done
Event: 155.445 Executing VM operation: ParallelGCFailedAllocation (Allocation Failure)
Event: 155.446 Executing VM operation: ParallelGCFailedAllocation (Allocation Failure) done
Event: 155.503 Executing VM operation: ParallelGCFailedAllocation (Allocation Failure)
Event: 155.504 Executing VM operation: ParallelGCFailedAllocation (Allocation Failure) done
Event: 155.574 Executing VM operation: ParallelGCFailedAllocation (Allocation Failure)
Event: 155.575 Executing VM operation: ParallelGCFailedAllocation (Allocation Failure) done
Event: 155.634 Executing VM operation: ParallelGCFailedAllocation (Allocation Failure)
Event: 155.635 Executing VM operation: ParallelGCFailedAllocation (Allocation Failure) done
Event: 155.680 Executing VM operation: ParallelGCFailedAllocation (Allocation Failure)
Event: 155.681 Executing VM operation: ParallelGCFailedAllocation (Allocation Failure) done
Event: 155.721 Executing VM operation: ParallelGCFailedAllocation (Allocation Failure)
Event: 155.722 Executing VM operation: ParallelGCFailedAllocation (Allocation Failure) done
Event: 155.779 Executing VM operation: ParallelGCFailedAllocation (Allocation Failure)
Event: 155.780 Executing VM operation: ParallelGCFailedAllocation (Allocation Failure) done

Memory protections (0 events):
No events

Nmethod flushes (20 events):
Event: 153.601 Thread 0x00000226e6d0e990 flushing  nmethod 0x00000226ea578090
Event: 153.601 Thread 0x00000226e6d0e990 flushing  nmethod 0x00000226ea5b4710
Event: 153.601 Thread 0x00000226e6d0e990 flushing osr nmethod 0x00000226ea5ca310
Event: 153.601 Thread 0x00000226e6d0e990 flushing  nmethod 0x00000226ea5e9310
Event: 153.601 Thread 0x00000226e6d0e990 flushing  nmethod 0x00000226ea5ea390
Event: 153.601 Thread 0x00000226e6d0e990 flushing  nmethod 0x00000226ea5ea910
Event: 153.601 Thread 0x00000226e6d0e990 flushing  nmethod 0x00000226ea5ec390
Event: 153.601 Thread 0x00000226e6d0e990 flushing  nmethod 0x00000226ea5ffc10
Event: 153.601 Thread 0x00000226e6d0e990 flushing  nmethod 0x00000226ea600b90
Event: 153.601 Thread 0x00000226e6d0e990 flushing  nmethod 0x00000226ea601190
Event: 153.601 Thread 0x00000226e6d0e990 flushing  nmethod 0x00000226ea604a10
Event: 153.601 Thread 0x00000226e6d0e990 flushing  nmethod 0x00000226ea605110
Event: 153.601 Thread 0x00000226e6d0e990 flushing  nmethod 0x00000226ea606c10
Event: 153.601 Thread 0x00000226e6d0e990 flushing  nmethod 0x00000226ea610190
Event: 153.601 Thread 0x00000226e6d0e990 flushing  nmethod 0x00000226ea62b890
Event: 153.601 Thread 0x00000226e6d0e990 flushing  nmethod 0x00000226ea638490
Event: 153.601 Thread 0x00000226e6d0e990 flushing  nmethod 0x00000226ea63c890
Event: 153.601 Thread 0x00000226e6d0e990 flushing  nmethod 0x00000226ea6a1910
Event: 153.601 Thread 0x00000226e6d0e990 flushing  nmethod 0x00000226ea6a3410
Event: 153.601 Thread 0x00000226e6d0e990 flushing  nmethod 0x00000226ea6b4a90

Events (20 events):
Event: 67.209 Thread 0x00000226c62aee50 Thread exited: 0x00000226c62aee50
Event: 67.209 Thread 0x00000226c62acd80 Thread exited: 0x00000226c62acd80
Event: 67.291 Thread 0x00000226c87aa6e0 Thread exited: 0x00000226c87aa6e0
Event: 127.307 Thread 0x00000226c87a99c0 Thread exited: 0x00000226c87a99c0
Event: 144.030 Thread 0x00000226ff52f230 Thread added: 0x00000226ff530d70
Event: 144.864 Thread 0x00000226ff530d70 Thread added: 0x00000226ff52f900
Event: 145.725 Thread 0x00000226ff52f900 Thread exited: 0x00000226ff52f900
Event: 146.801 Thread 0x00000226ff530d70 Thread exited: 0x00000226ff530d70
Event: 146.849 Thread 0x00000226ff51da00 Thread added: 0x00000226ff52f900
Event: 150.973 Thread 0x00000226ff52f900 Thread exited: 0x00000226ff52f900
Event: 153.312 Thread 0x00000226c87aad70 Thread added: 0x00000226c87aa6e0
Event: 153.343 Thread 0x00000226c62ad410 Thread added: 0x00000226c87a99c0
Event: 153.351 Thread 0x00000226c87a99c0 Thread exited: 0x00000226c87a99c0
Event: 153.387 Thread 0x00000226c62ad410 Thread added: 0x00000226c87a99c0
Event: 153.389 Thread 0x00000226c87a99c0 Thread exited: 0x00000226c87a99c0
Event: 153.450 Thread 0x00000226c62ad410 Thread added: 0x00000226c87a99c0
Event: 153.464 Thread 0x00000226c87a99c0 Thread exited: 0x00000226c87a99c0
Event: 153.512 Thread 0x00000226e6c4c660 Thread added: 0x00000226c87a99c0
Event: 153.516 Thread 0x00000226ff52f230 Thread added: 0x00000226ff531440
Event: 154.782 Thread 0x00000226c62adaa0 Thread exited: 0x00000226c62adaa0


Dynamic libraries:
0x00007ff64b530000 - 0x00007ff64b53e000 	c:\Users\Istiaque\.vscode\extensions\redhat.java-1.50.0-win32-x64\jre\21.0.9-win32-x86_64\bin\java.exe
0x00007ff86a360000 - 0x00007ff86a5c8000 	C:\WINDOWS\SYSTEM32\ntdll.dll
0x00007ff868c50000 - 0x00007ff868d19000 	C:\WINDOWS\System32\KERNEL32.DLL
0x00007ff867b80000 - 0x00007ff867f78000 	C:\WINDOWS\System32\KERNELBASE.dll
0x00007ff867720000 - 0x00007ff86786b000 	C:\WINDOWS\System32\ucrtbase.dll
0x00007ff84a680000 - 0x00007ff84a698000 	c:\Users\Istiaque\.vscode\extensions\redhat.java-1.50.0-win32-x64\jre\21.0.9-win32-x86_64\bin\jli.dll
0x00007ff84a750000 - 0x00007ff84a76e000 	c:\Users\Istiaque\.vscode\extensions\redhat.java-1.50.0-win32-x64\jre\21.0.9-win32-x86_64\bin\VCRUNTIME140.dll
0x00007ff868390000 - 0x00007ff868557000 	C:\WINDOWS\System32\USER32.dll
0x00007ff840260000 - 0x00007ff8404f4000 	C:\WINDOWS\WinSxS\amd64_microsoft.windows.common-controls_6595b64144ccf1df_6.0.26100.7019_none_3e06ffa0e335b8a8\COMCTL32.dll
0x00007ff867a90000 - 0x00007ff867ab7000 	C:\WINDOWS\System32\win32u.dll
0x00007ff868ba0000 - 0x00007ff868c49000 	C:\WINDOWS\System32\msvcrt.dll
0x00007ff868100000 - 0x00007ff86812b000 	C:\WINDOWS\System32\GDI32.dll
0x00007ff867540000 - 0x00007ff86766c000 	C:\WINDOWS\System32\gdi32full.dll
0x00007ff867870000 - 0x00007ff867913000 	C:\WINDOWS\System32\msvcp_win.dll
0x00007ff86a2b0000 - 0x00007ff86a2e1000 	C:\WINDOWS\System32\IMM32.DLL
0x00007ff85f7f0000 - 0x00007ff85f7fc000 	c:\Users\Istiaque\.vscode\extensions\redhat.java-1.50.0-win32-x64\jre\21.0.9-win32-x86_64\bin\vcruntime140_1.dll
0x00007ff8424d0000 - 0x00007ff84255d000 	c:\Users\Istiaque\.vscode\extensions\redhat.java-1.50.0-win32-x64\jre\21.0.9-win32-x86_64\bin\msvcp140.dll
0x00007fffdf9f0000 - 0x00007fffe0790000 	c:\Users\Istiaque\.vscode\extensions\redhat.java-1.50.0-win32-x64\jre\21.0.9-win32-x86_64\bin\server\jvm.dll
0x00007ff8688e0000 - 0x00007ff868994000 	C:\WINDOWS\System32\ADVAPI32.dll
0x00007ff868d20000 - 0x00007ff868dc6000 	C:\WINDOWS\System32\sechost.dll
0x00007ff868580000 - 0x00007ff868698000 	C:\WINDOWS\System32\RPCRT4.dll
0x00007ff868310000 - 0x00007ff868384000 	C:\WINDOWS\System32\WS2_32.dll
0x00007ff867310000 - 0x00007ff86736e000 	C:\WINDOWS\SYSTEM32\POWRPROF.dll
0x00007ff85c1b0000 - 0x00007ff85c1e5000 	C:\WINDOWS\SYSTEM32\WINMM.dll
0x00007ff852e30000 - 0x00007ff852e3b000 	C:\WINDOWS\SYSTEM32\VERSION.dll
0x00007ff8672f0000 - 0x00007ff867304000 	C:\WINDOWS\SYSTEM32\UMPDC.dll
0x00007ff866230000 - 0x00007ff86624b000 	C:\WINDOWS\SYSTEM32\kernel.appcore.dll
0x00007ff853540000 - 0x00007ff85354a000 	c:\Users\Istiaque\.vscode\extensions\redhat.java-1.50.0-win32-x64\jre\21.0.9-win32-x86_64\bin\jimage.dll
0x00007ff864bc0000 - 0x00007ff864e02000 	C:\WINDOWS\SYSTEM32\DBGHELP.DLL
0x00007ff869ea0000 - 0x00007ff86a22b000 	C:\WINDOWS\System32\combase.dll
0x00007ff869b90000 - 0x00007ff869c67000 	C:\WINDOWS\System32\OLEAUT32.dll
0x00007ff841de0000 - 0x00007ff841e1c000 	C:\WINDOWS\SYSTEM32\dbgcore.DLL
0x00007ff867670000 - 0x00007ff867715000 	C:\WINDOWS\System32\bcryptPrimitives.dll
0x00007ff84a7e0000 - 0x00007ff84a7ef000 	c:\Users\Istiaque\.vscode\extensions\redhat.java-1.50.0-win32-x64\jre\21.0.9-win32-x86_64\bin\instrument.dll
0x00007ff845b50000 - 0x00007ff845b70000 	c:\Users\Istiaque\.vscode\extensions\redhat.java-1.50.0-win32-x64\jre\21.0.9-win32-x86_64\bin\java.dll
0x00007ff869430000 - 0x00007ff869b7f000 	C:\WINDOWS\System32\SHELL32.dll
0x00007ff867920000 - 0x00007ff867a8b000 	C:\WINDOWS\System32\wintypes.dll
0x00007ff865090000 - 0x00007ff8658ed000 	C:\WINDOWS\SYSTEM32\windows.storage.dll
0x00007ff8686a0000 - 0x00007ff868792000 	C:\WINDOWS\System32\SHCORE.dll
0x00007ff8693c0000 - 0x00007ff869427000 	C:\WINDOWS\System32\shlwapi.dll
0x00007ff8673d0000 - 0x00007ff8673f9000 	C:\WINDOWS\SYSTEM32\profapi.dll
0x00007ff844f00000 - 0x00007ff844f18000 	c:\Users\Istiaque\.vscode\extensions\redhat.java-1.50.0-win32-x64\jre\21.0.9-win32-x86_64\bin\zip.dll
0x00007ff84a6f0000 - 0x00007ff84a700000 	C:\Users\Istiaque\.vscode\extensions\redhat.java-1.50.0-win32-x64\jre\21.0.9-win32-x86_64\bin\net.dll
0x00007ff85dc90000 - 0x00007ff85ddb8000 	C:\WINDOWS\SYSTEM32\WINHTTP.dll
0x00007ff866780000 - 0x00007ff8667eb000 	C:\WINDOWS\system32\mswsock.dll
0x00007ff844300000 - 0x00007ff844316000 	C:\Users\Istiaque\.vscode\extensions\redhat.java-1.50.0-win32-x64\jre\21.0.9-win32-x86_64\bin\nio.dll
0x00007ff844fe0000 - 0x00007ff844ff0000 	c:\Users\Istiaque\.vscode\extensions\redhat.java-1.50.0-win32-x64\jre\21.0.9-win32-x86_64\bin\verify.dll
0x00007ff8425f0000 - 0x00007ff842634000 	C:\Users\Istiaque\AppData\Roaming\Code\User\globalStorage\redhat.java\1.50.0\config_win\org.eclipse.equinox.launcher\org.eclipse.equinox.launcher.win32.win32.x86_64_1.2.1400.v20250801-0854\eclipse_11916.dll
0x00007ff868a00000 - 0x00007ff868b97000 	C:\WINDOWS\System32\ole32.dll
0x00007ff866b70000 - 0x00007ff866b8b000 	C:\WINDOWS\SYSTEM32\CRYPTSP.dll
0x00007ff866190000 - 0x00007ff8661ca000 	C:\WINDOWS\system32\rsaenh.dll
0x00007ff866830000 - 0x00007ff86685b000 	C:\WINDOWS\SYSTEM32\USERENV.dll
0x00007ff8673a0000 - 0x00007ff8673ca000 	C:\WINDOWS\SYSTEM32\bcrypt.dll
0x00007ff866b50000 - 0x00007ff866b5c000 	C:\WINDOWS\SYSTEM32\CRYPTBASE.dll
0x00007ff865d70000 - 0x00007ff865da4000 	C:\WINDOWS\SYSTEM32\IPHLPAPI.DLL
0x00007ff869de0000 - 0x00007ff869dea000 	C:\WINDOWS\System32\NSI.dll
0x00007ff842010000 - 0x00007ff842059000 	C:\Users\Istiaque\AppData\Local\Temp\jna-780797055\jna2310909089832317270.dll
0x00007ff869e80000 - 0x00007ff869e88000 	C:\WINDOWS\System32\PSAPI.DLL
0x00007ff85e0d0000 - 0x00007ff85e0ee000 	C:\WINDOWS\SYSTEM32\dhcpcsvc6.DLL
0x00007ff85e0a0000 - 0x00007ff85e0c3000 	C:\WINDOWS\SYSTEM32\dhcpcsvc.DLL
0x00007ff866350000 - 0x00007ff866386000 	C:\WINDOWS\SYSTEM32\ntmarta.dll

JVMTI agents:
c:\Users\Istiaque\.vscode\extensions\redhat.java-1.50.0-win32-x64\lombok\lombok-1.18.39-4050.jar path:c:\Users\Istiaque\.vscode\extensions\redhat.java-1.50.0-win32-x64\jre\21.0.9-win32-x86_64\bin\instrument.dll, loaded, initialized, instrumentlib options:none

dbghelp: loaded successfully - version: 4.0.5 - missing functions: none
symbol engine: initialized successfully - sym options: 0x614 - pdb path: .;c:\Users\Istiaque\.vscode\extensions\redhat.java-1.50.0-win32-x64\jre\21.0.9-win32-x86_64\bin;C:\WINDOWS\SYSTEM32;C:\WINDOWS\WinSxS\amd64_microsoft.windows.common-controls_6595b64144ccf1df_6.0.26100.7019_none_3e06ffa0e335b8a8;c:\Users\Istiaque\.vscode\extensions\redhat.java-1.50.0-win32-x64\jre\21.0.9-win32-x86_64\bin\server;C:\Users\Istiaque\AppData\Roaming\Code\User\globalStorage\redhat.java\1.50.0\config_win\org.eclipse.equinox.launcher\org.eclipse.equinox.launcher.win32.win32.x86_64_1.2.1400.v20250801-0854;C:\Users\Istiaque\AppData\Local\Temp\jna-780797055

VM Arguments:
jvm_args: --add-modules=ALL-SYSTEM --add-opens=java.base/java.util=ALL-UNNAMED --add-opens=java.base/java.lang=ALL-UNNAMED --add-opens=java.base/sun.nio.fs=ALL-UNNAMED -Declipse.application=org.eclipse.jdt.ls.core.id1 -Dosgi.bundles.defaultStartLevel=4 -Declipse.product=org.eclipse.jdt.ls.core.product -Djava.import.generatesMetadataFilesAtProjectRoot=false -DDetectVMInstallationsJob.disabled=true -Dfile.encoding=utf8 -XX:+UseParallelGC -XX:GCTimeRatio=4 -XX:AdaptiveSizePolicyWeight=90 -Dsun.zip.disableMemoryMapping=true -Xmx2G -Xms100m -Xlog:disable -javaagent:c:\Users\Istiaque\.vscode\extensions\redhat.java-1.50.0-win32-x64\lombok\lombok-1.18.39-4050.jar -XX:+HeapDumpOnOutOfMemoryError -XX:HeapDumpPath=c:\Users\Istiaque\AppData\Roaming\Code\User\workspaceStorage\45f10d8c7106ae169f19e5a6df158cab\redhat.java -Daether.dependencyCollector.impl=bf 
java_command: c:\Users\Istiaque\.vscode\extensions\redhat.java-1.50.0-win32-x64\server\plugins\org.eclipse.equinox.launcher_1.7.100.v20251111-0406.jar -configuration c:\Users\Istiaque\AppData\Roaming\Code\User\globalStorage\redhat.java\1.50.0\config_win -data c:\Users\Istiaque\AppData\Roaming\Code\User\workspaceStorage\45f10d8c7106ae169f19e5a6df158cab\redhat.java\jdt_ws --pipe=\\.\pipe\lsp-a1402a5157f9e22f30fa3c6b912eb98b-sock
java_class_path (initial): c:\Users\Istiaque\.vscode\extensions\redhat.java-1.50.0-win32-x64\server\plugins\org.eclipse.equinox.launcher_1.7.100.v20251111-0406.jar
Launcher Type: SUN_STANDARD

[Global flags]
    uintx AdaptiveSizePolicyWeight                 = 90                                        {product} {command line}
     intx CICompilerCount                          = 4                                         {product} {ergonomic}
    uintx GCTimeRatio                              = 4                                         {product} {command line}
     bool HeapDumpOnOutOfMemoryError               = true                                   {manageable} {command line}
    ccstr HeapDumpPath                             = c:\Users\Istiaque\AppData\Roaming\Code\User\workspaceStorage\45f10d8c7106ae169f19e5a6df158cab\redhat.java         {manageable} {command line}
   size_t InitialHeapSize                          = 104857600                                 {product} {command line}
   size_t MaxHeapSize                              = 2147483648                                {product} {command line}
   size_t MaxNewSize                               = 715653120                                 {product} {ergonomic}
   size_t MinHeapDeltaBytes                        = 524288                                    {product} {ergonomic}
   size_t MinHeapSize                              = 104857600                                 {product} {command line}
   size_t NewSize                                  = 34603008                                  {product} {ergonomic}
    uintx NonNMethodCodeHeapSize                   = 5839372                                {pd product} {ergonomic}
    uintx NonProfiledCodeHeapSize                  = 122909434                              {pd product} {ergonomic}
   size_t OldSize                                  = 70254592                                  {product} {ergonomic}
    uintx ProfiledCodeHeapSize                     = 122909434                              {pd product} {ergonomic}
    uintx ReservedCodeCacheSize                    = 251658240                              {pd product} {ergonomic}
     bool SegmentedCodeCache                       = true                                      {product} {ergonomic}
   size_t SoftMaxHeapSize                          = 2147483648                             {manageable} {ergonomic}
     bool UseCompressedOops                        = true                           {product lp64_product} {ergonomic}
     bool UseLargePagesIndividualAllocation        = false                                  {pd product} {ergonomic}
     bool UseParallelGC                            = true                                      {product} {command line}

Logging:
Log output configuration:
 #0: stdout all=off uptime,level,tags foldmultilines=false
 #1: stderr all=off uptime,level,tags foldmultilines=false

Release file:
JAVA_VERSION="21.0.9" 
MODULES="java.base java.compiler java.datatransfer java.xml java.prefs java.desktop java.instrument java.logging java.management java.security.sasl java.naming java.rmi java.management.rmi java.net.http java.scripting java.security.jgss java.transaction.xa java.sql java.sql.rowset java.xml.crypto java.se java.smartcardio jdk.accessibility jdk.internal.jvmstat jdk.attach jdk.charsets jdk.internal.opt jdk.zipfs jdk.compiler jdk.crypto.ec jdk.crypto.cryptoki jdk.crypto.mscapi jdk.dynalink jdk.internal.ed jdk.editpad jdk.hotspot.agent jdk.httpserver jdk.internal.le jdk.internal.vm.ci jdk.internal.vm.compiler jdk.internal.vm.compiler.management jdk.jartool jdk.javadoc jdk.jcmd jdk.management jdk.management.agent jdk.jconsole jdk.jdeps jdk.jdwp.agent jdk.jdi jdk.jfr jdk.jshell jdk.jsobject jdk.jstatd jdk.localedata jdk.management.jfr jdk.naming.dns jdk.naming.rmi jdk.net jdk.nio.mapmode jdk.random jdk.sctp jdk.security.auth jdk.security.jgss jdk.unsupported jdk.unsupported.desktop jdk.xml.dom" 

Environment Variables:
PATH=C:\Program Files\Common Files\Oracle\Java\javapath;C:\WINDOWS\system32;C:\WINDOWS;C:\WINDOWS\System32\Wbem;C:\WINDOWS\System32\WindowsPowerShell\v1.0\;C:\WINDOWS\System32\OpenSSH\;C:\Program Files\Git\cmd;C:\Program Files\Docker\Docker\resources\bin;%MAVEN_HOME%\bin;X:\Projects\apache-maven-3.9.11\bin;C:\Users\Istiaque\AppData\Local\Programs\Python\Python313\Scripts\;C:\Users\Istiaque\AppData\Local\Programs\Python\Python313\;C:\Users\Istiaque\AppData\Local\Programs\Python\Launcher\;C:\Users\Istiaque\AppData\Local\Microsoft\WindowsApps;C:\Users\Istiaque\AppData\Local\Programs\Microsoft VS Code\bin
USERNAME=Istiaque
OS=Windows_NT
PROCESSOR_IDENTIFIER=Intel64 Family 6 Model 154 Stepping 4, GenuineIntel
TMP=C:\Users\Istiaque\AppData\Local\Temp
TEMP=C:\Users\Istiaque\AppData\Local\Temp




Periodic native trim disabled

---------------  S Y S T E M  ---------------

OS:
 Windows 11 , 64 bit Build 26100 (10.0.26100.7019)
OS uptime: 0 days 2:51 hours
Hyper-V role detected

CPU: total 12 (initial active 12) (6 cores per cpu, 2 threads per core) family 6 model 154 stepping 4 microcode 0x42c, cx8, cmov, fxsr, ht, mmx, 3dnowpref, sse, sse2, sse3, ssse3, sse4.1, sse4.2, popcnt, lzcnt, tsc, tscinvbit, avx, avx2, aes, erms, clmul, bmi1, bmi2, adx, sha, fma, vzeroupper, clflush, clflushopt, clwb, hv, serialize, rdtscp, rdpid, fsrm, f16c, cet_ibt, cet_ss
Processor Information for processor 0
  Max Mhz: 1300, Current Mhz: 1300, Mhz Limit: 1300
Processor Information for processor 1
  Max Mhz: 1300, Current Mhz: 1300, Mhz Limit: 1300
Processor Information for processor 2
  Max Mhz: 1300, Current Mhz: 1300, Mhz Limit: 1300
Processor Information for processor 3
  Max Mhz: 1300, Current Mhz: 1300, Mhz Limit: 1300
Processor Information for processor 4
  Max Mhz: 1300, Current Mhz: 900, Mhz Limit: 897
Processor Information for processor 5
  Max Mhz: 1300, Current Mhz: 900, Mhz Limit: 897
Processor Information for processor 6
  Max Mhz: 1300, Current Mhz: 900, Mhz Limit: 897
Processor Information for processor 7
  Max Mhz: 1300, Current Mhz: 900, Mhz Limit: 897
Processor Information for processor 8
  Max Mhz: 1300, Current Mhz: 900, Mhz Limit: 897
Processor Information for processor 9
  Max Mhz: 1300, Current Mhz: 900, Mhz Limit: 897
Processor Information for processor 10
  Max Mhz: 1300, Current Mhz: 900, Mhz Limit: 897
Processor Information for processor 11
  Max Mhz: 1300, Current Mhz: 900, Mhz Limit: 897

Memory: 4k page, system-wide physical 7863M (478M free)
TotalPageFile size 14391M (AvailPageFile size 9M)
current process WorkingSet (physical memory assigned to process): 244M, peak: 274M
current process commit charge ("private bytes"): 346M, peak: 375M

vm_info: OpenJDK 64-Bit Server VM (21.0.9+10-LTS) for windows-amd64 JRE (21.0.9+10-LTS), built on 2025-10-21T00:00:00Z by "admin" with unknown MS VC++:1942

END.
